finding all records with coordinate data for: /Users/gaurav/Documents/Work/Projects/DataMining/data/gardenhose.2012-11-03.gz
1000/73189: 4
2000/155499: 10
3000/239260: 15
4000/322634: 20
5000/406870: 26
6000/488541: 31
7000/557043: 35
8000/644879: 41
9000/730824: 47
10000/813678: 52
11000/897918: 58
12000/970184: 62
13000/1039843: 67
14000/1123062: 72
15000/1202493: 77
16000/1280210: 82
17000/1361703: 88
18000/1419009: 91
19000/1500803: 97
20000/1583800: 102
21000/1665882: 107
22000/1746832: 113
23000/1828531: 118
24000/1894584: 122
25000/1974016: 127
26000/2058137: 133
27000/2135505: 138
28000/2217604: 143
29000/2277836: 147
30000/2359484: 152
31000/2436683: 157
32000/2516272: 162
33000/2594713: 167
34000/2642380: 170
35000/2724923: 176
36000/2801386: 181
37000/2884570: 186
38000/2962677: 191
39000/3027404: 195
40000/3099741: 200
41000/3177737: 205
42000/3255365: 210
43000/3322268: 214
44000/3396043: 219
45000/3474392: 224
46000/3552145: 229
47000/3630740: 234
48000/3700349: 238
49000/3783333: 243
50000/3860028: 250
51000/3932692: 255
52000/4000595: 259
53000/4074144: 263
54000/4155149: 269
55000/4233173: 274
56000/4293105: 278
57000/4366383: 282
58000/4438307: 287
59000/4516016: 292
60000/4585158: 296
61000/4665813: 302
62000/4749885: 307
63000/4830212: 312
64000/4899144: 317
65000/4970832: 321
66000/5053052: 327
67000/5131131: 332
68000/5202336: 336
69000/5283326: 342
70000/5363609: 347
71000/5442690: 352
72000/5511825: 357
73000/5592028: 362
74000/5665925: 367
75000/5746479: 372
76000/5809758: 376
77000/5889266: 382
78000/5968629: 387
79000/6046874: 392
80000/6121747: 397
81000/6207484: 402
82000/6288965: 408
83000/6369371: 413
84000/6449085: 418
85000/6527377: 424
86000/6605473: 429
87000/6688758: 435
88000/6771163: 440
89000/6854434: 446
90000/6937712: 451
91000/7019781: 457
92000/7100019: 462
93000/7180366: 467
94000/7260786: 473
95000/7343370: 478
96000/7428600: 484
97000/7510515: 489
98000/7591714: 495
99000/7669894: 501
100000/7750222: 506
101000/7831658: 512
102000/7914056: 517
103000/7995500: 523
104000/8078933: 528
105000/8155729: 534
106000/8236822: 539
107000/8318880: 544
108000/8393312: 549
109000/8470245: 555
110000/8550457: 560
111000/8632793: 565
112000/8717982: 571
113000/8802896: 577
114000/8886425: 582
115000/8964973: 588
116000/9044705: 593
117000/9127017: 598
118000/9211117: 604
119000/9296600: 610
120000/9380499: 615
121000/9462520: 621
122000/9550989: 627
123000/9633617: 632
124000/9715458: 637
125000/9799075: 643
126000/9878222: 648
127000/9959294: 654
128000/10041012: 659
129000/10125608: 665
130000/10206747: 670
131000/10293481: 676
132000/10375098: 682
133000/10460635: 687
134000/10538112: 693
135000/10621193: 698
136000/10705172: 704
137000/10793566: 710
138000/10874467: 715
139000/10957680: 721
140000/11035020: 726
141000/11114143: 731
142000/11201904: 737
143000/11289366: 743
144000/11378720: 749
145000/11467711: 755
146000/11554206: 760
147000/11629208: 765
148000/11705849: 770
149000/11782390: 776
150000/11861241: 781
151000/11942663: 786
152000/12022211: 792
153000/12108732: 797
154000/12198591: 803
155000/12270693: 808
156000/12351043: 814
157000/12432913: 819
158000/12509965: 824
159000/12597964: 830
160000/12680155: 835
161000/12766539: 841
162000/12848794: 847
163000/12918858: 851
164000/13004802: 857
165000/13083597: 862
166000/13170401: 868
167000/13254497: 873
168000/13341149: 879
169000/13422438: 885
170000/13510295: 890
171000/13583957: 895
172000/13670804: 901
173000/13757318: 907
174000/13832732: 912
175000/13921700: 918
176000/14003590: 924
177000/14091123: 929
178000/14170965: 935
179000/14244334: 939
180000/14332824: 945
181000/14424290: 951
182000/14508002: 957
183000/14591916: 962
184000/14673349: 968
185000/14756947: 973
186000/14836301: 978
187000/14904592: 983
188000/14990027: 989
189000/15075160: 994
190000/15153484: 999
191000/15235159: 1005
192000/15323168: 1011
193000/15410241: 1016
194000/15496614: 1022
195000/15567294: 1027
196000/15654487: 1033
197000/15740768: 1038
198000/15823961: 1044
199000/15892995: 1048
200000/15979444: 1054
201000/16065145: 1060
202000/16149797: 1065
203000/16236199: 1071
204000/16321578: 1077
205000/16392936: 1082
206000/16481652: 1088
207000/16567971: 1093
208000/16650339: 1099
209000/16729225: 1104
210000/16815642: 1110
211000/16903524: 1116
212000/16987519: 1121
213000/17050901: 1126
214000/17132416: 1131
215000/17213981: 1137
216000/17292138: 1142
217000/17374839: 1147
218000/17457890: 1153
219000/17539058: 1158
220000/17622688: 1164
221000/17701101: 1169
222000/17771083: 1174
223000/17853529: 1179
224000/17933205: 1184
225000/18008280: 1189
226000/18092862: 1195
227000/18171853: 1200
228000/18250944: 1205
229000/18337011: 1211
230000/18410725: 1216
231000/18487718: 1221
232000/18567091: 1226
233000/18644214: 1231
234000/18723013: 1237
235000/18811317: 1242
236000/18893659: 1248
237000/18971209: 1253
238000/19044523: 1258
239000/19114889: 1262
240000/19197689: 1268
241000/19269279: 1273
242000/19353642: 1278
243000/19432326: 1283
244000/19511664: 1288
245000/19588621: 1293
246000/19665870: 1299
247000/19745145: 1304
248000/19811628: 1308
249000/19886975: 1313
250000/19966300: 1319
251000/20041296: 1324
252000/20122891: 1329
253000/20192578: 1334
254000/20271108: 1339
255000/20350942: 1344
256000/20426234: 1349
257000/20497913: 1354
258000/20569685: 1358
259000/20641717: 1363
260000/20723256: 1368
261000/20802182: 1374
262000/20875912: 1378
263000/20951611: 1383
264000/21028323: 1388
265000/21106298: 1393
266000/21178856: 1398
267000/21242837: 1402
268000/21321005: 1407
269000/21394062: 1412
270000/21463654: 1417
271000/21537655: 1421
272000/21608536: 1426
273000/21680287: 1431
274000/21749110: 1435
275000/21822582: 1440
276000/21895829: 1445
277000/21966163: 1449
278000/22043564: 1454
279000/22121290: 1459
280000/22196409: 1464
281000/22269462: 1468
282000/22346827: 1473
283000/22418873: 1478
284000/22494160: 1483
285000/22570230: 1488
286000/22642524: 1492
287000/22714267: 1497
288000/22788896: 1502
289000/22860303: 1507
290000/22932462: 1511
291000/23006776: 1516
292000/23075805: 1521
293000/23145884: 1525
294000/23216094: 1530
295000/23289428: 1535
296000/23360683: 1539
297000/23428254: 1543
298000/23500991: 1548
299000/23570814: 1553
300000/23644999: 1557
301000/23719932: 1562
302000/23796313: 1567
303000/23867622: 1572
304000/23941319: 1576
305000/24017156: 1581
306000/24086206: 1585
307000/24156069: 1590
308000/24229560: 1595
309000/24303439: 1600
310000/24376604: 1604
311000/24445477: 1609
312000/24516271: 1613
313000/24587466: 1618
314000/24655363: 1622
315000/24725111: 1627
316000/24797085: 1632
317000/24868934: 1636
318000/24942292: 1641
319000/25010941: 1646
320000/25083346: 1650
321000/25155347: 1655
322000/25234051: 1660
323000/25302925: 1665
324000/25370660: 1669
325000/25437177: 1673
326000/25503369: 1678
327000/25570947: 1682
328000/25638496: 1687
329000/25707745: 1691
330000/25775224: 1696
331000/25842427: 1700
332000/25910217: 1704
333000/25972739: 1709
334000/26038405: 1713
335000/26103761: 1717
336000/26173764: 1722
337000/26243970: 1726
338000/26317678: 1731
339000/26384871: 1735
340000/26455589: 1740
341000/26526467: 1745
342000/26599851: 1750
343000/26673444: 1757
344000/26743281: 1764
345000/26815014: 1771
346000/26884868: 1776
347000/26954778: 1782
348000/27022902: 1786
349000/27089316: 1791
350000/27159009: 1795
351000/27228252: 1800
352000/27300316: 1804
353000/27373958: 1809
354000/27447609: 1814
355000/27520559: 1819
356000/27593800: 1824
357000/27662536: 1828
358000/27735799: 1833
359000/27806317: 1837
360000/27871537: 1842
361000/27940398: 1846
362000/28010580: 1851
363000/28080735: 1855
364000/28147655: 1860
365000/28221218: 1865
366000/28288650: 1869
367000/28361636: 1874
368000/28432678: 1879
369000/28509746: 1883
370000/28589322: 1888
371000/28671252: 1893
372000/28752326: 1897
373000/28831533: 1902
374000/28906930: 1907
375000/28979099: 1911
376000/29044190: 1916
377000/29116098: 1920
378000/29188746: 1925
379000/29257662: 1930
380000/29329220: 1934
381000/29396342: 1939
382000/29467093: 1943
383000/29537654: 1948
384000/29608465: 1953
385000/29679743: 1957
386000/29751250: 1962
387000/29821829: 1967
388000/29895045: 1971
389000/29964166: 1976
390000/30035511: 1981
391000/30108270: 1985
392000/30179825: 1990
393000/30249765: 1994
394000/30321561: 1999
395000/30393282: 2004
396000/30467233: 2009
397000/30538903: 2013
398000/30613328: 2018
399000/30689480: 2023
400000/30762560: 2028
401000/30838256: 2033
402000/30909352: 2037
403000/30985047: 2042
404000/31057561: 2047
405000/31129547: 2052
406000/31206087: 2057
407000/31279506: 2062
408000/31354109: 2067
409000/31425073: 2071
410000/31501318: 2076
411000/31579048: 2081
412000/31652830: 2086
413000/31728828: 2091
414000/31803588: 2096
415000/31876940: 2101
416000/31955262: 2106
417000/32029524: 2111
418000/32104032: 2115
419000/32180084: 2120
420000/32251826: 2125
421000/32325199: 2130
422000/32400071: 2135
423000/32477688: 2140
424000/32550664: 2144
425000/32625716: 2149
426000/32701711: 2154
427000/32776860: 2159
428000/32856919: 2164
429000/32932601: 2169
430000/33009089: 2174
431000/33083917: 2179
432000/33152351: 2183
433000/33225327: 2188
434000/33299523: 2193
435000/33376833: 2198
436000/33452635: 2203
437000/33526380: 2208
438000/33600626: 2212
439000/33676819: 2217
440000/33750778: 2222
441000/33829058: 2227
442000/33907231: 2232
443000/33979215: 2237
444000/34054366: 2242
445000/34130616: 2247
446000/34209905: 2252
447000/34283585: 2257
448000/34357341: 2262
449000/34436099: 2267
450000/34510511: 2271
451000/34586428: 2276
452000/34642281: 2280
453000/34721454: 2285
454000/34798810: 2290
455000/34875445: 2295
456000/34951060: 2300
457000/35024878: 2305
458000/35100186: 2310
459000/35173216: 2314
460000/35251464: 2319
461000/35317865: 2324
462000/35378969: 2328
463000/35453713: 2332
464000/35530316: 2337
465000/35608423: 2343
466000/35683566: 2347
467000/35759887: 2352
468000/35835787: 2357
469000/35908054: 2362
470000/35991654: 2367
471000/36063377: 2372
472000/36136746: 2377
473000/36211570: 2382
474000/36286739: 2386
475000/36358021: 2391
476000/36433625: 2396
477000/36512855: 2401
478000/36590107: 2406
479000/36664465: 2411
480000/36744883: 2416
481000/36822168: 2421
482000/36893832: 2426
483000/36970781: 2431
484000/37052301: 2436
485000/37134134: 2441
486000/37201760: 2446
487000/37277310: 2451
488000/37354908: 2456
489000/37433526: 2461
490000/37510000: 2466
491000/37585639: 2471
492000/37660663: 2476
493000/37739436: 2481
494000/37810018: 2485
495000/37887498: 2490
496000/37967969: 2496
497000/38050270: 2501
498000/38123921: 2506
499000/38200786: 2511
500000/38281584: 2516
501000/38352628: 2521
502000/38430202: 2526
503000/38509384: 2531
504000/38584042: 2536
505000/38656647: 2540
506000/38739382: 2546
507000/38815368: 2551
508000/38899095: 2556
509000/38977311: 2561
510000/39046307: 2566
511000/39123706: 2571
512000/39192940: 2575
513000/39268915: 2580
514000/39349182: 2586
515000/39426978: 2591
516000/39509653: 2597
517000/39594594: 2602
518000/39650509: 2606
519000/39728617: 2611
520000/39803974: 2616
521000/39882112: 2621
522000/39959010: 2626
523000/40038213: 2631
524000/40115305: 2636
525000/40184980: 2641
526000/40266350: 2646
527000/40345396: 2651
528000/40416016: 2656
529000/40496869: 2661
530000/40575113: 2666
531000/40652963: 2671
532000/40721464: 2676
533000/40802446: 2681
534000/40877918: 2686
535000/40945923: 2691
536000/41017281: 2695
537000/41092321: 2700
538000/41165443: 2705
539000/41239339: 2710
540000/41314924: 2715
541000/41392367: 2720
File Stats for: /Users/gaurav/Documents/Work/Projects/DataMining/data/gardenhose.2012-11-03.gz
Total time taken: 2720
Total number of lines found = 41460000
Total number of lines With Coordinates = 541883
finding all records with coordinate data for: /Users/gaurav/Documents/Work/Projects/DataMining/data/gardenhose.2012-11-04.gz
1000/78601: 5
2000/145700: 9
3000/221979: 14
4000/300622: 19
5000/375266: 24
6000/453782: 29
7000/529047: 34
8000/609090: 39
9000/689718: 45
10000/764737: 50
11000/845328: 55
12000/932821: 61
13000/1013049: 66
14000/1092529: 71
15000/1172566: 76
16000/1254094: 82
17000/1330448: 87
18000/1408185: 92
19000/1485182: 97
20000/1563395: 102
21000/1646002: 107
22000/1728022: 112
23000/1810091: 118
24000/1894719: 123
25000/1971392: 128
26000/2048497: 133
27000/2126418: 138
28000/2207581: 144
29000/2286178: 149
30000/2366791: 154
31000/2447092: 159
32000/2528505: 164
33000/2601119: 169
34000/2680085: 174
35000/2766778: 180
36000/2844184: 185
37000/2923933: 190
38000/2999916: 195
39000/3080042: 200
40000/3162925: 205
41000/3241839: 210
42000/3319949: 215
43000/3397579: 220
44000/3476493: 226
45000/3557168: 231
46000/3634851: 236
47000/3714420: 241
48000/3792260: 246
49000/3873280: 251
50000/3953282: 256
51000/4037544: 262
52000/4118553: 267
53000/4193141: 272
54000/4273787: 277
55000/4349737: 282
56000/4427537: 287
57000/4503915: 292
58000/4584768: 297
59000/4667509: 303
60000/4743434: 308
61000/4823014: 313
62000/4900003: 318
63000/4986663: 323
64000/5072077: 329
65000/5159341: 334
66000/5241247: 340
67000/5325114: 345
68000/5409254: 351
69000/5488240: 356
70000/5570707: 361
71000/5654354: 367
72000/5737349: 372
73000/5817143: 377
74000/5902130: 383
75000/5985081: 388
76000/6068235: 393
77000/6153904: 399
78000/6244263: 405
79000/6331213: 411
80000/6419580: 416
81000/6504620: 422
82000/6586816: 427
83000/6672133: 433
84000/6759035: 439
85000/6850900: 445
86000/6938301: 450
87000/7021907: 456
88000/7112819: 462
89000/7200126: 468
90000/7284931: 473
91000/7368902: 479
92000/7453924: 484
93000/7536755: 490
94000/7623701: 496
95000/7705083: 501
96000/7788768: 507
97000/7875146: 512
98000/7961374: 518
99000/8045673: 524
100000/8134425: 529
101000/8214803: 535
102000/8300096: 540
103000/8384681: 546
104000/8469786: 552
105000/8556783: 557
106000/8640165: 563
107000/8725377: 569
108000/8817001: 575
109000/8902095: 580
110000/8981559: 586
111000/9066043: 591
112000/9146872: 597
113000/9229268: 602
114000/9312096: 608
115000/9397256: 613
116000/9485465: 619
117000/9569094: 625
118000/9650345: 630
119000/9732801: 636
120000/9819621: 642
121000/9905129: 647
122000/9989225: 653
123000/10075678: 659
124000/10164828: 665
125000/10252826: 671
126000/10340439: 677
127000/10420080: 682
128000/10503884: 688
129000/10592091: 694
130000/10669811: 699
131000/10759419: 705
132000/10853575: 711
133000/10940130: 717
134000/11026940: 723
135000/11111599: 729
136000/11196488: 734
137000/11282241: 740
138000/11366409: 746
139000/11452761: 751
140000/11535992: 757
141000/11623414: 763
142000/11709373: 769
143000/11790968: 774
144000/11880803: 780
145000/11967745: 786
146000/12054054: 792
147000/12143975: 798
148000/12232260: 803
149000/12318245: 809
150000/12405230: 815
151000/12492847: 821
152000/12582037: 826
153000/12667304: 832
154000/12749599: 838
155000/12833141: 843
156000/12919828: 849
157000/13006095: 855
158000/13094350: 861
159000/13181521: 867
160000/13257476: 872
161000/13349096: 878
162000/13441681: 884
163000/13529706: 890
164000/13617737: 896
165000/13706708: 902
166000/13794798: 908
167000/13882212: 913
168000/13969205: 919
169000/14053657: 925
170000/14136418: 930
171000/14217985: 936
172000/14299863: 941
173000/14382213: 947
174000/14465023: 952
175000/14545716: 958
176000/14637883: 964
177000/14723365: 970
178000/14805041: 975
179000/14891936: 981
180000/14981454: 987
181000/15062958: 993
182000/15147246: 998
183000/15234532: 1004
184000/15316930: 1010
185000/15394436: 1015
186000/15475495: 1020
187000/15559683: 1026
188000/15644161: 1031
189000/15729007: 1037
190000/15813197: 1043
191000/15898380: 1048
192000/15984337: 1054
193000/16069135: 1060
194000/16151514: 1065
195000/16235391: 1071
196000/16317852: 1076
197000/16404475: 1082
198000/16490434: 1088
199000/16575902: 1094
200000/16654771: 1099
201000/16739671: 1104
202000/16820063: 1110
203000/16913340: 1116
204000/17004854: 1122
205000/17094874: 1128
206000/17175666: 1134
207000/17262280: 1139
208000/17350667: 1145
209000/17437367: 1151
210000/17521803: 1156
211000/17605944: 1162
212000/17691037: 1168
213000/17770943: 1173
214000/17853785: 1179
215000/17935409: 1184
216000/18022245: 1190
217000/18112105: 1196
218000/18191384: 1201
219000/18276696: 1207
220000/18354940: 1212
221000/18438329: 1217
222000/18520469: 1223
223000/18604791: 1228
224000/18685048: 1234
225000/18764349: 1239
226000/18844425: 1244
227000/18925918: 1250
228000/19004626: 1255
229000/19078034: 1260
230000/19160927: 1265
231000/19238500: 1271
232000/19322486: 1276
233000/19399705: 1281
234000/19478192: 1286
235000/19552363: 1292
236000/19628817: 1297
237000/19704025: 1302
238000/19777442: 1306
239000/19854708: 1311
240000/19926790: 1316
241000/20001491: 1321
242000/20084859: 1327
243000/20158679: 1332
244000/20235030: 1337
245000/20312799: 1342
246000/20390999: 1347
247000/20468667: 1352
248000/20542269: 1357
249000/20615965: 1362
250000/20685212: 1366
251000/20759441: 1371
252000/20832645: 1376
253000/20909942: 1381
254000/20985248: 1386
255000/21063149: 1391
256000/21135648: 1396
257000/21209748: 1401
258000/21289058: 1406
259000/21363509: 1411
260000/21441054: 1416
261000/21509856: 1421
262000/21582799: 1425
263000/21653845: 1430
264000/21727871: 1435
265000/21798785: 1439
266000/21872578: 1444
267000/21947190: 1449
268000/22019145: 1454
269000/22089474: 1459
270000/22161683: 1464
271000/22233165: 1468
272000/22305846: 1473
273000/22377043: 1478
274000/22453169: 1483
275000/22525396: 1487
276000/22598813: 1492
277000/22669806: 1497
278000/22737674: 1501
279000/22808075: 1506
280000/22881661: 1511
281000/22953138: 1515
282000/23024385: 1520
283000/23099194: 1525
284000/23173865: 1530
285000/23250970: 1535
286000/23325267: 1540
287000/23399240: 1544
288000/23469636: 1549
289000/23541035: 1553
290000/23614101: 1558
291000/23689198: 1563
292000/23761513: 1568
293000/23836603: 1573
294000/23907558: 1577
295000/23980291: 1582
296000/24054065: 1587
297000/24126275: 1591
298000/24202782: 1596
299000/24274688: 1601
300000/24349920: 1606
301000/24426815: 1611
302000/24499045: 1615
303000/24570095: 1620
304000/24642693: 1625
305000/24713541: 1629
306000/24786761: 1635
307000/24857536: 1640
308000/24929876: 1644
309000/25003467: 1649
310000/25074603: 1654
311000/25143585: 1658
312000/25213621: 1663
313000/25282014: 1667
314000/25356126: 1672
315000/25422415: 1676
316000/25490483: 1681
317000/25560892: 1686
318000/25632440: 1690
319000/25703814: 1695
320000/25778487: 1700
321000/25854282: 1705
322000/25924452: 1709
323000/25991279: 1713
324000/26063220: 1718
325000/26131588: 1723
326000/26204969: 1727
327000/26278710: 1732
328000/26350365: 1737
329000/26421503: 1742
330000/26497527: 1747
331000/26568389: 1751
332000/26640213: 1756
333000/26713235: 1761
334000/26786733: 1765
335000/26859525: 1770
336000/26936992: 1775
337000/27008950: 1780
338000/27084211: 1785
339000/27155880: 1789
340000/27229235: 1794
341000/27300434: 1799
342000/27372953: 1803
343000/27447479: 1808
344000/27523205: 1813
345000/27592484: 1818
346000/27661629: 1822
347000/27729893: 1826
348000/27797399: 1831
349000/27867512: 1835
350000/27935852: 1840
351000/28006172: 1844
352000/28076037: 1849
353000/28147657: 1854
354000/28215953: 1858
355000/28286026: 1862
356000/28354495: 1867
357000/28425285: 1871
358000/28495696: 1876
359000/28570605: 1881
360000/28642217: 1886
361000/28712804: 1890
362000/28783110: 1894
363000/28858510: 1899
364000/28933780: 1904
365000/29006314: 1909
366000/29082707: 1914
367000/29152397: 1918
368000/29230336: 1923
369000/29299823: 1927
370000/29369489: 1931
371000/29437939: 1935
372000/29513335: 1940
373000/29587112: 1944
374000/29660320: 1949
375000/29734331: 1954
376000/29805357: 1958
377000/29877411: 1963
378000/29950178: 1967
379000/30022588: 1972
380000/30095827: 1977
381000/30166347: 1981
382000/30240779: 1986
383000/30316424: 1991
384000/30391188: 1995
385000/30460936: 2000
386000/30531561: 2004
387000/30598638: 2009
388000/30669611: 2013
389000/30744300: 2018
390000/30819375: 2023
391000/30892030: 2028
392000/30960882: 2032
393000/31035535: 2037
394000/31108756: 2042
395000/31184279: 2047
396000/31256484: 2052
397000/31326360: 2056
398000/31396881: 2061
399000/31471839: 2066
400000/31544975: 2071
401000/31617377: 2075
402000/31695449: 2080
403000/31773643: 2085
404000/31850990: 2090
405000/31923863: 2095
406000/31991647: 2099
407000/32064714: 2104
408000/32138131: 2109
409000/32212033: 2114
410000/32290147: 2119
411000/32365957: 2123
412000/32441857: 2128
413000/32518215: 2133
414000/32596571: 2138
415000/32674727: 2143
416000/32752239: 2148
417000/32823464: 2153
418000/32902266: 2158
419000/32978197: 2163
420000/33059196: 2168
421000/33137066: 2173
422000/33217752: 2178
423000/33295849: 2183
424000/33372860: 2188
425000/33448109: 2193
426000/33520660: 2198
427000/33594311: 2203
428000/33668562: 2208
429000/33739041: 2212
430000/33810826: 2217
431000/33888156: 2222
432000/33967821: 2227
433000/34047784: 2232
434000/34129030: 2238
435000/34205374: 2243
436000/34283117: 2248
437000/34361040: 2253
438000/34437736: 2258
439000/34513718: 2263
440000/34584813: 2267
441000/34657694: 2272
442000/34733386: 2277
443000/34813726: 2282
444000/34889335: 2287
445000/34968235: 2292
446000/35046903: 2297
447000/35130811: 2303
448000/35211569: 2310
449000/35292104: 2318
450000/35368096: 2325
451000/35444238: 2331
452000/35525803: 2338
453000/35602847: 2342
454000/35675488: 2347
455000/35750032: 2352
456000/35829414: 2357
457000/35909090: 2362
458000/35988138: 2367
459000/36064948: 2372
460000/36142303: 2377
461000/36221745: 2382
462000/36298714: 2387
463000/36381352: 2392
464000/36458393: 2397
465000/36537659: 2402
466000/36614902: 2407
467000/36693016: 2412
468000/36775225: 2417
469000/36859372: 2422
470000/36939978: 2427
471000/37020357: 2432
472000/37101445: 2437
473000/37187189: 2443
474000/37264988: 2448
475000/37345944: 2453
476000/37429487: 2458
477000/37509764: 2463
478000/37592716: 2469
479000/37672959: 2474
480000/37757601: 2479
481000/37838763: 2484
482000/37920853: 2489
483000/38003163: 2494
484000/38081446: 2499
485000/38161952: 2504
486000/38243684: 2510
487000/38322493: 2515
488000/38406305: 2520
489000/38489363: 2526
490000/38569971: 2531
491000/38644512: 2536
492000/38723411: 2541
493000/38804157: 2546
494000/38883664: 2551
495000/38970185: 2557
496000/39048828: 2562
497000/39130604: 2568
498000/39205709: 2573
499000/39279148: 2577
500000/39358210: 2583
501000/39438836: 2588
502000/39516691: 2593
503000/39594464: 2598
504000/39679070: 2604
505000/39758836: 2609
506000/39837767: 2614
507000/39913847: 2619
508000/39992397: 2624
509000/40072207: 2629
510000/40150993: 2634
511000/40227773: 2639
512000/40303007: 2644
513000/40380575: 2649
514000/40458157: 2654
515000/40536559: 2659
516000/40616248: 2665
517000/40694971: 2670
518000/40774272: 2675
519000/40849442: 2680
520000/40928807: 2685
521000/41008701: 2690
522000/41092488: 2696
523000/41173665: 2701
524000/41250273: 2706
525000/41329182: 2711
526000/41410142: 2716
527000/41493701: 2722
528000/41565414: 2726
529000/41643359: 2732
530000/41724085: 2737
531000/41805548: 2742
532000/41882359: 2747
533000/41958316: 2752
534000/42036165: 2757
535000/42109566: 2762
536000/42186665: 2767
537000/42267571: 2772
538000/42347672: 2778
539000/42428110: 2783
540000/42510626: 2788
541000/42594321: 2794
542000/42679108: 2799
543000/42756074: 2805
544000/42838245: 2810
545000/42917102: 2815
546000/42997136: 2820
547000/43077065: 2825
548000/43151591: 2830
549000/43230286: 2835
550000/43309719: 2841
551000/43394099: 2846
552000/43475700: 2852
553000/43558074: 2857
554000/43639623: 2862
555000/43719601: 2868
556000/43802858: 2873
557000/43888102: 2879
558000/43968469: 2884
559000/44047470: 2889
560000/44130933: 2895
561000/44216769: 2900
562000/44297220: 2906
563000/44376355: 2911
564000/44455709: 2916
565000/44538202: 2921
566000/44618053: 2927
567000/44696200: 2932
568000/44773569: 2937
569000/44851246: 2942
570000/44930944: 2947
571000/45011645: 2952
572000/45086620: 2957
573000/45164310: 2962
574000/45245346: 2967
575000/45321156: 2972
576000/45401774: 2978
577000/45480282: 2983
578000/45558891: 2988
579000/45635546: 2993
580000/45710503: 2998
581000/45789497: 3003
582000/45867686: 3008
583000/45941372: 3013
File Stats for: /Users/gaurav/Documents/Work/Projects/DataMining/data/gardenhose.2012-11-04.gz
Total time taken: 3013
Total number of lines found = 45951000
Total number of lines With Coordinates = 583108
