finding all records with location delhi or new york data for: /Users/gaurav/Documents/Work/Projects/DataMining/data/gardenhose.2012-11-07.gz
100000/104525: 9
200000/209362: 19
300000/313927: 29
400000/418853: 38
500000/524415: 48
600000/629287: 57
700000/734360: 67
800000/839505: 76
900000/944630: 87
1000000/1049556: 96
1100000/1154759: 106
1200000/1260011: 115
1300000/1364954: 125
1400000/1470329: 134
1500000/1575846: 144
1600000/1681245: 153
1700000/1786736: 162
1800000/1892179: 172
1900000/1997176: 181
2000000/2102133: 190
2100000/2207024: 200
2200000/2312614: 209
2300000/2418507: 218
2400000/2524195: 228
2500000/2629756: 237
2600000/2735906: 247
2700000/2842512: 256
2800000/2947889: 265
2900000/3052769: 274
3000000/3157589: 283
3100000/3263375: 293
3200000/3368431: 302
3300000/3473175: 311
3400000/3577996: 320
3500000/3683265: 330
3600000/3788730: 339
3700000/3894311: 348
3800000/3999773: 358
3900000/4105550: 367
4000000/4210962: 376
4100000/4316668: 386
4200000/4422244: 395
4300000/4527960: 404
4400000/4633718: 414
4500000/4739434: 423
4600000/4845472: 432
4700000/4951678: 441
4800000/5056837: 452
4900000/5162016: 461
5000000/5267712: 470
5100000/5373457: 479
5200000/5478487: 488
5300000/5583376: 498
5400000/5688179: 507
5500000/5793031: 516
5600000/5897770: 525
5700000/6002701: 535
5800000/6107444: 544
5900000/6212304: 553
6000000/6317428: 562
6100000/6422496: 572
6200000/6527624: 581
6300000/6632390: 590
6400000/6737625: 599
6500000/6842755: 609
6600000/6947944: 618
6700000/7052831: 627
6800000/7157882: 637
6900000/7262634: 646
7000000/7367486: 655
7100000/7472215: 664
7200000/7576918: 674
7300000/7681334: 683
7400000/7786138: 692
7500000/7890960: 701
7600000/7995727: 711
7700000/8100259: 720
7800000/8204779: 729
7900000/8309115: 739
8000000/8413832: 748
8100000/8518439: 757
8200000/8623520: 766
8300000/8727775: 775
8400000/8832073: 785
8500000/8938400: 794
8600000/9043403: 803
8700000/9148018: 812
8800000/9252360: 822
8900000/9356610: 832
9000000/9461026: 842
9100000/9565588: 852
9200000/9669843: 862
9300000/9774684: 872
9400000/9879484: 882
9500000/9984186: 891
9600000/10089133: 901
9700000/10193794: 910
9800000/10298134: 919
9900000/10402754: 929
10000000/10507367: 938
10100000/10611888: 947
10200000/10716256: 957
10300000/10821224: 966
10400000/10925992: 975
10500000/11030211: 984
10600000/11134195: 994
10700000/11238784: 1003
10800000/11343029: 1012
10900000/11447564: 1021
11000000/11551836: 1031
11100000/11655892: 1040
11200000/11760073: 1049
11300000/11864362: 1058
11400000/11968727: 1067
11500000/12073030: 1076
11600000/12177581: 1086
11700000/12281793: 1095
11800000/12386119: 1104
11900000/12490496: 1113
12000000/12595285: 1123
12100000/12700110: 1132
12200000/12804751: 1141
12300000/12909159: 1150
12400000/13014079: 1160
12500000/13118803: 1170
12600000/13223170: 1179
12700000/13327435: 1188
12800000/13431811: 1197
12900000/13536113: 1207
13000000/13641149: 1216
13100000/13745947: 1225
13200000/13850798: 1235
13300000/13955707: 1244
13400000/14060298: 1253
13500000/14164829: 1262
13600000/14269434: 1271
13700000/14373789: 1281
13800000/14478136: 1291
13900000/14582376: 1300
14000000/14686921: 1309
14100000/14791703: 1319
14200000/14896227: 1329
14300000/15000571: 1338
14400000/15104868: 1348
14500000/15209102: 1357
14600000/15313641: 1366
14700000/15417765: 1375
14800000/15522021: 1385
14900000/15626508: 1394
15000000/15731424: 1403
15100000/15836569: 1412
15200000/15941617: 1421
15300000/16046411: 1430
15400000/16151183: 1440
15500000/16256014: 1449
15600000/16361018: 1458
15700000/16465995: 1467
15800000/16571462: 1476
15900000/16676767: 1485
16000000/16781541: 1494
16100000/16886362: 1503
16200000/16991371: 1513
16300000/17096485: 1522
16400000/17201331: 1531
16500000/17306574: 1540
16600000/17411586: 1550
16700000/17516946: 1559
16800000/17621894: 1568
16900000/17727210: 1577
17000000/17832466: 1587
17100000/17937373: 1596
17200000/18042379: 1605
17300000/18147812: 1614
17400000/18253488: 1623
17500000/18359290: 1632
17600000/18464477: 1642
17700000/18569784: 1651
17800000/18674988: 1660
17900000/18780136: 1669
18000000/18885339: 1678
18100000/18990641: 1687
18200000/19096454: 1697
18300000/19202089: 1706
18400000/19307446: 1716
18500000/19412213: 1726
18600000/19517657: 1735
18700000/19623291: 1745
18800000/19729057: 1754
18900000/19834760: 1763
19000000/19940314: 1772
19100000/20047599: 1781
19200000/20153334: 1790
19300000/20258961: 1799
19400000/20364879: 1809
19500000/20472303: 1818
19600000/20578479: 1827
19700000/20684458: 1836
19800000/20791848: 1845
19900000/20900430: 1854
20000000/21008575: 1863
20100000/21115966: 1873
20200000/21223943: 1882
20300000/21332855: 1891
20400000/21440433: 1900
20500000/21547811: 1909
20600000/21654303: 1918
20700000/21760466: 1927
20800000/21866527: 1936
20900000/21972255: 1946
21000000/22078368: 1955
21100000/22184298: 1964
21200000/22291443: 1973
21300000/22397471: 1982
21400000/22503800: 1991
21500000/22610357: 2000
21600000/22716944: 2009
21700000/22823803: 2019
21800000/22930387: 2028
21900000/23037257: 2037
22000000/23148171: 2046
22100000/23258270: 2055
22200000/23364920: 2064
22300000/23471974: 2074
22400000/23578987: 2083
22500000/23685074: 2092
22600000/23791340: 2101
22700000/23897667: 2110
22800000/24004144: 2119
22900000/24111267: 2128
23000000/24218064: 2137
23100000/24324678: 2147
23200000/24430882: 2156
23300000/24537976: 2165
23400000/24644825: 2174
23500000/24751284: 2183
23600000/24857871: 2193
23700000/24964661: 2202
23800000/25071264: 2211
23900000/25177550: 2220
24000000/25284123: 2230
24100000/25390469: 2239
24200000/25497203: 2248
24300000/25603583: 2257
24400000/25709873: 2266
24500000/25817069: 2276
24600000/25923680: 2285
24700000/26030078: 2294
24800000/26138115: 2303
24900000/26245248: 2312
25000000/26351785: 2322
25100000/26457798: 2331
25200000/26563780: 2340
25300000/26670291: 2349
25400000/26776481: 2359
25500000/26882264: 2368
25600000/26988395: 2377
25700000/27094669: 2386
25800000/27200866: 2395
25900000/27306717: 2404
26000000/27412617: 2414
26100000/27518355: 2423
26200000/27624169: 2432
26300000/27729665: 2441
26400000/27835408: 2450
26500000/27941727: 2459
26600000/28048094: 2468
26700000/28154477: 2478
26800000/28262804: 2487
26900000/28373561: 2496
27000000/28485229: 2505
27100000/28596070: 2515
27200000/28706560: 2524
27300000/28817361: 2533
27400000/28928202: 2543
27500000/29039014: 2552
27600000/29148525: 2561
27700000/29257874: 2570
27800000/29366803: 2579
27900000/29475463: 2589
28000000/29583828: 2598
28100000/29691731: 2607
28200000/29799867: 2616
28300000/29907290: 2626
28400000/30014483: 2635
28500000/30121239: 2644
28600000/30228056: 2653
28700000/30334992: 2663
28800000/30441314: 2672
28900000/30547509: 2681
29000000/30653343: 2690
29100000/30759839: 2699
29200000/30866056: 2708
29300000/30972242: 2718
29400000/31078265: 2727
29500000/31184095: 2736
29600000/31289824: 2746
29700000/31396165: 2755
29800000/31502622: 2764
29900000/31608868: 2773
30000000/31715065: 2783
30100000/31821185: 2792
30200000/31928377: 2801
30300000/32034449: 2810
30400000/32140152: 2819
30500000/32245723: 2828
30600000/32351511: 2837
30700000/32457568: 2846
30800000/32563828: 2856
30900000/32669704: 2865
31000000/32775313: 2874
31100000/32880749: 2883
31200000/32986376: 2892
31300000/33091673: 2901
31400000/33197554: 2910
31500000/33305397: 2919
31600000/33412268: 2929
31700000/33519149: 2938
31800000/33625865: 2947
31900000/33732684: 2956
32000000/33839678: 2965
32100000/33946648: 2974
32200000/34054850: 2983
32300000/34162264: 2992
32400000/34269603: 3001
32500000/34377404: 3011
32600000/34484276: 3020
32700000/34591984: 3029
32800000/34699435: 3038
32900000/34806362: 3047
33000000/34913316: 3056
33100000/35020725: 3065
33200000/35127632: 3074
33300000/35234489: 3083
33400000/35349590: 3093
33500000/35461178: 3102
33600000/35569823: 3111
33700000/35676950: 3120
33800000/35783597: 3129
33900000/35890237: 3138
34000000/35997752: 3147
34100000/36105817: 3156
34200000/36214210: 3165
34300000/36321389: 3174
34400000/36428966: 3183
34500000/36539629: 3193
34600000/36651266: 3202
34700000/36762750: 3211
34800000/36874078: 3220
34900000/36984645: 3229
35000000/37095190: 3238
35100000/37207055: 3247
35200000/37316406: 3257
35300000/37423840: 3266
35400000/37534181: 3275
35500000/37644518: 3284
35600000/37752243: 3293
35700000/37859151: 3302
35800000/37966579: 3311
35900000/38075201: 3320
36000000/38185433: 3329
36100000/38294572: 3338
36200000/38402121: 3348
36300000/38509225: 3357
36400000/38616154: 3368
36500000/38723017: 3381
36600000/38830134: 3403
36700000/38937536: 3413
36800000/39044582: 3423
36900000/39152207: 3433
37000000/39259640: 3442
37100000/39366911: 3451
37200000/39474436: 3460
37300000/39582203: 3469
37400000/39690292: 3478
37500000/39799346: 3488
37600000/39907787: 3497
37700000/40016583: 3507
37800000/40124786: 3516
37900000/40232941: 3525
38000000/40340842: 3534
38100000/40448633: 3543
38200000/40558301: 3553
38300000/40670890: 3562
38400000/40780845: 3571
38500000/40889214: 3580
38600000/40998294: 3589
38700000/41109106: 3598
38800000/41218406: 3607
38900000/41328734: 3617
39000000/41442223: 3626
39100000/41557813: 3635
39200000/41671214: 3644
39300000/41780705: 3653
39400000/41889763: 3662
39500000/42002041: 3672
39600000/42114899: 3681
39700000/42227559: 3691
39800000/42338907: 3700
39900000/42450427: 3709
40000000/42559451: 3718
40100000/42668605: 3727
40200000/42780807: 3736
File Stats for: /Users/gaurav/Documents/Work/Projects/DataMining/data/gardenhose.2012-11-07.gz
Total time taken: 3736
Total number of lines found = 42870000
Total number of lines With Locations = 40280807
----------------------------------------------------------------------
Final results:[['/Users/gaurav/Documents/Work/Projects/DataMining/data/gardenhose.2012-11-07.gz', 42870000, 40280807]]
Total Lines found: 42870000
Total lines with coordinates: 40280807
----------------------------------------------------------------------
