[2012-12-10 11:12:19.805783] finding all records with location delhi or new york data for: /Users/gaurav/Documents/Work/Projects/DataMining/data/gardenhose.2012-11-01.gz
[2012-12-10 11:12:27.348705] 100000/104756
[2012-12-10 11:12:35.716787] 200000/209692
[2012-12-10 11:12:44.149354] 300000/314699
[2012-12-10 11:12:52.521487] 400000/419721
[2012-12-10 11:13:00.909394] 500000/524934
[2012-12-10 11:13:09.257755] 600000/631808
[2012-12-10 11:13:17.687131] 700000/739715
[2012-12-10 11:13:26.204638] 800000/847472
[2012-12-10 11:13:34.592808] 900000/954985
[2012-12-10 11:13:43.034901] 1000000/1063408
[2012-12-10 11:13:51.574466] 1100000/1171222
[2012-12-10 11:14:00.059370] 1200000/1279949
[2012-12-10 11:14:08.522248] 1300000/1389045
[2012-12-10 11:14:16.966410] 1400000/1496788
[2012-12-10 11:14:25.435369] 1500000/1604561
[2012-12-10 11:14:33.952582] 1600000/1712636
[2012-12-10 11:14:42.466986] 1700000/1820808
[2012-12-10 11:14:50.851524] 1800000/1928996
[2012-12-10 11:14:59.314766] 1900000/2037461
[2012-12-10 11:15:07.857918] 2000000/2145824
[2012-12-10 11:15:16.326897] 2100000/2255090
[2012-12-10 11:15:24.776658] 2200000/2365194
[2012-12-10 11:15:33.279748] 2300000/2475129
[2012-12-10 11:15:41.755198] 2400000/2584825
[2012-12-10 11:15:50.130211] 2500000/2693342
[2012-12-10 11:15:58.618912] 2600000/2803741
[2012-12-10 11:16:07.184646] 2700000/2914144
[2012-12-10 11:16:15.433213] 2800000/3023174
[2012-12-10 11:16:23.907110] 2900000/3132735
[2012-12-10 11:16:32.309447] 3000000/3243727
[2012-12-10 11:16:40.702225] 3100000/3354703
[2012-12-10 11:16:49.224813] 3200000/3464634
[2012-12-10 11:16:57.465344] 3300000/3573933
[2012-12-10 11:17:05.874782] 3400000/3683217
[2012-12-10 11:17:13.597813] 3500000/3794303
[2012-12-10 11:17:20.947263] 3600000/3904943
[2012-12-10 11:17:28.303641] 3700000/4014375
[2012-12-10 11:17:35.646487] 3800000/4124035
[2012-12-10 11:17:43.082506] 3900000/4234053
[2012-12-10 11:17:50.445307] 4000000/4343217
[2012-12-10 11:17:57.822706] 4100000/4451232
[2012-12-10 11:18:05.222259] 4200000/4559287
[2012-12-10 11:18:12.630840] 4300000/4667914
[2012-12-10 11:18:20.026234] 4400000/4776567
[2012-12-10 11:18:27.438014] 4500000/4885301
[2012-12-10 11:18:35.111191] 4600000/4993639
[2012-12-10 11:18:42.557614] 4700000/5101844
[2012-12-10 11:18:50.014155] 4800000/5210041
[2012-12-10 11:18:57.468927] 4900000/5318170
[2012-12-10 11:19:04.902275] 5000000/5426115
[2012-12-10 11:19:12.536467] 5100000/5533625
[2012-12-10 11:19:19.950931] 5200000/5641591
[2012-12-10 11:19:27.382833] 5300000/5749302
[2012-12-10 11:19:34.836205] 5400000/5856737
[2012-12-10 11:19:42.995070] 5500000/5964581
[2012-12-10 11:19:51.586712] 5600000/6072612
[2012-12-10 11:19:59.048823] 5700000/6180093
[2012-12-10 11:20:06.516799] 5800000/6286720
[2012-12-10 11:20:14.036271] 5900000/6393721
[2012-12-10 11:20:21.542898] 6000000/6501501
[2012-12-10 11:20:29.018693] 6100000/6607761
[2012-12-10 11:20:36.429166] 6200000/6712270
[2012-12-10 11:20:43.920159] 6300000/6817396
[2012-12-10 11:20:51.426771] 6400000/6923614
[2012-12-10 11:20:58.886141] 6500000/7029384
[2012-12-10 11:21:06.360185] 6600000/7135661
[2012-12-10 11:21:13.814447] 6700000/7241448
[2012-12-10 11:21:21.300895] 6800000/7347637
[2012-12-10 11:21:28.760739] 6900000/7453875
[2012-12-10 11:21:36.224929] 7000000/7560762
[2012-12-10 11:21:43.678116] 7100000/7666789
[2012-12-10 11:21:51.361089] 7200000/7773473
[2012-12-10 11:22:00.020914] 7300000/7880199
[2012-12-10 11:22:08.622293] 7400000/7986539
[2012-12-10 11:22:17.252526] 7500000/8092403
[2012-12-10 11:22:25.811725] 7600000/8197587
[2012-12-10 11:22:34.371074] 7700000/8303051
[2012-12-10 11:22:43.100511] 7800000/8408719
[2012-12-10 11:22:51.822583] 7900000/8514727
[2012-12-10 11:23:00.523649] 8000000/8620922
[2012-12-10 11:23:08.947203] 8100000/8727227
[2012-12-10 11:23:17.672989] 8200000/8833123
[2012-12-10 11:23:26.282352] 8300000/8939287
[2012-12-10 11:23:34.900858] 8400000/9044892
[2012-12-10 11:23:43.549179] 8500000/9150197
[2012-12-10 11:23:52.190183] 8600000/9255306
[2012-12-10 11:23:59.648620] 8700000/9360823
[2012-12-10 11:24:07.078438] 8800000/9466436
[2012-12-10 11:24:14.532247] 8900000/9572218
[2012-12-10 11:24:21.955231] 9000000/9678023
[2012-12-10 11:24:29.395839] 9100000/9784187
[2012-12-10 11:24:36.854126] 9200000/9890504
[2012-12-10 11:24:44.289802] 9300000/9996266
[2012-12-10 11:24:51.739013] 9400000/10102371
[2012-12-10 11:24:59.195177] 9500000/10209056
[2012-12-10 11:25:06.644093] 9600000/10315195
[2012-12-10 11:25:14.065776] 9700000/10421469
[2012-12-10 11:25:21.625524] 9800000/10528054
[2012-12-10 11:25:29.064850] 9900000/10634518
[2012-12-10 11:25:36.470354] 10000000/10740815
[2012-12-10 11:25:43.888943] 10100000/10846900
[2012-12-10 11:25:51.316091] 10200000/10952753
[2012-12-10 11:25:58.754979] 10300000/11058893
[2012-12-10 11:26:06.212840] 10400000/11164960
[2012-12-10 11:26:13.668586] 10500000/11270418
[2012-12-10 11:26:21.096721] 10600000/11376322
[2012-12-10 11:26:28.527112] 10700000/11481821
[2012-12-10 11:26:35.950868] 10800000/11587238
[2012-12-10 11:26:43.376181] 10900000/11692929
[2012-12-10 11:26:50.785249] 11000000/11799095
[2012-12-10 11:26:58.197551] 11100000/11905147
[2012-12-10 11:27:05.623934] 11200000/12011284
[2012-12-10 11:27:13.046880] 11300000/12117664
[2012-12-10 11:27:20.482878] 11400000/12224026
[2012-12-10 11:27:27.893361] 11500000/12329337
[2012-12-10 11:27:35.308457] 11600000/12434560
[2012-12-10 11:27:42.704666] 11700000/12540499
[2012-12-10 11:27:50.134124] 11800000/12646772
[2012-12-10 11:27:57.531759] 11900000/12752578
[2012-12-10 11:28:04.941275] 12000000/12858354
[2012-12-10 11:28:12.363257] 12100000/12964675
[2012-12-10 11:28:19.786065] 12200000/13070473
[2012-12-10 11:28:27.212407] 12300000/13175721
[2012-12-10 11:28:34.648021] 12400000/13281471
[2012-12-10 11:28:42.075952] 12500000/13387060
[2012-12-10 11:28:49.498415] 12600000/13493517
[2012-12-10 11:28:56.890916] 12700000/13598950
[2012-12-10 11:29:04.304930] 12800000/13705898
[2012-12-10 11:29:11.734599] 12900000/13811690
[2012-12-10 11:29:19.176569] 13000000/13917705
[2012-12-10 11:29:26.588478] 13100000/14023686
[2012-12-10 11:29:33.996448] 13200000/14130607
[2012-12-10 11:29:41.429829] 13300000/14237437
[2012-12-10 11:29:48.849585] 13400000/14343818
[2012-12-10 11:29:56.254909] 13500000/14449982
[2012-12-10 11:30:03.672577] 13600000/14556616
[2012-12-10 11:30:11.064613] 13700000/14662666
[2012-12-10 11:30:18.457275] 13800000/14768648
[2012-12-10 11:30:25.845936] 13900000/14874310
[2012-12-10 11:30:33.240601] 14000000/14980438
[2012-12-10 11:30:40.628248] 14100000/15086818
[2012-12-10 11:30:48.068046] 14200000/15193523
[2012-12-10 11:30:55.463585] 14300000/15300129
[2012-12-10 11:31:02.876492] 14400000/15407351
[2012-12-10 11:31:10.277888] 14500000/15514141
[2012-12-10 11:31:17.665430] 14600000/15620510
[2012-12-10 11:31:25.004917] 14700000/15726367
[2012-12-10 11:31:32.379340] 14800000/15832279
[2012-12-10 11:31:39.777598] 14900000/15938663
[2012-12-10 11:31:47.185667] 15000000/16044961
[2012-12-10 11:31:54.579862] 15100000/16150767
[2012-12-10 11:32:01.967935] 15200000/16256562
[2012-12-10 11:32:09.338565] 15300000/16362696
[2012-12-10 11:32:16.711119] 15400000/16469145
[2012-12-10 11:32:24.090303] 15500000/16575829
[2012-12-10 11:32:31.437764] 15600000/16682062
[2012-12-10 11:32:38.789866] 15700000/16788025
[2012-12-10 11:32:46.161361] 15800000/16894121
[2012-12-10 11:32:53.533142] 15900000/17000003
[2012-12-10 11:33:00.911690] 16000000/17106442
[2012-12-10 11:33:08.293551] 16100000/17212868
[2012-12-10 11:33:15.667912] 16200000/17319083
[2012-12-10 11:33:23.033538] 16300000/17425368
[2012-12-10 11:33:30.387035] 16400000/17531885
[2012-12-10 11:33:37.726531] 16500000/17638352
[2012-12-10 11:33:45.070542] 16600000/17744431
[2012-12-10 11:33:52.405357] 16700000/17849670
[2012-12-10 11:33:59.753522] 16800000/17955169
[2012-12-10 11:34:07.113168] 16900000/18060875
[2012-12-10 11:34:14.462867] 17000000/18166447
[2012-12-10 11:34:21.901133] 17100000/18271951
[2012-12-10 11:34:29.253548] 17200000/18377914
[2012-12-10 11:34:36.586350] 17300000/18483369
[2012-12-10 11:34:43.958861] 17400000/18589659
[2012-12-10 11:34:51.294702] 17500000/18695624
[2012-12-10 11:34:58.643956] 17600000/18801890
[2012-12-10 11:35:06.004930] 17700000/18908212
[2012-12-10 11:35:13.351811] 17800000/19014207
[2012-12-10 11:35:20.710662] 17900000/19120443
[2012-12-10 11:35:28.042542] 18000000/19226936
[2012-12-10 11:35:35.388479] 18100000/19333627
[2012-12-10 11:35:42.745982] 18200000/19439844
[2012-12-10 11:35:50.079555] 18300000/19545749
[2012-12-10 11:35:57.410037] 18400000/19652236
[2012-12-10 11:36:04.707655] 18500000/19758141
[2012-12-10 11:36:12.043401] 18600000/19863979
[2012-12-10 11:36:19.366947] 18700000/19969656
[2012-12-10 11:36:26.687310] 18800000/20075994
[2012-12-10 11:36:33.998463] 18900000/20182178
[2012-12-10 11:36:41.336619] 19000000/20288935
[2012-12-10 11:36:48.658955] 19100000/20395223
[2012-12-10 11:36:55.983538] 19200000/20501692
[2012-12-10 11:37:03.304400] 19300000/20609056
[2012-12-10 11:37:10.690790] 19400000/20720150
[2012-12-10 11:37:18.106573] 19500000/20828894
[2012-12-10 11:37:25.473235] 19600000/20938760
[2012-12-10 11:37:32.827639] 19700000/21046986
[2012-12-10 11:37:40.164854] 19800000/21154840
[2012-12-10 11:37:47.483393] 19900000/21262549
[2012-12-10 11:37:54.828824] 20000000/21370945
[2012-12-10 11:38:02.163255] 20100000/21479308
[2012-12-10 11:38:09.526051] 20200000/21587525
[2012-12-10 11:38:16.914958] 20300000/21695588
[2012-12-10 11:38:24.285657] 20400000/21803739
[2012-12-10 11:38:31.680619] 20500000/21911685
[2012-12-10 11:38:39.076713] 20600000/22019446
[2012-12-10 11:38:46.459490] 20700000/22127580
[2012-12-10 11:38:53.844583] 20800000/22236785
[2012-12-10 11:39:01.249564] 20900000/22345176
[2012-12-10 11:39:08.630740] 21000000/22453446
[2012-12-10 11:39:16.037287] 21100000/22563222
[2012-12-10 11:39:25.414761] 21200000/22671095
[2012-12-10 11:39:32.836152] 21300000/22780013
[2012-12-10 11:39:40.257669] 21400000/22887995
[2012-12-10 11:39:47.649660] 21500000/22995876
[2012-12-10 11:39:55.084204] 21600000/23103594
[2012-12-10 11:40:02.480178] 21700000/23211633
[2012-12-10 11:40:09.893612] 21800000/23320854
[2012-12-10 11:40:17.383130] 21900000/23428828
[2012-12-10 11:40:24.867900] 22000000/23537639
[2012-12-10 11:40:32.291906] 22100000/23645993
[2012-12-10 11:40:39.726639] 22200000/23753804
[2012-12-10 11:40:47.165602] 22300000/23861366
[2012-12-10 11:40:54.595505] 22400000/23969396
[2012-12-10 11:41:02.826307] 22500000/24077755
[2012-12-10 11:41:10.388911] 22600000/24184634
[2012-12-10 11:41:17.796582] 22700000/24291289
[2012-12-10 11:41:25.220290] 22800000/24398130
[2012-12-10 11:41:32.604535] 22900000/24504551
[2012-12-10 11:41:39.985836] 23000000/24611354
[2012-12-10 11:41:47.365681] 23100000/24718529
[2012-12-10 11:41:54.722728] 23200000/24825623
[2012-12-10 11:42:02.121137] 23300000/24932682
[2012-12-10 11:42:09.513320] 23400000/25040613
[2012-12-10 11:42:16.922251] 23500000/25149416
[2012-12-10 11:42:24.348810] 23600000/25259318
[2012-12-10 11:42:31.767530] 23700000/25367778
[2012-12-10 11:42:39.207016] 23800000/25476322
[2012-12-10 11:42:46.605473] 23900000/25583686
[2012-12-10 11:42:53.993798] 24000000/25689894
[2012-12-10 11:43:01.407023] 24100000/25796819
[2012-12-10 11:43:08.854495] 24200000/25904207
[2012-12-10 11:43:16.903309] 24300000/26011265
[2012-12-10 11:43:26.158190] 24400000/26119129
[2012-12-10 11:43:33.599236] 24500000/26227425
[2012-12-10 11:43:41.041553] 24600000/26335665
[2012-12-10 11:43:49.126959] 24700000/26443731
[2012-12-10 11:43:57.088384] 24800000/26552166
[2012-12-10 11:44:04.523461] 24900000/26660071
[2012-12-10 11:44:11.959958] 25000000/26768024
[2012-12-10 11:44:19.398404] 25100000/26876218
[2012-12-10 11:44:26.843149] 25200000/26984629
[2012-12-10 11:44:34.279781] 25300000/27092754
[2012-12-10 11:44:41.702120] 25400000/27200994
[2012-12-10 11:44:49.142786] 25500000/27309695
[2012-12-10 11:44:56.568385] 25600000/27418027
[2012-12-10 11:45:03.997203] 25700000/27525985
[2012-12-10 11:45:11.462746] 25800000/27634385
[2012-12-10 11:45:18.924099] 25900000/27742761
[2012-12-10 11:45:27.596577] 26000000/27851079
[2012-12-10 11:45:35.402222] 26100000/27959531
[2012-12-10 11:45:42.908358] 26200000/28067665
[2012-12-10 11:45:50.435828] 26300000/28176281
[2012-12-10 11:45:57.971854] 26400000/28284973
[2012-12-10 11:46:05.461242] 26500000/28392264
[2012-12-10 11:46:12.932195] 26600000/28499035
[2012-12-10 11:46:20.433870] 26700000/28606229
[2012-12-10 11:46:27.941701] 26800000/28714776
[2012-12-10 11:46:35.442736] 26900000/28822940
[2012-12-10 11:46:42.967021] 27000000/28930857
[2012-12-10 11:46:50.498261] 27100000/29041135
[2012-12-10 11:46:58.102727] 27200000/29159713
[2012-12-10 11:47:05.698784] 27300000/29277796
[2012-12-10 11:47:13.285035] 27400000/29396143
[2012-12-10 11:47:20.844354] 27500000/29512943
[2012-12-10 11:47:28.360625] 27600000/29621937
[2012-12-10 11:47:35.871817] 27700000/29729903
[2012-12-10 11:47:43.396085] 27800000/29837649
[2012-12-10 11:47:50.952790] 27900000/29945003
[2012-12-10 11:47:58.492928] 28000000/30052903
[2012-12-10 11:48:05.972127] 28100000/30159732
[2012-12-10 11:48:13.443390] 28200000/30266752
[2012-12-10 11:48:20.976168] 28300000/30373854
[2012-12-10 11:48:28.467845] 28400000/30481038
[2012-12-10 11:48:35.958044] 28500000/30587987
[2012-12-10 11:48:43.407635] 28600000/30694920
[2012-12-10 11:48:50.894138] 28700000/30802742
[2012-12-10 11:48:58.373084] 28800000/30910161
[2012-12-10 11:49:05.844293] 28900000/31017735
[2012-12-10 11:49:13.322916] 29000000/31125375
[2012-12-10 11:49:20.787626] 29100000/31232315
[2012-12-10 11:49:28.240697] 29200000/31340653
[2012-12-10 11:49:35.669723] 29300000/31447891
[2012-12-10 11:49:43.096162] 29400000/31555449
[2012-12-10 11:49:50.511731] 29500000/31662738
[2012-12-10 11:49:57.954883] 29600000/31769548
[2012-12-10 11:50:05.383735] 29700000/31876590
[2012-12-10 11:50:12.812164] 29800000/31983786
[2012-12-10 11:50:20.254374] 29900000/32091276
[2012-12-10 11:50:27.649123] 30000000/32198943
[2012-12-10 11:50:35.100506] 30100000/32306884
[2012-12-10 11:50:42.508184] 30200000/32413834
[2012-12-10 11:50:49.943257] 30300000/32521036
[2012-12-10 11:50:57.312268] 30400000/32628364
[2012-12-10 11:51:04.668302] 30500000/32735283
[2012-12-10 11:51:12.059408] 30600000/32842001
[2012-12-10 11:51:19.448843] 30700000/32949353
[2012-12-10 11:51:26.819003] 30800000/33056803
[2012-12-10 11:51:34.168137] 30900000/33165191
[2012-12-10 11:51:41.569397] 31000000/33275195
[2012-12-10 11:51:48.990491] 31100000/33385919
[2012-12-10 11:51:56.429616] 31200000/33498922
[2012-12-10 11:52:03.863108] 31300000/33611388
[2012-12-10 11:52:11.332973] 31400000/33722965
[2012-12-10 11:52:18.766431] 31500000/33833822
[2012-12-10 11:52:26.199073] 31600000/33944262
[2012-12-10 11:52:33.603320] 31700000/34053611
[2012-12-10 11:52:40.984317] 31800000/34162691
[2012-12-10 11:52:48.832451] 31900000/34271984
[2012-12-10 11:52:56.261624] 32000000/34382829
[2012-12-10 11:53:03.639486] 32100000/34492382
[2012-12-10 11:53:11.038113] 32200000/34599987
[2012-12-10 11:53:18.383768] 32300000/34707089
[2012-12-10 11:53:25.736167] 32400000/34814016
[2012-12-10 11:53:33.123256] 32500000/34921062
[2012-12-10 11:53:40.483367] 32600000/35028699
[2012-12-10 11:53:47.856416] 32700000/35136332
[2012-12-10 11:53:55.237549] 32800000/35243759
[2012-12-10 11:54:02.616877] 32900000/35351169
[2012-12-10 11:54:10.008996] 33000000/35458641
[2012-12-10 11:54:17.350857] 33100000/35566054
[2012-12-10 11:54:24.769809] 33200000/35673827
[2012-12-10 11:54:32.090143] 33300000/35780681
[2012-12-10 11:54:39.436947] 33400000/35887562
[2012-12-10 11:54:46.845557] 33500000/35994035
[2012-12-10 11:54:54.206854] 33600000/36100127
[2012-12-10 11:55:01.599216] 33700000/36213570
[2012-12-10 11:55:08.977276] 33800000/36323238
[2012-12-10 11:55:16.377640] 33900000/36430935
[2012-12-10 11:55:23.750609] 34000000/36537236
[2012-12-10 11:55:31.109233] 34100000/36643364
[2012-12-10 11:55:38.452854] 34200000/36749760
[2012-12-10 11:55:45.823628] 34300000/36856046
[2012-12-10 11:55:53.186280] 34400000/36962477
[2012-12-10 11:56:00.484371] 34500000/37068622
[2012-12-10 11:56:07.830615] 34600000/37174960
[2012-12-10 11:56:15.153298] 34700000/37281030
[2012-12-10 11:56:22.460184] 34800000/37387924
[2012-12-10 11:56:29.813294] 34900000/37494291
[2012-12-10 11:56:37.174393] 35000000/37601040
[2012-12-10 11:56:44.527197] 35100000/37708171
[2012-12-10 11:56:51.853860] 35200000/37815618
[2012-12-10 11:56:59.157147] 35300000/37922953
[2012-12-10 11:57:06.497845] 35400000/38029616
[2012-12-10 11:57:13.786613] 35500000/38136043
[2012-12-10 11:57:21.134419] 35600000/38242241
[2012-12-10 11:57:28.444831] 35700000/38348843
[2012-12-10 11:57:35.789877] 35800000/38455410
[2012-12-10 11:57:43.127174] 35900000/38561624
[2012-12-10 11:57:50.480289] 36000000/38667593
[2012-12-10 11:57:57.828763] 36100000/38773515
[2012-12-10 11:58:05.160987] 36200000/38879855
[2012-12-10 11:58:12.596958] 36300000/38986350
[2012-12-10 11:58:19.890180] 36400000/39092829
[2012-12-10 11:58:27.196984] 36500000/39198581
[2012-12-10 11:58:34.565642] 36600000/39304987
[2012-12-10 11:58:41.938314] 36700000/39412509
[2012-12-10 11:58:49.321486] 36800000/39519832
[2012-12-10 11:58:56.690950] 36900000/39626270
[2012-12-10 11:59:04.062888] 37000000/39732795
[2012-12-10 11:59:11.433999] 37100000/39839777
[2012-12-10 11:59:18.785120] 37200000/39946537
[2012-12-10 11:59:26.131071] 37300000/40052904
[2012-12-10 11:59:33.497469] 37400000/40159444
[2012-12-10 11:59:40.868444] 37500000/40266215
[2012-12-10 11:59:48.239769] 37600000/40374008
[2012-12-10 11:59:55.617088] 37700000/40482701
[2012-12-10 12:00:02.997424] 37800000/40590141
[2012-12-10 12:00:10.373722] 37900000/40697113
[2012-12-10 12:00:17.727455] 38000000/40804161
[2012-12-10 12:00:25.075910] 38100000/40910811
[2012-12-10 12:00:31.428742] File Stats for: /Users/gaurav/Documents/Work/Projects/DataMining/data/gardenhose.2012-11-01.gz
[2012-12-10 12:00:31.428767] Total time taken: 2885
[2012-12-10 12:00:31.428782] Total number of lines found = 41004000
[2012-12-10 12:00:31.428798] Total number of lines With Locations = 38187489
[2012-12-10 12:00:31.442826] finding all records with location delhi or new york data for: /Users/gaurav/Documents/Work/Projects/DataMining/data/gardenhose.2012-11-02.gz
[2012-12-10 12:00:38.649400] 100000/105878
[2012-12-10 12:00:45.945883] 200000/212778
[2012-12-10 12:00:53.262532] 300000/319815
[2012-12-10 12:01:00.576069] 400000/427221
[2012-12-10 12:01:07.887594] 500000/535221
[2012-12-10 12:01:15.198469] 600000/643180
[2012-12-10 12:01:22.475182] 700000/750630
[2012-12-10 12:01:29.761983] 800000/858592
[2012-12-10 12:01:37.070449] 900000/967032
[2012-12-10 12:01:44.366264] 1000000/1076154
[2012-12-10 12:01:51.691810] 1100000/1185226
[2012-12-10 12:01:59.019537] 1200000/1294611
[2012-12-10 12:02:06.317765] 1300000/1404273
[2012-12-10 12:02:13.631593] 1400000/1515305
[2012-12-10 12:02:20.926664] 1500000/1623987
[2012-12-10 12:02:28.266292] 1600000/1733998
[2012-12-10 12:02:35.554315] 1700000/1843408
[2012-12-10 12:02:42.873605] 1800000/1953514
[2012-12-10 12:02:50.181564] 1900000/2063552
[2012-12-10 12:02:57.473498] 2000000/2173346
[2012-12-10 12:03:04.777748] 2100000/2284883
[2012-12-10 12:03:12.077926] 2200000/2396836
[2012-12-10 12:03:19.358999] 2300000/2509084
[2012-12-10 12:03:26.651088] 2400000/2619962
[2012-12-10 12:03:33.936327] 2500000/2731175
[2012-12-10 12:03:41.198281] 2600000/2842179
[2012-12-10 12:03:48.451590] 2700000/2951445
[2012-12-10 12:03:55.701388] 2800000/3059595
[2012-12-10 12:04:02.976840] 2900000/3168579
[2012-12-10 12:04:10.233160] 3000000/3277883
[2012-12-10 12:04:17.510282] 3100000/3387323
[2012-12-10 12:04:24.818279] 3200000/3498148
[2012-12-10 12:04:32.142268] 3300000/3609636
[2012-12-10 12:04:39.461716] 3400000/3718989
[2012-12-10 12:04:46.770542] 3500000/3827614
[2012-12-10 12:04:54.112157] 3600000/3938097
[2012-12-10 12:05:01.431760] 3700000/4047338
[2012-12-10 12:05:08.794316] 3800000/4157370
[2012-12-10 12:05:16.172974] 3900000/4267586
[2012-12-10 12:05:23.560790] 4000000/4377159
[2012-12-10 12:05:30.935276] 4100000/4485797
[2012-12-10 12:05:38.306468] 4200000/4593447
[2012-12-10 12:05:45.726223] 4300000/4700894
[2012-12-10 12:05:53.140611] 4400000/4809325
[2012-12-10 12:06:00.540309] 4500000/4918171
[2012-12-10 12:06:07.972270] 4600000/5027317
[2012-12-10 12:06:15.408208] 4700000/5137124
[2012-12-10 12:06:22.891929] 4800000/5248382
[2012-12-10 12:06:30.336712] 4900000/5359226
[2012-12-10 12:06:37.812790] 5000000/5469992
[2012-12-10 12:06:45.272334] 5100000/5581110
[2012-12-10 12:06:52.756542] 5200000/5691976
[2012-12-10 12:07:00.231436] 5300000/5802385
[2012-12-10 12:07:07.721815] 5400000/5913663
[2012-12-10 12:07:15.195355] 5500000/6023835
[2012-12-10 12:07:22.694623] 5600000/6133610
[2012-12-10 12:07:30.200613] 5700000/6243463
[2012-12-10 12:07:37.701919] 5800000/6353053
[2012-12-10 12:07:45.222014] 5900000/6462737
[2012-12-10 12:07:52.732906] 6000000/6568952
[2012-12-10 12:08:00.294936] 6100000/6676245
[2012-12-10 12:08:07.830430] 6200000/6783334
[2012-12-10 12:08:15.352036] 6300000/6889454
[2012-12-10 12:08:22.927765] 6400000/6999110
[2012-12-10 12:08:30.625366] 6500000/7112479
[2012-12-10 12:08:38.305215] 6600000/7218926
[2012-12-10 12:08:45.978175] 6700000/7327056
[2012-12-10 12:08:53.643986] 6800000/7433839
[2012-12-10 12:09:01.273922] 6900000/7539985
[2012-12-10 12:09:08.801689] 7000000/7645903
[2012-12-10 12:09:16.317804] 7100000/7751719
[2012-12-10 12:09:23.833798] 7200000/7857331
[2012-12-10 12:09:31.344268] 7300000/7964376
[2012-12-10 12:09:38.923557] 7400000/8071140
[2012-12-10 12:09:46.477889] 7500000/8177534
[2012-12-10 12:09:54.029122] 7600000/8282985
[2012-12-10 12:10:01.573689] 7700000/8388336
[2012-12-10 12:10:09.095578] 7800000/8494072
[2012-12-10 12:10:16.607717] 7900000/8599445
[2012-12-10 12:10:24.142248] 8000000/8705476
[2012-12-10 12:10:31.655855] 8100000/8811523
[2012-12-10 12:10:39.217247] 8200000/8917210
[2012-12-10 12:10:46.740934] 8300000/9022841
[2012-12-10 12:10:54.268447] 8400000/9127935
[2012-12-10 12:11:01.762245] 8500000/9233174
[2012-12-10 12:11:09.284834] 8600000/9338628
[2012-12-10 12:11:16.758982] 8700000/9443545
[2012-12-10 12:11:24.239068] 8800000/9548408
[2012-12-10 12:11:31.752118] 8900000/9654302
[2012-12-10 12:11:39.261240] 9000000/9760245
[2012-12-10 12:11:46.772300] 9100000/9866838
[2012-12-10 12:11:54.277752] 9200000/9973638
[2012-12-10 12:12:01.773413] 9300000/10080568
[2012-12-10 12:12:09.248761] 9400000/10186832
[2012-12-10 12:12:16.754837] 9500000/10292916
[2012-12-10 12:12:24.280740] 9600000/10399550
[2012-12-10 12:12:31.768743] 9700000/10506076
[2012-12-10 12:12:39.275263] 9800000/10612577
[2012-12-10 12:12:46.875313] 9900000/10719255
[2012-12-10 12:12:54.393487] 10000000/10825696
[2012-12-10 12:13:01.905129] 10100000/10932193
[2012-12-10 12:13:09.390064] 10200000/11038366
[2012-12-10 12:13:16.868039] 10300000/11144260
[2012-12-10 12:13:24.349730] 10400000/11250860
[2012-12-10 12:13:31.837997] 10500000/11356940
[2012-12-10 12:13:39.366804] 10600000/11463270
[2012-12-10 12:13:46.845418] 10700000/11569848
[2012-12-10 12:13:54.356854] 10800000/11676345
[2012-12-10 12:14:01.855263] 10900000/11782666
[2012-12-10 12:14:09.337466] 11000000/11889554
[2012-12-10 12:14:16.808819] 11100000/11995909
[2012-12-10 12:14:24.248823] 11200000/12101105
[2012-12-10 12:14:31.693292] 11300000/12206650
[2012-12-10 12:14:39.169284] 11400000/12311961
[2012-12-10 12:14:46.672554] 11500000/12417322
[2012-12-10 12:14:54.178917] 11600000/12523193
[2012-12-10 12:15:01.693534] 11700000/12628586
[2012-12-10 12:15:09.199960] 11800000/12733724
[2012-12-10 12:15:16.725803] 11900000/12838865
[2012-12-10 12:15:24.214297] 12000000/12944347
[2012-12-10 12:15:31.690783] 12100000/13049787
[2012-12-10 12:15:39.146818] 12200000/13154402
[2012-12-10 12:15:46.585284] 12300000/13259601
[2012-12-10 12:15:54.031423] 12400000/13364505
[2012-12-10 12:16:01.459739] 12500000/13469545
[2012-12-10 12:16:08.895542] 12600000/13574680
[2012-12-10 12:16:16.332783] 12700000/13679681
[2012-12-10 12:16:23.799148] 12800000/13785382
[2012-12-10 12:16:31.247799] 12900000/13890777
[2012-12-10 12:16:38.727482] 13000000/13996619
[2012-12-10 12:16:46.201096] 13100000/14102614
[2012-12-10 12:16:53.632291] 13200000/14208623
[2012-12-10 12:17:01.090454] 13300000/14313925
[2012-12-10 12:17:08.550843] 13400000/14419138
[2012-12-10 12:17:16.004327] 13500000/14524603
[2012-12-10 12:17:23.445574] 13600000/14629461
[2012-12-10 12:17:31.217841] 13700000/14733984
[2012-12-10 12:17:38.983553] 13800000/14838842
[2012-12-10 12:17:46.717376] 13900000/14943854
[2012-12-10 12:17:54.420285] 14000000/15049373
[2012-12-10 12:18:02.118896] 14100000/15155105
[2012-12-10 12:18:09.811240] 14200000/15260877
[2012-12-10 12:18:17.298455] 14300000/15366896
[2012-12-10 12:18:24.721339] 14400000/15473220
[2012-12-10 12:18:32.356015] 14500000/15579789
[2012-12-10 12:18:40.038632] 14600000/15686519
[2012-12-10 12:18:47.473982] 14700000/15793058
[2012-12-10 12:18:54.937337] 14800000/15899881
[2012-12-10 12:19:02.385474] 14900000/16006665
[2012-12-10 12:19:09.828309] 15000000/16113179
[2012-12-10 12:19:17.225805] 15100000/16219515
[2012-12-10 12:19:24.642871] 15200000/16326117
[2012-12-10 12:19:32.025627] 15300000/16431598
[2012-12-10 12:19:39.484445] 15400000/16537995
[2012-12-10 12:19:46.922806] 15500000/16644400
[2012-12-10 12:19:54.380907] 15600000/16750477
[2012-12-10 12:20:01.826240] 15700000/16856486
[2012-12-10 12:20:09.255060] 15800000/16962874
[2012-12-10 12:20:16.693022] 15900000/17068956
[2012-12-10 12:20:24.114372] 16000000/17175099
[2012-12-10 12:20:31.522928] 16100000/17280816
[2012-12-10 12:20:38.912930] 16200000/17386572
[2012-12-10 12:20:46.317007] 16300000/17492308
[2012-12-10 12:20:53.732504] 16400000/17598036
[2012-12-10 12:21:01.154559] 16500000/17703967
[2012-12-10 12:21:08.553497] 16600000/17810664
[2012-12-10 12:21:15.974409] 16700000/17917328
[2012-12-10 12:21:23.409512] 16800000/18024376
[2012-12-10 12:21:30.849842] 16900000/18130524
[2012-12-10 12:21:38.295828] 17000000/18237180
[2012-12-10 12:21:45.735383] 17100000/18343806
[2012-12-10 12:21:53.163515] 17200000/18450667
[2012-12-10 12:22:00.583494] 17300000/18558214
[2012-12-10 12:22:08.002227] 17400000/18665514
[2012-12-10 12:22:15.441961] 17500000/18772466
[2012-12-10 12:22:22.861954] 17600000/18879215
[2012-12-10 12:22:30.296566] 17700000/18986167
[2012-12-10 12:22:37.712845] 17800000/19092721
[2012-12-10 12:22:45.136337] 17900000/19199606
[2012-12-10 12:22:52.556274] 18000000/19306472
[2012-12-10 12:22:59.977329] 18100000/19413275
[2012-12-10 12:23:07.470853] 18200000/19520055
[2012-12-10 12:23:14.887237] 18300000/19626477
[2012-12-10 12:23:22.331114] 18400000/19735122
[2012-12-10 12:23:29.809814] 18500000/19848365
[2012-12-10 12:23:37.227121] 18600000/19955791
[2012-12-10 12:23:44.662187] 18700000/20062656
[2012-12-10 12:23:52.094403] 18800000/20169366
[2012-12-10 12:23:59.519198] 18900000/20275682
[2012-12-10 12:24:06.943061] 19000000/20383361
[2012-12-10 12:24:14.362858] 19100000/20491083
[2012-12-10 12:24:21.681928] 19200000/20597323
[2012-12-10 12:24:29.050226] 19300000/20703706
[2012-12-10 12:24:36.425464] 19400000/20810690
[2012-12-10 12:24:43.818876] 19500000/20918042
[2012-12-10 12:24:51.157274] 19600000/21024854
[2012-12-10 12:24:58.552426] 19700000/21131620
[2012-12-10 12:25:05.915338] 19800000/21238226
[2012-12-10 12:25:13.343567] 19900000/21344841
[2012-12-10 12:25:20.738584] 20000000/21451508
[2012-12-10 12:25:28.147188] 20100000/21557920
[2012-12-10 12:25:35.578937] 20200000/21664894
[2012-12-10 12:25:42.996710] 20300000/21771639
[2012-12-10 12:25:50.423091] 20400000/21878139
[2012-12-10 12:25:57.859644] 20500000/21984864
[2012-12-10 12:26:05.280514] 20600000/22092001
[2012-12-10 12:26:12.712050] 20700000/22199103
[2012-12-10 12:26:20.118376] 20800000/22306322
[2012-12-10 12:26:27.524780] 20900000/22413704
[2012-12-10 12:26:34.953634] 21000000/22521102
[2012-12-10 12:26:42.381955] 21100000/22628922
[2012-12-10 12:26:49.813258] 21200000/22735814
[2012-12-10 12:26:57.230293] 21300000/22841910
[2012-12-10 12:27:04.646721] 21400000/22948272
[2012-12-10 12:27:12.111554] 21500000/23054582
[2012-12-10 12:27:19.566358] 21600000/23161159
[2012-12-10 12:27:26.996286] 21700000/23268165
[2012-12-10 12:27:34.405758] 21800000/23374924
[2012-12-10 12:27:41.838185] 21900000/23482016
[2012-12-10 12:27:49.256460] 22000000/23588682
[2012-12-10 12:27:56.699214] 22100000/23695141
[2012-12-10 12:28:04.117155] 22200000/23801944
[2012-12-10 12:28:11.558701] 22300000/23907896
[2012-12-10 12:28:18.986772] 22400000/2401