finding all records with location delhi or new york data for: /Users/gaurav/Documents/Work/Projects/DataMining/data/gardenhose.2012-11-12.gz
100000/108010: 7
200000/216049: 15
300000/325561: 22
400000/434479: 30
500000/542656: 37
600000/650848: 45
700000/759697: 52
800000/868896: 60
900000/977478: 67
1000000/1085621: 75
1100000/1194079: 82
1200000/1302522: 90
1300000/1410564: 97
1400000/1519497: 105
1500000/1628813: 112
1600000/1737823: 120
1700000/1846995: 127
1800000/1955602: 135
1900000/2064196: 142
2000000/2172800: 150
2100000/2281113: 157
2200000/2390172: 165
2300000/2503066: 172
2400000/2613671: 180
2500000/2722010: 187
2600000/2831153: 195
2700000/2940565: 202
2800000/3050395: 210
2900000/3160611: 217
3000000/3271195: 225
3100000/3382661: 232
3200000/3493270: 240
3300000/3604056: 247
3400000/3715711: 255
3500000/3829160: 262
3600000/3942952: 270
3700000/4053582: 277
3800000/4163254: 285
3900000/4275948: 293
4000000/4387812: 300
4100000/4499662: 308
4200000/4610072: 315
4300000/4719464: 323
4400000/4830182: 330
4500000/4940117: 338
4600000/5051375: 346
4700000/5161138: 353
4800000/5270283: 361
4900000/5379338: 369
5000000/5487993: 376
5100000/5596919: 384
5200000/5706109: 391
5300000/5814964: 399
5400000/5926858: 407
5500000/6037061: 414
5600000/6145865: 422
5700000/6255007: 430
5800000/6363810: 437
5900000/6472970: 445
6000000/6581668: 453
6100000/6690485: 460
6200000/6798934: 468
6300000/6907486: 476
6400000/7017746: 483
6500000/7125803: 491
6600000/7233462: 499
6700000/7340925: 506
6800000/7448500: 514
6900000/7557266: 522
7000000/7665001: 529
7100000/7773859: 537
7200000/7882541: 545
7300000/7990275: 553
7400000/8097905: 560
7500000/8205558: 568
7600000/8313976: 576
7700000/8421927: 583
7800000/8529154: 591
7900000/8638282: 598
8000000/8747981: 606
8100000/8855127: 614
8200000/8962729: 621
8300000/9070220: 629
8400000/9176883: 637
8500000/9284130: 644
8600000/9390933: 652
8700000/9498754: 660
8800000/9606252: 667
8900000/9713275: 675
9000000/9819827: 683
9100000/9926431: 690
9200000/10033148: 698
9300000/10139737: 705
9400000/10246402: 713
9500000/10352859: 721
9600000/10459416: 728
9700000/10565479: 736
9800000/10671602: 744
9900000/10778008: 751
10000000/10884609: 759
10100000/10992775: 767
10200000/11101471: 774
10300000/11209440: 782
10400000/11317169: 790
10500000/11426522: 797
10600000/11534770: 805
10700000/11642023: 812
10800000/11748452: 820
10900000/11854830: 828
11000000/11961557: 835
11100000/12068595: 843
11200000/12175504: 850
11300000/12281729: 858
11400000/12387687: 866
11500000/12494194: 873
11600000/12600938: 881
11700000/12707324: 889
11800000/12813846: 896
11900000/12919839: 904
12000000/13026815: 912
12100000/13133952: 919
12200000/13240841: 927
12300000/13347483: 934
12400000/13453546: 942
12500000/13559522: 949
12600000/13665587: 957
12700000/13771476: 964
12800000/13877817: 972
12900000/13984274: 979
13000000/14090542: 987
13100000/14196916: 994
13200000/14303413: 1002
13300000/14409929: 1009
13400000/14517099: 1017
13500000/14624857: 1025
13600000/14732124: 1032
13700000/14839145: 1040
13800000/14946381: 1047
13900000/15053273: 1055
14000000/15159382: 1063
14100000/15266640: 1070
14200000/15373713: 1078
14300000/15480485: 1086
14400000/15586927: 1093
14500000/15693535: 1101
14600000/15801481: 1108
14700000/15908743: 1116
14800000/16015329: 1124
14900000/16122214: 1131
15000000/16229141: 1139
15100000/16336121: 1146
15200000/16443125: 1154
15300000/16549740: 1161
15400000/16657156: 1169
15500000/16764086: 1177
15600000/16871740: 1184
15700000/16979281: 1192
15800000/17087316: 1199
15900000/17196247: 1207
16000000/17303624: 1214
16100000/17410930: 1222
16200000/17518567: 1230
16300000/17626476: 1237
16400000/17734459: 1245
16500000/17841930: 1252
16600000/17949176: 1260
16700000/18056588: 1267
16800000/18164492: 1275
16900000/18272089: 1283
17000000/18379405: 1290
17100000/18486651: 1298
17200000/18593727: 1305
17300000/18701443: 1313
17400000/18809390: 1320
17500000/18917338: 1328
17600000/19024876: 1336
17700000/19132950: 1343
17800000/19240188: 1351
17900000/19347372: 1358
18000000/19454795: 1366
18100000/19561869: 1373
18200000/19669555: 1381
18300000/19777096: 1388
18400000/19884590: 1396
18500000/19991970: 1403
18600000/20099508: 1411
18700000/20206629: 1418
18800000/20314314: 1426
18900000/20422650: 1433
19000000/20531302: 1441
19100000/20640757: 1449
19200000/20748095: 1456
19300000/20854920: 1464
19400000/20961687: 1471
19500000/21069071: 1479
19600000/21177066: 1487
19700000/21285476: 1494
19800000/21392782: 1502
19900000/21499637: 1509
20000000/21606955: 1517
20100000/21715182: 1524
20200000/21823169: 1532
20300000/21931858: 1540
20400000/22042563: 1547
20500000/22154317: 1555
20600000/22267160: 1563
20700000/22380332: 1570
20800000/22494311: 1578
20900000/22608002: 1586
21000000/22722815: 1593
21100000/22836506: 1601
21200000/22951274: 1608
21300000/23066619: 1616
21400000/23181863: 1624
21500000/23296745: 1632
21600000/23410527: 1639
21700000/23523445: 1647
21800000/23637856: 1655
21900000/23752148: 1662
22000000/23865220: 1670
22100000/23979286: 1678
22200000/24092451: 1685
22300000/24204888: 1693
22400000/24318694: 1701
22500000/24432363: 1708
22600000/24544937: 1716
22700000/24656984: 1724
22800000/24769107: 1731
22900000/24882052: 1739
23000000/24996550: 1747
23100000/25110440: 1754
23200000/25224333: 1762
23300000/25338758: 1770
23400000/25452685: 1777
23500000/25566306: 1785
23600000/25679627: 1792
23700000/25793528: 1800
23800000/25907399: 1808
23900000/26020999: 1815
24000000/26135118: 1823
24100000/26249363: 1831
24200000/26363152: 1839
24300000/26476466: 1846
24400000/26590174: 1854
24500000/26704187: 1862
24600000/26816893: 1869
24700000/26928932: 1877
24800000/27042939: 1884
24900000/27156928: 1892
25000000/27270075: 1900
25100000/27383290: 1907
25200000/27496144: 1915
25300000/27609625: 1923
25400000/27724619: 1931
25500000/27838953: 1939
25600000/27952178: 1946
25700000/28066683: 1954
25800000/28182437: 1962
25900000/28297245: 1969
26000000/28412156: 1977
26100000/28525505: 1985
26200000/28638365: 1992
26300000/28751208: 2000
26400000/28864908: 2008
26500000/28978346: 2015
26600000/29090530: 2023
26700000/29201072: 2030
26800000/29313303: 2038
26900000/29424085: 2046
27000000/29534867: 2053
27100000/29645762: 2061
27200000/29756265: 2068
27300000/29866345: 2076
27400000/29976418: 2084
27500000/30086992: 2091
27600000/30197867: 2099
27700000/30311227: 2107
27800000/30423820: 2114
27900000/30536248: 2122
28000000/30648156: 2130
28100000/30760599: 2137
28200000/30872414: 2145
28300000/30983846: 2153
28400000/31094147: 2160
28500000/31204274: 2168
28600000/31313730: 2175
28700000/31422272: 2183
28800000/31532857: 2191
28900000/31643591: 2198
29000000/31755284: 2206
29100000/31866943: 2213
29200000/31979123: 2221
29300000/32092292: 2229
29400000/32204743: 2236
29500000/32317443: 2244
29600000/32431224: 2252
29700000/32544806: 2259
29800000/32658388: 2267
29900000/32771650: 2275
30000000/32884720: 2282
30100000/32999515: 2290
30200000/33113159: 2298
30300000/33224743: 2305
30400000/33335617: 2313
30500000/33446553: 2321
30600000/33557216: 2328
30700000/33666581: 2336
30800000/33776682: 2344
30900000/33887505: 2351
31000000/33998451: 2359
31100000/34110519: 2367
31200000/34224050: 2374
31300000/34337124: 2382
31400000/34450102: 2389
31500000/34561426: 2397
31600000/34673507: 2405
31700000/34786636: 2412
31800000/34899363: 2420
31900000/35012380: 2427
32000000/35126037: 2435
32100000/35239489: 2442
32200000/35353769: 2450
32300000/35467342: 2458
32400000/35580407: 2465
32500000/35693665: 2473
32600000/35807076: 2481
32700000/35920267: 2488
32800000/36032519: 2496
32900000/36144184: 2503
33000000/36256045: 2511
33100000/36367147: 2518
33200000/36478219: 2526
33300000/36589325: 2533
33400000/36700831: 2541
33500000/36812084: 2548
33600000/36923340: 2556
33700000/37034774: 2563
33800000/37146473: 2571
33900000/37257155: 2578
34000000/37368652: 2586
34100000/37481119: 2593
34200000/37593368: 2601
34300000/37705443: 2608
34400000/37818220: 2616
34500000/37930639: 2623
34600000/38043375: 2631
34700000/38155759: 2638
34800000/38268279: 2646
34900000/38380083: 2653
35000000/38492242: 2661
35100000/38603819: 2668
35200000/38715179: 2676
35300000/38826911: 2684
35400000/38939308: 2691
35500000/39051483: 2699
35600000/39164168: 2706
35700000/39275829: 2714
35800000/39387388: 2721
35900000/39498037: 2729
36000000/39609003: 2736
36100000/39719799: 2744
36200000/39831533: 2752
36300000/39943793: 2759
36400000/40055408: 2767
36500000/40165436: 2774
36600000/40275592: 2782
36700000/40386901: 2790
36800000/40498706: 2797
36900000/40611091: 2805
37000000/40723183: 2812
37100000/40834204: 2820
37200000/40945384: 2828
37300000/41057418: 2835
37400000/41169282: 2843
37500000/41280629: 2850
37600000/41391584: 2858
37700000/41502125: 2866
37800000/41613467: 2873
37900000/41725190: 2881
38000000/41835589: 2888
38100000/41945741: 2896
38200000/42056098: 2904
38300000/42166886: 2911
38400000/42277532: 2919
38500000/42387871: 2927
38600000/42497783: 2935
38700000/42608387: 2942
38800000/42719010: 2950
38900000/42830508: 2958
39000000/42942243: 2965
39100000/43052339: 2973
39200000/43160953: 2980
39300000/43269502: 2988
39400000/43379455: 2996
39500000/43490997: 3003
39600000/43602199: 3011
39700000/43712700: 3018
39800000/43823359: 3026
39900000/43934484: 3034
40000000/44047025: 3041
40100000/44159875: 3049
40200000/44272570: 3057
40300000/44384982: 3064
40400000/44497693: 3072
File Stats for: /Users/gaurav/Documents/Work/Projects/DataMining/data/gardenhose.2012-11-12.gz
Total time taken: 3072
Total number of lines found = 44550000
Total number of lines With Locations = 40446325
----------------------------------------------------------------------
Final results:[['/Users/gaurav/Documents/Work/Projects/DataMining/data/gardenhose.2012-11-12.gz', 44550000, 40446325]]
Total Lines found: 44550000
Total lines with coordinates: 40446325
----------------------------------------------------------------------
