finding all records with location delhi or new york data for: /Users/gaurav/Documents/Work/Projects/DataMining/data/gardenhose.2012-11-01.gz
1000/194036: 12
2000/386277: 25
3000/589410: 39
4000/784743: 51
5000/991522: 65
6000/1191104: 78
7000/1394694: 91
8000/1602406: 105
9000/1820144: 119
10000/2047298: 134
11000/2274472: 148
12000/2522903: 164
13000/2779516: 181
14000/3035243: 197
15000/3339549: 217
16000/3630401: 236
17000/3962929: 257
18000/4298292: 279
19000/4693445: 305
20000/5116289: 333
21000/5597202: 365
22000/6041678: 394
23000/6510355: 426
24000/6944587: 455
25000/7407989: 487
26000/7830637: 515
27000/8252038: 544
28000/8663688: 572
29000/9098439: 603
30000/9499014: 630
31000/9907119: 659
32000/10299471: 685
33000/10672746: 710
34000/11042499: 735
35000/11398423: 759
36000/11731079: 782
37000/12070875: 805
38000/12398519: 827
39000/12712054: 848
40000/13032413: 870
41000/13351935: 892
42000/13652828: 912
43000/13956675: 933
44000/14260858: 953
45000/14570825: 974
46000/14868861: 994
47000/15154617: 1013
48000/15436493: 1032
49000/15717349: 1050
50000/15981252: 1068
51000/16256208: 1087
52000/16527908: 1105
53000/16786258: 1122
54000/17040969: 1139
55000/17275547: 1155
56000/17517651: 1171
57000/17769014: 1187
58000/17997440: 1203
59000/18230523: 1218
60000/18452730: 1233
61000/18693100: 1249
62000/18908342: 1264
63000/19120406: 1278
64000/19337992: 1292
65000/19547651: 1306
66000/19753727: 1320
67000/19961215: 1334
68000/20166821: 1348
69000/20372075: 1361
70000/20576582: 1375
71000/20785047: 1388
72000/20990507: 1402
73000/21187756: 1415
74000/21387002: 1428
75000/21591324: 1441
76000/21796634: 1455
77000/21996347: 1468
78000/22190688: 1481
79000/22374150: 1493
80000/22567049: 1505
81000/22760528: 1518
82000/22955204: 1531
83000/23146935: 1544
84000/23347736: 1557
85000/23561213: 1571
86000/23748399: 1583
87000/23931993: 1596
88000/24141729: 1609
89000/24344119: 1623
90000/24545057: 1637
91000/24752286: 1650
92000/24938311: 1663
93000/25146606: 1676
94000/25346733: 1690
95000/25548465: 1703
96000/25742529: 1717
97000/25945270: 1731
98000/26161307: 1745
99000/26375733: 1760
100000/26599559: 1774
101000/26821639: 1789
102000/27041377: 1804
103000/27270634: 1819
104000/27494287: 1834
105000/27707428: 1848
106000/27935405: 1863
107000/28162395: 1878
108000/28402679: 1894
109000/28639638: 1910
110000/28870081: 1925
111000/29115514: 1941
112000/29389375: 1958
113000/29646881: 1975
114000/29909626: 1993
115000/30168021: 2010
116000/30410794: 2026
117000/30639958: 2042
118000/30881100: 2058
119000/31130175: 2075
120000/31374570: 2091
121000/31631404: 2108
122000/31858456: 2124
123000/32102269: 2140
124000/32326736: 2155
125000/32547215: 2169
126000/32775715: 2185
127000/32986750: 2199
128000/33199733: 2213
129000/33416384: 2227
130000/33630092: 2240
131000/33855837: 2255
132000/34083865: 2270
133000/34291537: 2283
134000/34494869: 2296
135000/34700547: 2310
136000/34891726: 2323
137000/35096833: 2336
138000/35299668: 2350
139000/35497718: 2363
140000/35694302: 2376
141000/35889419: 2389
142000/36093559: 2402
143000/36286073: 2414
144000/36489602: 2428
145000/36681547: 2441
146000/36864589: 2453
147000/37051771: 2465
148000/37260776: 2479
149000/37469847: 2493
150000/37661159: 2506
151000/37861388: 2519
152000/38056990: 2532
153000/38260686: 2545
154000/38475309: 2560
155000/38676205: 2573
156000/38870333: 2586
157000/39069821: 2599
158000/39277629: 2613
159000/39485732: 2634
160000/39696262: 2649
161000/39921227: 2664
162000/40127917: 2678
163000/40348392: 2693
164000/40554945: 2706
165000/40772526: 2721
166000/40981439: 2734
File Stats for: /Users/gaurav/Documents/Work/Projects/DataMining/data/gardenhose.2012-11-01.gz
Total time taken: 2734
Total number of lines found = 41004000
Total number of lines With Coordinates = 166122
finding all records with location delhi or new york data for: /Users/gaurav/Documents/Work/Projects/DataMining/data/gardenhose.2012-11-02.gz
1000/190456: 12
2000/398894: 26
3000/607420: 40
4000/812858: 53
5000/1019958: 66
6000/1231382: 80
7000/1450902: 94
8000/1668589: 108
9000/1887517: 122
10000/2103349: 136
11000/2342478: 151
12000/2589394: 167
13000/2851546: 183
14000/3115511: 200
15000/3389295: 218
16000/3682068: 236
17000/3991825: 256
18000/4316905: 277
19000/4683480: 301
20000/5065009: 326
21000/5515881: 356
22000/6009015: 388
23000/6448468: 417
24000/6872141: 445
25000/7331324: 476
26000/7745636: 504
27000/8155648: 532
28000/8553202: 560
29000/8937122: 586
30000/9299511: 611
31000/9677547: 637
32000/10054587: 662
33000/10431019: 688
34000/10822916: 714
35000/11164604: 737
36000/11480089: 759
37000/11816813: 782
38000/12138179: 804
39000/12484392: 828
40000/12792429: 849
41000/13104558: 870
42000/13404070: 891
43000/13703731: 911
44000/14014704: 932
45000/14307356: 952
46000/14621239: 974
47000/14908679: 994
48000/15197317: 1013
49000/15466694: 1031
50000/15741209: 1050
51000/16020848: 1069
52000/16291710: 1087
53000/16560218: 1105
54000/16840272: 1124
55000/17097422: 1141
56000/17340594: 1158
57000/17591838: 1175
58000/17849312: 1192
59000/18086167: 1208
60000/18328715: 1225
61000/18567678: 1240
62000/18814097: 1257
63000/19057718: 1273
64000/19283530: 1288
65000/19510878: 1304
66000/19734201: 1318
67000/19965067: 1334
68000/20176828: 1349
69000/20406647: 1364
70000/20621389: 1379
71000/20818749: 1392
72000/21021764: 1405
73000/21236448: 1419
74000/21443660: 1433
75000/21642231: 1447
76000/21835799: 1460
77000/22026178: 1472
78000/22213982: 1485
79000/22405607: 1498
80000/22600944: 1511
81000/22793471: 1524
82000/22989611: 1537
83000/23183619: 1550
84000/23379424: 1563
85000/23572711: 1576
86000/23763967: 1589
87000/23954994: 1602
88000/24154668: 1615
89000/24334095: 1627
90000/24536915: 1641
91000/24722694: 1654
92000/24912858: 1667
93000/25094137: 1679
94000/25287068: 1692
95000/25483587: 1706
96000/25666516: 1718
97000/25855441: 1731
98000/26045110: 1744
99000/26239171: 1757
100000/26416072: 1769
101000/26619620: 1783
102000/26823295: 1797
103000/27028879: 1811
104000/27227624: 1824
105000/27431244: 1838
106000/27618575: 1851
107000/27799272: 1863
108000/27969134: 1875
109000/28140484: 1886
110000/28312295: 1898
111000/28476021: 1909
112000/28661004: 1922
113000/28840333: 1934
114000/29035602: 1947
115000/29242548: 1961
116000/29451738: 1976
117000/29651085: 1989
118000/29853035: 2003
119000/30047276: 2017
120000/30257607: 2031
121000/30475209: 2046
122000/30677299: 2059
123000/30888492: 2073
124000/31118334: 2089
125000/31331292: 2103
126000/31554858: 2118
127000/31771666: 2133
128000/31988029: 2148
129000/32194618: 2162
130000/32412832: 2176
131000/32630113: 2191
132000/32855717: 2206
133000/33067698: 2220
134000/33268799: 2234
135000/33466779: 2247
136000/33668021: 2261
137000/33873068: 2275
138000/34031259: 2285
139000/34230091: 2299
140000/34412470: 2311
141000/34586391: 2323
142000/34767640: 2335
143000/34934506: 2346
144000/35119094: 2358
145000/35302576: 2371
146000/35503564: 2385
147000/35709193: 2399
148000/35902281: 2412
149000/36101786: 2426
150000/36296576: 2439
151000/36497911: 2452
152000/36699255: 2466
153000/36873329: 2478
154000/37073728: 2491
155000/37246485: 2503
156000/37436151: 2516
157000/37627169: 2529
158000/37821744: 2542
159000/37997371: 2554
160000/38176114: 2566
161000/38330562: 2576
162000/38512470: 2589
163000/38694205: 2601
164000/38882962: 2614
165000/39080007: 2627
166000/39283346: 2641
167000/39481021: 2654
168000/39676282: 2667
169000/39865279: 2679
170000/40060631: 2693
171000/40262466: 2706
172000/40466312: 2720
173000/40666929: 2733
File Stats for: /Users/gaurav/Documents/Work/Projects/DataMining/data/gardenhose.2012-11-02.gz
Total time taken: 2733
Total number of lines found = 40821000
Total number of lines With Coordinates = 173754
finding all records with location delhi or new york data for: /Users/gaurav/Documents/Work/Projects/DataMining/data/gardenhose.2012-11-03.gz
1000/193802: 13
2000/380280: 25
3000/579488: 38
4000/783576: 52
5000/973281: 65
6000/1182610: 79
7000/1394975: 93
8000/1596566: 107
9000/1800986: 120
10000/1987926: 133
11000/2205995: 148
12000/2437392: 163
13000/2677219: 179
14000/2942492: 197
15000/3181088: 213
16000/3455192: 231
17000/3730697: 249
18000/4005380: 267
19000/4317871: 288
20000/4656166: 310
21000/5013224: 334
22000/5398936: 360
23000/5843017: 390
24000/6286240: 420
25000/6771062: 453
26000/7290678: 489
27000/7798769: 524
28000/8309577: 559
29000/8805051: 593
30000/9318254: 628
31000/9812083: 662
32000/10235972: 691
33000/10674253: 722
34000/11093890: 755
35000/11517907: 784
36000/11906102: 810
37000/12271534: 836
38000/12654939: 862
39000/13026157: 888
40000/13371345: 911
41000/13714308: 935
42000/14054993: 958
43000/14388376: 980
44000/14721842: 1003
45000/15044614: 1025
46000/15348100: 1046
47000/15643232: 1066
48000/15955582: 1087
49000/16253153: 1108
50000/16562903: 1129
51000/16844845: 1149
52000/17148702: 1170
53000/17431546: 1189
54000/17729259: 1210
55000/18010224: 1229
56000/18300901: 1249
57000/18561037: 1267
58000/18820598: 1284
59000/19081143: 1302
60000/19355815: 1321
61000/19603524: 1338
62000/19846250: 1355
63000/20101224: 1372
64000/20342630: 1389
65000/20584876: 1406
66000/20819242: 1422
67000/21049353: 1437
68000/21278210: 1453
69000/21510503: 1468
70000/21752383: 1485
71000/21985699: 1501
72000/22231591: 1516
73000/22456406: 1532
74000/22687870: 1547
75000/22916238: 1562
76000/23130293: 1577
77000/23353287: 1592
78000/23573237: 1606
79000/23797843: 1621
80000/24036094: 1637
81000/24266932: 1653
82000/24490456: 1668
83000/24720473: 1683
84000/24926684: 1697
85000/25140167: 1712
86000/25375584: 1728
87000/25603041: 1743
88000/25821365: 1758
89000/26027051: 1772
90000/26263657: 1788
91000/26490761: 1803
92000/26703125: 1818
93000/26930819: 1833
94000/27169232: 1850
95000/27402471: 1865
96000/27620185: 1880
97000/27849282: 1896
98000/28076806: 1911
99000/28297398: 1926
100000/28548745: 1942
101000/28799887: 1958
102000/29044906: 1974
103000/29279315: 1990
104000/29534598: 2007
105000/29773272: 2023
106000/30026289: 2040
107000/30254179: 2056
108000/30482396: 2071
109000/30710390: 2086
110000/30934656: 2102
111000/31159130: 2117
112000/31400178: 2133
113000/31638534: 2149
114000/31878321: 2166
115000/32109540: 2181
116000/32358336: 2198
117000/32594007: 2214
118000/32845657: 2231
119000/33078601: 2246
120000/33304972: 2261
121000/33527551: 2276
122000/33746625: 2291
123000/33974967: 2306
124000/34202471: 2322
125000/34425350: 2337
126000/34648470: 2352
127000/34866634: 2366
128000/35091965: 2382
129000/35296377: 2395
130000/35516192: 2410
131000/35732060: 2425
132000/35957026: 2440
133000/36180343: 2455
134000/36395560: 2469
135000/36605361: 2483
136000/36828002: 2498
137000/37055290: 2513
138000/37272527: 2528
139000/37496458: 2543
140000/37710591: 2558
141000/37928114: 2572
142000/38137502: 2588
143000/38352069: 2603
144000/38571776: 2617
145000/38785553: 2632
146000/38998086: 2646
147000/39207231: 2660
148000/39426770: 2676
149000/39637435: 2695
150000/39864712: 2710
151000/40080461: 2725
152000/40295368: 2740
153000/40508453: 2754
154000/40717832: 2768
155000/40930971: 2783
156000/41155235: 2798
157000/41364568: 2812
File Stats for: /Users/gaurav/Documents/Work/Projects/DataMining/data/gardenhose.2012-11-03.gz
Total time taken: 2812
Total number of lines found = 41460000
Total number of lines With Coordinates = 157436
finding all records with location delhi or new york data for: /Users/gaurav/Documents/Work/Projects/DataMining/data/gardenhose.2012-11-04.gz
1000/210114: 14
2000/415939: 28
3000/618014: 41
4000/826603: 55
5000/1039512: 70
6000/1258850: 85
7000/1478110: 99
8000/1694949: 114
9000/1919841: 129
10000/2139982: 144
11000/2366597: 159
12000/2596431: 175
13000/2832801: 191
14000/3076925: 207
15000/3306296: 222
16000/3517650: 237
17000/3758253: 253
18000/4024829: 271
19000/4305401: 290
20000/4595593: 309
21000/4891939: 329
22000/5211404: 351
23000/5556034: 374
24000/5947847: 400
25000/6376620: 429
26000/6876906: 463
27000/7383729: 498
28000/7923099: 535
29000/8493576: 574
30000/9046899: 612
31000/9626386: 653
32000/10222835: 694
33000/10794373: 734
34000/11290158: 768
35000/11757238: 801
36000/12210444: 832
37000/12642502: 861
38000/13060171: 890
39000/13461513: 918
40000/13857457: 945
41000/14246822: 972
42000/14623015: 998
43000/14950829: 1021
44000/15280083: 1044
45000/15624520: 1068
46000/15976841: 1092
47000/16282981: 1113
48000/16593940: 1135
49000/16915569: 1157
50000/17224176: 1178
51000/17505971: 1198
52000/17806958: 1218
53000/18077772: 1237
54000/18369922: 1257
55000/18637140: 1276
56000/18889750: 1293
57000/19169278: 1312
58000/19425206: 1330
59000/19680145: 1347
60000/19930773: 1365
61000/20179149: 1382
62000/20426842: 1399
63000/20671130: 1415
64000/20908943: 1431
65000/21142268: 1447
66000/21368326: 1463
67000/21601930: 1479
68000/21839000: 1495
69000/22057919: 1510
70000/22277122: 1524
71000/22513662: 1540
72000/22732132: 1555
73000/22957122: 1570
74000/23176432: 1585
75000/23387776: 1599
76000/23620544: 1615
77000/23835558: 1629
78000/24063125: 1644
79000/24280705: 1659
80000/24495706: 1673
81000/24715775: 1688
82000/24951793: 1704
83000/25182453: 1720
84000/25406852: 1735
85000/25623240: 1749
86000/25839968: 1764
87000/26064363: 1779
88000/26290660: 1794
89000/26518898: 1810
90000/26752369: 1826
91000/26978633: 1841
92000/27217717: 1857
93000/27465009: 1873
94000/27704228: 1889
95000/27952369: 1906
96000/28205643: 1923
97000/28461016: 1940
98000/28727064: 1957
99000/28979476: 1974
100000/29242621: 1990
101000/29552164: 2010
102000/29822902: 2028
103000/30081178: 2045
104000/30352719: 2063
105000/30572227: 2077
106000/30809269: 2093
107000/31025804: 2108
108000/31262337: 2124
109000/31500428: 2140
110000/31744406: 2156
111000/31983352: 2172
112000/32202370: 2187
113000/32408507: 2200
114000/32636895: 2215
115000/32848265: 2229
116000/33083737: 2245
117000/33304449: 2260
118000/33534324: 2275
119000/33766949: 2291
120000/34001206: 2307
121000/34237517: 2323
122000/34455500: 2338
123000/34670830: 2352
124000/34888181: 2367
125000/35114688: 2382
126000/35350904: 2398
127000/35570503: 2412
128000/35785874: 2427
129000/35998149: 2441
130000/36187260: 2453
131000/36397680: 2467
132000/36599042: 2480
133000/36805245: 2494
134000/37000657: 2507
135000/37188714: 2519
136000/37395599: 2532
137000/37596936: 2546
138000/37803876: 2559
139000/38005623: 2573
140000/38200139: 2585
141000/38389557: 2598
142000/38585712: 2611
143000/38783262: 2625
144000/38980238: 2638
145000/39165201: 2651
146000/39351844: 2663
147000/39554026: 2677
148000/39740626: 2689
149000/39942139: 2703
150000/40135612: 2716
151000/40321153: 2729
152000/40512439: 2742
153000/40691940: 2754
154000/40882435: 2767
155000/41069801: 2780
156000/41242169: 2791
157000/41422695: 2804
158000/41592865: 2815
159000/41764853: 2827
160000/41953576: 2840
161000/42129871: 2852
162000/42304888: 2863
163000/42471452: 2875
164000/42649420: 2887
165000/42838022: 2900
166000/43027192: 2913
167000/43217600: 2926
168000/43409638: 2939
169000/43597287: 2952
170000/43781849: 2965
171000/43978859: 2978
172000/44178604: 2991
173000/44371431: 3004
174000/44554891: 3017
175000/44735811: 3029
176000/44932985: 3043
177000/45122758: 3055
178000/45323269: 3069
179000/45530466: 3083
180000/45731066: 3096
181000/45917962: 3109
File Stats for: /Users/gaurav/Documents/Work/Projects/DataMining/data/gardenhose.2012-11-04.gz
Total time taken: 3109
Total number of lines found = 45951000
Total number of lines With Coordinates = 181169
finding all records with location delhi or new york data for: /Users/gaurav/Documents/Work/Projects/DataMining/data/gardenhose.2012-11-05.gz
1000/194617: 13
2000/392862: 26
3000/588784: 39
4000/796436: 53
5000/1005850: 67
6000/1228216: 82
7000/1462651: 98
8000/1711412: 115
9000/1968443: 132
10000/2248554: 150
11000/2545168: 170
12000/2863896: 191
13000/3218306: 215
14000/3597252: 240
15000/4021961: 269
16000/4491288: 301
17000/4965443: 333
18000/5476523: 368
19000/6031090: 406
20000/6555461: 442
21000/7031461: 475
22000/7463046: 505
23000/7849080: 531
24000/8234135: 558
25000/8602055: 583
26000/8997808: 610
27000/9327177: 633
28000/9653406: 655
29000/10002205: 679
30000/10391820: 704
31000/10753407: 729
32000/11075903: 751
33000/11413609: 775
34000/11741699: 797
35000/12054943: 819
36000/12344123: 838
37000/12655004: 860
38000/12957577: 881
39000/13247256: 901
40000/13529020: 920
41000/13806725: 939
42000/14096591: 959
43000/14386852: 979
44000/14656744: 998
45000/14915731: 1016
46000/15176499: 1034
47000/15431432: 1051
48000/15704966: 1070
49000/15952328: 1087
50000/16204770: 1105
51000/16448877: 1121
52000/16686699: 1137
53000/16926529: 1154
54000/17173600: 1170
55000/17412130: 1187
56000/17659195: 1203
57000/17891867: 1219
58000/18144598: 1235
59000/18366779: 1250
60000/18593919: 1265
61000/18815723: 1280
62000/19040981: 1295
63000/19260154: 1310
64000/19468853: 1324
65000/19685074: 1338
66000/19917262: 1353
67000/20145491: 1368
68000/20376133: 1383
69000/20617621: 1399
70000/20846356: 1414
71000/21065805: 1429
72000/21277958: 1444
73000/21488461: 1459
74000/21702586: 1473
75000/21910297: 1487
76000/22119328: 1501
77000/22324706: 1515
78000/22546824: 1530
79000/22759741: 1544
80000/22979060: 1559
81000/23192164: 1573
82000/23410352: 1588
83000/23635875: 1603
84000/23854990: 1618
85000/24076228: 1633
86000/24302475: 1648
87000/24510554: 1662
88000/24729591: 1677
89000/24945363: 1691
90000/25163102: 1706
91000/25374895: 1720
92000/25582193: 1734
93000/25794694: 1748
94000/26002855: 1762
95000/26220420: 1776
96000/26433884: 1791
97000/26642299: 1805
98000/26853976: 1819
99000/27068767: 1834
100000/27291524: 1849
101000/27515082: 1864
102000/27735326: 1879
103000/27951817: 1893
104000/28162926: 1908
105000/28394614: 1923
106000/28620884: 1938
107000/28847164: 1954
108000/29075691: 1969
109000/29300034: 1985
110000/29523555: 2000
111000/29747594: 2015
112000/29977529: 2030
113000/30201516: 2046
114000/30427568: 2061
115000/30649882: 2076
116000/30881804: 2092
117000/31097778: 2106
118000/31316876: 2121
119000/31525447: 2135
120000/31732756: 2149
121000/31935163: 2162
122000/32142325: 2176
123000/32339208: 2189
124000/32545975: 2203
125000/32748916: 2217
126000/32947011: 2230
127000/33136911: 2243
128000/33334264: 2256
129000/33515749: 2268
130000/33715257: 2281
131000/33914210: 2295
132000/34104078: 2307
133000/34297594: 2320
134000/34482468: 2333
135000/34662314: 2345
136000/34854912: 2358
137000/35043905: 2372
138000/35234467: 2389
139000/35425163: 2403
140000/35600445: 2415
141000/35779591: 2427
142000/35952186: 2439
143000/36126420: 2451
144000/36303054: 2463
145000/36475745: 2474
146000/36640682: 2485
147000/36818758: 2497
148000/36995027: 2509
149000/37163779: 2520
150000/37336667: 2532
151000/37510626: 2544
152000/37678159: 2555
153000/37842854: 2566
154000/38017696: 2578
155000/38203111: 2591
156000/38373811: 2602
157000/38551907: 2614
158000/38722207: 2626
159000/38894465: 2638
160000/39064133: 2650
161000/39255040: 2663
162000/39428946: 2675
163000/39603755: 2687
164000/39788282: 2699
165000/39967140: 2711
166000/40135814: 2723
167000/40319418: 2735
168000/40498433: 2747
169000/40684477: 2760
170000/40856808: 2772
171000/41032915: 2783
172000/41214883: 2796
173000/41396094: 2808
174000/41582916: 2821
175000/41766570: 2833
File Stats for: /Users/gaurav/Documents/Work/Projects/DataMining/data/gardenhose.2012-11-05.gz
Total time taken: 2833
Total number of lines found = 41850000
Total number of lines With Coordinates = 175434
finding all records with location delhi or new york data for: /Users/gaurav/Documents/Work/Projects/DataMining/data/gardenhose.2012-11-06.gz
1000/179073: 12
2000/359530: 24
3000/547718: 36
4000/749748: 50
5000/960218: 64
6000/1177041: 78
7000/1385734: 92
8000/1610467: 107
9000/1849265: 123
10000/2086832: 139
11000/2359311: 157
12000/2627781: 175
13000/2946465: 196
14000/3269424: 217
15000/3626294: 241
16000/4007311: 267
17000/4482615: 299
18000/4967164: 332
19000/5474877: 367
20000/5965993: 401
21000/6476806: 435
22000/6958731: 468
23000/7399133: 498
24000/7779620: 525
25000/8155613: 551
26000/8511578: 575
27000/8842364: 598
28000/9160859: 620
29000/9499610: 643
30000/9814181: 665
31000/10122708: 686
32000/10419780: 707
33000/10711825: 727
34000/11012726: 748
35000/11295710: 768
36000/11586365: 788
37000/11880134: 808
38000/12188293: 829
39000/12455769: 848
40000/12725535: 867
41000/12988274: 885
42000/13239882: 902
43000/13480464: 919
44000/13725363: 936
45000/13980045: 953
46000/14233235: 971
47000/14471947: 987
48000/14719155: 1005
49000/14948748: 1020
50000/15206783: 1039
51000/15450432: 1055
52000/15670266: 1071
53000/15907267: 1091
54000/16134248: 1110
55000/16361639: 1126
56000/16581820: 1141
57000/16793201: 1155
58000/17008198: 1170
59000/17216553: 1185
60000/17437049: 1200
61000/17653255: 1214
62000/17848469: 1228
63000/18052786: 1241
64000/18263508: 1256
65000/18480152: 1270
66000/18684207: 1284
67000/18882021: 1298
68000/19071794: 1310
69000/19278406: 1324
70000/19476229: 1338
71000/19668479: 1351
72000/19870025: 1365
73000/20072929: 1379
74000/20261006: 1391
75000/20452643: 1404
76000/20648193: 1418
77000/20838097: 1431
78000/21041425: 1444
79000/21236793: 1458
80000/21426865: 1471
81000/21615401: 1484
82000/21808992: 1497
83000/22000272: 1510
84000/22200621: 1524
85000/22401625: 1538
86000/22595623: 1551
87000/22782099: 1564
88000/22975343: 1577
89000/23185455: 1592
90000/23373677: 1605
91000/23587570: 1619
92000/23785282: 1633
93000/23998166: 1648
94000/24206432: 1662
95000/24418581: 1676
96000/24628747: 1690
97000/24839975: 1705
98000/25041734: 1718
99000/25245614: 1732
100000/25455633: 1746
101000/25672138: 1761
102000/25869863: 1774
103000/26085996: 1789
104000/26292583: 1802
105000/26504000: 1817
106000/26718002: 1831
107000/26907632: 1844
108000/27106118: 1857
109000/27316573: 1871
110000/27547413: 1887
111000/27764548: 1902
112000/28005114: 1918
113000/28217268: 1932
114000/28425513: 1947
115000/28645189: 1962
116000/28868737: 1977
117000/29099471: 1993
118000/29310032: 2007
119000/29538853: 2023
120000/29752918: 2037
121000/29972393: 2051
122000/30191814: 2066
123000/30422982: 2082
124000/30633776: 2096
125000/30847638: 2110
126000/31065980: 2125
127000/31269417: 2139
128000/31484480: 2153
129000/31689462: 2167
130000/31887425: 2181
131000/32088304: 2194
132000/32292628: 2208
133000/32491434: 2222
134000/32677378: 2234
135000/32868410: 2247
136000/33054187: 2260
137000/33231180: 2272
138000/33421444: 2285
139000/33606937: 2298
140000/33775828: 2309
141000/33946204: 2321
142000/34108564: 2332
143000/34276353: 2344
144000/34449904: 2356
145000/34615562: 2367
146000/34777846: 2379
147000/34935173: 2389
148000/35090966: 2400
149000/35255993: 2412
150000/35419234: 2423
151000/35588801: 2435
152000/35753973: 2446
153000/35917560: 2457
154000/36077021: 2468
155000/36237092: 2479
156000/36402147: 2491
157000/36564836: 2502
158000/36727293: 2514
159000/36879960: 2524
160000/37024283: 2534
161000/37172759: 2544
162000/37321897: 2555
163000/37469246: 2565
164000/37616593: 2575
165000/37756343: 2585
166000/37886496: 2594
167000/38024270: 2604
168000/38161898: 2614
169000/38295845: 2623
170000/38419819: 2632
171000/38548185: 2641
172000/38677190: 2650
173000/38804561: 2659
174000/38936191: 2668
175000/39069891: 2677
176000/39201272: 2687
177000/39334855: 2696
178000/39468177: 2705
179000/39609573: 2715
180000/39734864: 2724
181000/39862547: 2733
182000/39994749: 2743
183000/40127109: 2752
184000/40260641: 2762
185000/40399645: 2772
186000/40536551: 2781
187000/40671771: 2791
188000/40807935: 2801
189000/40943823: 2810
190000/41090121: 2820
191000/41229997: 2830
192000/41365879: 2840
193000/41505771: 2850
194000/41640418: 2859
195000/41769847: 2868
196000/41901107: 2878
197000/42029237: 2887
198000/42149398: 2895
199000/42272905: 2904
200000/42383797: 2912
201000/42481032: 2918
202000/42576739: 2925
203000/42668330: 2932
204000/42761862: 2939
205000/42855721: 2946
206000/42958447: 2953
207000/43059742: 2961
208000/43159377: 2968
209000/43255963: 2976
210000/43357729: 2983
211000/43452500: 2990
212000/43562559: 2999
213000/43663075: 3006
214000/43767760: 3014
215000/43874313: 3022
216000/43981307: 3030
217000/44089631: 3038
218000/44201033: 3047
219000/44313877: 3055
220000/44420620: 3063
221000/44530549: 3071
222000/44641728: 3079
223000/44750428: 3087
224000/44864709: 3095
225000/44974277: 3103
226000/45086058: 3112
File Stats for: /Users/gaurav/Documents/Work/Projects/DataMining/data/gardenhose.2012-11-06.gz
Total time taken: 3112
Total number of lines found = 45171000
Total number of lines With Coordinates = 226758
finding all records with location delhi or new york data for: /Users/gaurav/Documents/Work/Projects/DataMining/data/gardenhose.2012-11-07.gz
1000/116808: 8
2000/234160: 17
3000/347200: 25
4000/464844: 33
5000/582016: 42
6000/702482: 51
7000/821224: 59
8000/939211: 67
9000/1054829: 76
10000/1173811: 84
11000/1303829: 93
12000/1430175: 102
13000/1560272: 112
14000/1691121: 121
15000/1812416: 129
16000/1934503: 138
17000/2054362: 146
18000/2180591: 155
19000/2319361: 165
20000/2466034: 175
21000/2622818: 186
22000/2781353: 196
23000/2937384: 207
24000/3083747: 217
25000/3234300: 228
26000/3385636: 238
27000/3524938: 248
28000/3698738: 260
29000/3917714: 275
30000/4162559: 291
31000/4455017: 311
32000/4775983: 333
33000/5175785: 361
34000/5618047: 391
35000/6049630: 421
36000/6567860: 456
37000/7052609: 490
38000/7531237: 523
39000/7989931: 555
40000/8405925: 584
41000/8800956: 611
42000/9186003: 637
43000/9529546: 661
44000/9877788: 685
45000/10203584: 708
46000/10540258: 731
47000/10863178: 753
48000/11196372: 776
49000/11531386: 799
50000/11884390: 823
51000/12223357: 847
52000/12564616: 870
53000/12863394: 891
54000/13176122: 912
55000/13474672: 933
56000/13786442: 954
57000/14089389: 975
58000/14380831: 995
59000/14683866: 1016
60000/14984732: 1036
61000/15271070: 1056
62000/15569631: 1076
63000/15844048: 1095
64000/16130641: 1115
65000/16401372: 1133
66000/16655294: 1150
67000/16905457: 1167
68000/17154923: 1184
69000/17404424: 1201
70000/17619722: 1216
71000/17843274: 1231
72000/18069525: 1246
73000/18287076: 1261
74000/18508901: 1276
75000/18735270: 1291
76000/18965023: 1307
77000/19186714: 1321
78000/19390486: 1335
79000/19586369: 1348
80000/19797941: 1363
81000/20018184: 1377
82000/20229731: 1392
83000/20433393: 1405
84000/20643392: 1419
85000/20854106: 1433
86000/21054193: 1447
87000/21259087: 1460
88000/21467224: 1474
89000/21673008: 1488
90000/21871341: 1501
91000/22059320: 1513
92000/22261977: 1527
93000/22460824: 1540
94000/22654636: 1553
95000/22844345: 1566
96000/23037031: 1579
97000/23243169: 1592
98000/23424964: 1605
99000/23614402: 1617
100000/23803796: 1630
101000/23979922: 1642
102000/24175243: 1655
103000/24366050: 1668
104000/24563782: 1681
105000/24753185: 1694
106000/24951096: 1707
107000/25130877: 1719
108000/25304338: 1731
109000/25496135: 1744
110000/25681365: 1756
111000/25866137: 1769
112000/26068446: 1782
113000/26267789: 1796
114000/26458951: 1808
115000/26659059: 1822
116000/26845105: 1835
117000/27036054: 1847
118000/27239773: 1861
119000/27440530: 1875
120000/27639100: 1888
121000/27861627: 1903
122000/28066767: 1917
123000/28287200: 1931
124000/28511124: 1946
125000/28729704: 1960
126000/28948338: 1975
127000/29164215: 1989
128000/29381311: 2003
129000/29599340: 2018
130000/29831097: 2033
131000/30055435: 2048
132000/30282178: 2064
133000/30503789: 2078
134000/30729488: 2094
135000/30963860: 2110
136000/31180575: 2124
137000/31412966: 2140
138000/31634321: 2155
139000/31830914: 2168
140000/32039360: 2182
141000/32237874: 2196
142000/32440843: 2210
143000/32648848: 2224
144000/32848572: 2237
145000/33049670: 2250
146000/33258707: 2264
147000/33459646: 2278
148000/33666845: 2292
149000/33865392: 2305
150000/34067338: 2318
151000/34251447: 2330
152000/34436003: 2343
153000/34620361: 2355
154000/34804986: 2367
155000/35001060: 2380
156000/35167716: 2391
157000/35351776: 2403
158000/35542024: 2415
159000/35720308: 2427
160000/35895768: 2439
161000/36084814: 2451
162000/36245875: 2462
163000/36421955: 2473
164000/36602031: 2485
165000/36784497: 2497
166000/36956424: 2508
167000/37126783: 2519
168000/37303993: 2530
169000/37477889: 2542
170000/37658501: 2554
171000/37826768: 2565
172000/37995738: 2576
173000/38165654: 2587
174000/38326610: 2597
175000/38504342: 2609
176000/38670473: 2620
177000/38841397: 2632
178000/39004834: 2643
179000/39177592: 2654
180000/39348618: 2665
181000/39522322: 2677
182000/39696220: 2688
183000/39885692: 2701
184000/40062161: 2713
185000/40247701: 2725
186000/40428811: 2737
187000/40624849: 2750
188000/40812488: 2762
189000/41002750: 2775
190000/41202026: 2788
191000/41395108: 2800
192000/41594224: 2812
193000/41776479: 2824
194000/41980056: 2837
195000/42190884: 2851
196000/42383988: 2863
197000/42584233: 2876
198000/42800579: 2890
File Stats for: /Users/gaurav/Documents/Work/Projects/DataMining/data/gardenhose.2012-11-07.gz
Total time taken: 2890
Total number of lines found = 42870000
Total number of lines With Coordinates = 198307
finding all records with location delhi or new york data for: /Users/gaurav/Documents/Work/Projects/DataMining/data/gardenhose.2012-11-08.gz
1000/200739: 12
2000/421771: 26
3000/654413: 41
4000/885447: 56
5000/1129300: 71
6000/1374820: 87
7000/1626448: 102
8000/1893628: 119
9000/2197091: 138
10000/2535152: 160
11000/2901226: 182
12000/3295834: 207
13000/3740279: 235
14000/4210235: 265
15000/4694918: 295
16000/5234588: 330
17000/5801815: 367
18000/6334532: 401
19000/6830693: 434
20000/7345166: 468
21000/7813058: 499
22000/8229188: 527
23000/8641240: 555
24000/9024557: 581
25000/9419078: 607
26000/9791326: 633
27000/10168052: 658
28000/10540433: 683
29000/10894118: 707
30000/11233654: 730
31000/11595537: 754
32000/11936480: 777
33000/12278744: 800
34000/12593792: 821
35000/12905191: 843
36000/13236977: 865
37000/13555363: 887
38000/13858725: 907
39000/14163391: 927
40000/14466118: 947
41000/14762146: 967
42000/15059972: 987
43000/15353615: 1007
44000/15652269: 1027
45000/15914235: 1044
46000/16192276: 1063
47000/16446075: 1080
48000/16714084: 1098
49000/16966307: 1117
50000/17212580: 1138
51000/17452898: 1156
52000/17692084: 1171
53000/17928490: 1187
54000/18175562: 1203
55000/18413843: 1219
56000/18635366: 1234
57000/18850379: 1248
58000/19082186: 1263
59000/19308329: 1278
60000/19526365: 1292
61000/19752917: 1307
62000/19962979: 1321
63000/20193860: 1336
64000/20413632: 1351
65000/20623902: 1365
66000/20842625: 1379
67000/21062498: 1393
68000/21292048: 1408
69000/21517932: 1423
70000/21737677: 1438
71000/21953881: 1453
72000/22171895: 1467
73000/22403979: 1482
74000/22621867: 1497
75000/22849255: 1512
76000/23066760: 1526
77000/23274771: 1540
78000/23490122: 1554
79000/23715327: 1569
80000/23916584: 1583
81000/24121411: 1596
82000/24334633: 1611
83000/24542991: 1624
84000/24760478: 1639
85000/24978590: 1653
86000/25188201: 1667
87000/25400912: 1682
88000/25614088: 1696
89000/25828379: 1711
90000/26055520: 1726
91000/26270573: 1740
92000/26496203: 1755
93000/26733235: 1771
94000/26966344: 1786
95000/27190316: 1801
96000/27429953: 1816
97000/27660180: 1830
98000/27892682: 1846
99000/28136813: 1862
100000/28398224: 1879
101000/28629199: 1894
102000/28868809: 1910
103000/29113808: 1926
104000/29362306: 1943
105000/29596082: 1959
106000/29829523: 1974
107000/30080381: 1991
108000/30320411: 2007
109000/30573020: 2024
110000/30802877: 2039
111000/31049155: 2056
112000/31295380: 2072
113000/31517492: 2087
114000/31746457: 2102
115000/31967233: 2117
116000/32198330: 2133
117000/32408799: 2147
118000/32622628: 2161
119000/32835811: 2175
120000/33046251: 2189
121000/33248290: 2204
122000/33463960: 2218
123000/33661889: 2232
124000/33855005: 2245
125000/34023206: 2256
126000/34197445: 2267
127000/34392945: 2280
128000/34576428: 2293
129000/34753761: 2304
130000/34929043: 2315
131000/35096147: 2326
132000/35275964: 2337
133000/35473013: 2350
134000/35659620: 2362
135000/35839371: 2374
136000/36015940: 2386
137000/36192770: 2397
138000/36374185: 2410
139000/36554483: 2421
140000/36747321: 2434
141000/36949188: 2448
142000/37137660: 2460
143000/37335080: 2473
144000/37519054: 2485
145000/37708227: 2498
146000/37892096: 2510
147000/38093989: 2524
148000/38295339: 2537
149000/38499159: 2551
150000/38687004: 2563
151000/38893902: 2577
152000/39096908: 2590
153000/39299878: 2604
154000/39503872: 2617
155000/39713438: 2631
156000/39912978: 2644
157000/40111560: 2658
158000/40307979: 2672
159000/40502861: 2685
160000/40703996: 2698
161000/40916041: 2712
162000/41116319: 2726
163000/41327864: 2739
164000/41532417: 2753
File Stats for: /Users/gaurav/Documents/Work/Projects/DataMining/data/gardenhose.2012-11-08.gz
Total time taken: 2753
Total number of lines found = 41556000
Total number of lines With Coordinates = 164103
finding all records with location delhi or new york data for: /Users/gaurav/Documents/Work/Projects/DataMining/data/gardenhose.2012-11-09.gz
1000/212100: 14
2000/423404: 28
3000/641583: 42
4000/876713: 58
5000/1114816: 73
6000/1357114: 89
7000/1606091: 105
8000/1880134: 123
9000/2169892: 142
10000/2493952: 163
11000/2831555: 185
12000/3192293: 208
13000/3587555: 235
14000/4015635: 263
15000/4443858: 292
16000/4915051: 323
17000/5386892: 355
18000/5919717: 391
19000/6441265: 426
20000/6942157: 460
21000/7394529: 491
22000/7845393: 521
23000/8279896: 551
24000/8667768: 577
25000/9056726: 604
26000/9462125: 631
27000/9864772: 658
28000/10217122: 682
29000/10611027: 709
30000/10983227: 734
31000/11354864: 759
32000/11734030: 785
33000/12102350: 811
34000/12478976: 836
35000/12831097: 860
36000/13166004: 883
37000/13504338: 906
38000/13825999: 928
39000/14126620: 948
40000/14431728: 969
41000/14748065: 990
42000/15054908: 1011
43000/15355234: 1032
44000/15652916: 1052
45000/15958582: 1072
46000/16261780: 1091
47000/16574873: 1110
48000/16849243: 1128
49000/17135993: 1147
50000/17399150: 1165
51000/17666687: 1183
52000/17935633: 1201
53000/18189902: 1218
54000/18446551: 1235
55000/18700454: 1253
56000/18946444: 1269
57000/19186935: 1285
58000/19419653: 1301
59000/19665815: 1317
60000/19888127: 1332
61000/20108895: 1347
62000/20347314: 1363
63000/20579681: 1378
64000/20797881: 1392
65000/21024434: 1408
66000/21244698: 1423
67000/21462420: 1437
68000/21685828: 1452
69000/21901838: 1466
70000/22103881: 1479
71000/22319391: 1494
72000/22527106: 1508
73000/22735420: 1522
74000/22951481: 1536
75000/23204208: 1551
76000/23418462: 1566
77000/23611602: 1579
78000/23813625: 1594
79000/24017737: 1608
80000/24211377: 1621
81000/24413415: 1634
82000/24615015: 1647
83000/24820743: 1660
84000/25043267: 1674
85000/25264090: 1687
86000/25485220: 1702
87000/25711851: 1717
88000/25931917: 1732
89000/26143914: 1746
90000/26358466: 1761
91000/26587691: 1776
92000/26827037: 1792
93000/27070945: 1808
94000/27312267: 1824
95000/27562649: 1841
96000/27789800: 1856
97000/28040394: 1873
98000/28287996: 1890
99000/28536679: 1906
100000/28786823: 1923
101000/29035205: 1940
102000/29279194: 1956
103000/29544095: 1973
104000/29788520: 1989
105000/30037263: 2005
106000/30297070: 2022
107000/30543033: 2038
108000/30807370: 2056
109000/31057799: 2072
110000/31297974: 2091
111000/31538332: 2111
112000/31780858: 2129
113000/32011339: 2144
114000/32253139: 2160
115000/32480138: 2175
116000/32720450: 2191
117000/32956025: 2207
118000/33197267: 2223
119000/33422453: 2238
120000/33637987: 2252
121000/33878739: 2268
122000/34112025: 2283
123000/34348522: 2299
124000/34572373: 2314
125000/34796669: 2329
126000/35026279: 2344
127000/35241898: 2359
128000/35490543: 2375
129000/35716366: 2390
130000/35963185: 2407
131000/36190827: 2422
132000/36407300: 2436
133000/36627486: 2451
134000/36857948: 2466
135000/37087438: 2481
136000/37286274: 2495
137000/37522885: 2511
138000/37755762: 2526
139000/37980467: 2541
140000/38212091: 2557
141000/38448322: 2572
142000/38673881: 2587
143000/38899543: 2602
144000/39127313: 2617
145000/39354824: 2633
146000/39570706: 2647
147000/39804581: 2662
148000/40022185: 2677
File Stats for: /Users/gaurav/Documents/Work/Projects/DataMining/data/gardenhose.2012-11-09.gz
Total time taken: 2677
Total number of lines found = 40194000
Total number of lines With Coordinates = 148711
finding all records with location delhi or new york data for: /Users/gaurav/Documents/Work/Projects/DataMining/data/gardenhose.2012-11-10.gz
1000/219148: 14
2000/451235: 29
3000/709263: 46
4000/966149: 63
5000/1220603: 80
6000/1487318: 98
7000/1760208: 116
8000/2038951: 134
9000/2327257: 153
10000/2635163: 173
11000/2941561: 193
12000/3283636: 216
13000/3649845: 240
14000/4041540: 266
15000/4483938: 295
16000/5017400: 330
17000/5581032: 368
18000/6153230: 406
19000/6769163: 448
20000/7381878: 489
21000/8023088: 533
22000/8572073: 570
23000/9172898: 611
24000/9718593: 648
25000/10216716: 682
26000/10707991: 716
27000/11197227: 750
28000/11628579: 779
29000/12035220: 807
30000/12458635: 836
31000/12878323: 865
32000/13246201: 890
33000/13643900: 917
34000/14023664: 943
35000/14368477: 966
36000/14714219: 989
37000/15062361: 1013
38000/15396520: 1036
39000/15746141: 1060
40000/16079132: 1083
41000/16397799: 1105
42000/16738653: 1128
43000/17049160: 1149
44000/17372714: 1171
45000/17681162: 1192
46000/17979963: 1212
47000/18264677: 1231
48000/18572337: 1252
49000/18840356: 1270
50000/19117308: 1288
51000/19385455: 1306
52000/19639003: 1323
53000/19906962: 1341
54000/20190873: 1359
55000/20456131: 1377
56000/20715331: 1394
57000/20973795: 1411
58000/21236764: 1429
59000/21505869: 1447
60000/21752542: 1463
61000/22015602: 1481
62000/22252966: 1496
63000/22485828: 1512
64000/22730820: 1528
65000/22981210: 1545
66000/23228972: 1561
67000/23490578: 1579
68000/23732147: 1595
69000/23973538: 1611
70000/24214033: 1627
71000/24473017: 1644
72000/24723023: 1661
73000/24968664: 1677
74000/25212326: 1694
75000/25468059: 1711
76000/25724381: 1728
77000/25968150: 1744
78000/26229639: 1761
79000/26488933: 1778
80000/26740349: 1795
81000/27009742: 1813
82000/27270746: 1830
83000/27515760: 1846
84000/27783665: 1864
85000/28041628: 1881
86000/28304658: 1898
87000/28543603: 1914
88000/28807653: 1932
89000/29064302: 1949
90000/29323310: 1966
91000/29593508: 1983
92000/29855848: 2000
93000/30115027: 2017
94000/30372367: 2034
95000/30626919: 2051
96000/30901513: 2070
97000/31162932: 2087
98000/31422286: 2104
99000/31693624: 2122
100000/31949163: 2139
101000/32214027: 2157
102000/32467828: 2174
103000/32719457: 2190
104000/32982191: 2208
105000/33228852: 2224
106000/33491151: 2242
107000/33742730: 2259
108000/33988485: 2275
109000/34241966: 2291
110000/34501942: 2309
111000/34746335: 2325
112000/34981350: 2340
113000/35230948: 2357
114000/35495510: 2374
115000/35758214: 2392
116000/36004683: 2408
117000/36247540: 2425
118000/36484470: 2441
119000/36728985: 2457
120000/36942720: 2471
121000/37184158: 2487
122000/37430982: 2503
123000/37661246: 2519
124000/37895758: 2534
125000/38136235: 2550
126000/38379634: 2566
127000/38627764: 2583
128000/38871177: 2599
129000/39104993: 2616
130000/39348011: 2636
131000/39574715: 2653
132000/39795174: 2668
133000/40020430: 2683
134000/40242495: 2698
135000/40470768: 2713
136000/40688273: 2728
137000/40919785: 2743
File Stats for: /Users/gaurav/Documents/Work/Projects/DataMining/data/gardenhose.2012-11-10.gz
Total time taken: 2743
Total number of lines found = 40941000
Total number of lines With Coordinates = 137095
finding all records with location delhi or new york data for: /Users/gaurav/Documents/Work/Projects/DataMining/data/gardenhose.2012-11-11.gz
1000/221474: 14
2000/440678: 29
3000/690178: 45
4000/934459: 61
5000/1175563: 77
6000/1403186: 93
7000/1635941: 108
8000/1879152: 124
9000/2146473: 142
10000/2403535: 159
11000/2663038: 176
12000/2924245: 193
13000/3203547: 212
14000/3484409: 230
15000/3793714: 251
16000/4145698: 274
17000/4531439: 300
18000/4940136: 327
19000/5378209: 356
20000/5867534: 389
21000/6381582: 424
22000/6929268: 461
23000/7548496: 503
24000/8195446: 547
25000/8890886: 596
26000/9571686: 641
27000/10222152: 684
28000/10827848: 726
29000/11403542: 765
30000/11916641: 800
31000/12429059: 835
32000/12932609: 869
33000/13398133: 901
34000/13854873: 932
35000/14285887: 961
36000/14715259: 991
37000/15095195: 1017
38000/15494334: 1044
39000/15870569: 1069
40000/16239463: 1094
41000/16593739: 1118
42000/16956607: 1143
43000/17291199: 1166
44000/17623177: 1188
45000/17945254: 1210
46000/18293310: 1233
47000/18609225: 1254
48000/18911562: 1274
49000/19194061: 1293
50000/19478443: 1312
51000/19751830: 1331
52000/20034196: 1349
53000/20313269: 1368
54000/20574005: 1385
55000/20815984: 1402
56000/21067590: 1418
57000/21319436: 1435
58000/21579304: 1453
59000/21835801: 1470
60000/22094566: 1487
61000/22348480: 1504
62000/22597721: 1520
63000/22865885: 1538
64000/23114476: 1555
65000/23368964: 1572
66000/23610746: 1588
67000/23849844: 1604
68000/24104460: 1621
69000/24355452: 1637
70000/24612615: 1654
71000/24881214: 1672
72000/25153239: 1690
73000/25405173: 1707
74000/25654627: 1723
75000/25925067: 1741
76000/26199334: 1759
77000/26486262: 1778
78000/26754764: 1795
79000/27015952: 1812
80000/27270136: 1829
81000/27500928: 1844
82000/27772666: 1862
83000/28034384: 1880
84000/28273041: 1896
85000/28528876: 1913
86000/28809065: 1932
87000/29089841: 1950
88000/29368880: 1969
89000/29656470: 1988
90000/29933568: 2007
91000/30211626: 2025
92000/30480837: 2043
93000/30763599: 2062
94000/31056270: 2081
95000/31314804: 2098
96000/31593137: 2116
97000/31885975: 2136
98000/32148729: 2153
99000/32411051: 2170
100000/32667484: 2187
101000/32961758: 2207
102000/33234700: 2225
103000/33515346: 2244
104000/33776910: 2262
105000/34031017: 2279
106000/34292259: 2296
107000/34548798: 2313
108000/34802670: 2330
109000/35045248: 2346
110000/35289890: 2362
111000/35536099: 2377
112000/35767506: 2392
113000/35976032: 2406
114000/36198023: 2420
115000/36394710: 2433
116000/36611108: 2447
117000/36846022: 2463
118000/37073399: 2478
119000/37311076: 2493
120000/37562681: 2510
121000/37781465: 2524
122000/38003985: 2539
123000/38231297: 2553
124000/38449052: 2568
125000/38665352: 2582
126000/38875353: 2596
127000/39085763: 2609
128000/39305184: 2624
129000/39540166: 2639
130000/39764029: 2654
131000/39985280: 2669
132000/40202878: 2683
133000/40417078: 2697
134000/40611829: 2710
135000/40800063: 2722
136000/41003061: 2736
137000/41216239: 2750
138000/41413124: 2763
139000/41624726: 2777
140000/41834016: 2791
141000/42047095: 2805
142000/42265292: 2819
143000/42479870: 2833
144000/42692827: 2848
145000/42898161: 2861
146000/43091406: 2874
147000/43313445: 2889
148000/43533271: 2904
149000/43749148: 2918
150000/43976043: 2933
151000/44188724: 2947
152000/44403500: 2961
153000/44611724: 2975
154000/44818938: 2989
155000/45021201: 3002
156000/45230030: 3017
157000/45442349: 3031
158000/45659302: 3046
159000/45868620: 3060
160000/46059214: 3072
161000/46264418: 3086
File Stats for: /Users/gaurav/Documents/Work/Projects/DataMining/data/gardenhose.2012-11-11.gz
Total time taken: 3086
Total number of lines found = 46434000
Total number of lines With Coordinates = 161815
finding all records with location delhi or new york data for: /Users/gaurav/Documents/Work/Projects/DataMining/data/gardenhose.2012-11-12.gz
1000/199306: 13
2000/405394: 27
3000/602525: 39
4000/812106: 53
5000/1032417: 68
6000/1243207: 82
7000/1454669: 95
8000/1677205: 110
9000/1925993: 126
10000/2154862: 141
11000/2410968: 157
12000/2689830: 175
13000/2978046: 194
14000/3289569: 214
15000/3652579: 237
16000/4051547: 262
17000/4492230: 291
18000/4961904: 321
19000/5474074: 355
20000/6028238: 391
21000/6581199: 428
22000/7116852: 463
23000/7672849: 503
24000/8201386: 540
25000/8761338: 577
26000/9308192: 614
27000/9818853: 648
28000/10224270: 676
29000/10687450: 708
30000/11105183: 736
31000/11520028: 763
32000/11888804: 788
33000/12227724: 811
34000/12579021: 835
35000/12929083: 859
36000/13230068: 879
37000/13497023: 897
38000/13771305: 915
39000/14065726: 935
40000/14344631: 953
41000/14645990: 974
42000/14934737: 993
43000/15217104: 1012
44000/15503502: 1031
45000/15787864: 1050
46000/16066875: 1069
47000/16323231: 1086
48000/16576870: 1103
49000/16837153: 1121
50000/17096700: 1144
51000/17348486: 1162
52000/17598529: 1179
53000/17832396: 1194
54000/18076478: 1211
55000/18310263: 1226
56000/18548818: 1242
57000/18770500: 1257
58000/18995559: 1272
59000/19214833: 1286
60000/19441272: 1302
61000/19681416: 1317
62000/19911446: 1333
63000/20143287: 1348
64000/20355453: 1362
65000/20580272: 1377
66000/20818772: 1393
67000/21041334: 1408
68000/21272907: 1423
69000/21498125: 1438
70000/21728987: 1454
71000/21944802: 1468
72000/22176237: 1483
73000/22398258: 1497
74000/22618378: 1511
75000/22858106: 1526
76000/23087478: 1540
77000/23313851: 1555
78000/23533836: 1569
79000/23764128: 1583
80000/23991002: 1598
81000/24216389: 1612
82000/24453899: 1627
83000/24680448: 1642
84000/24921431: 1657
85000/25155871: 1672
86000/25392561: 1687
87000/25629365: 1702
88000/25871183: 1718
89000/26111268: 1733
90000/26351321: 1748
91000/26579758: 1763
92000/26823658: 1778
93000/27075809: 1794
94000/27328203: 1811
95000/27584069: 1827
96000/27841563: 1843
97000/28099667: 1859
98000/28366691: 1876
99000/28618997: 1892
100000/28857914: 1908
101000/29095488: 1923
102000/29338560: 1938
103000/29595343: 1955
104000/29854117: 1972
105000/30107424: 1989
106000/30361140: 2005
107000/30622317: 2022
108000/30879186: 2038
109000/31138622: 2055
110000/31362224: 2070
111000/31601339: 2086
112000/31841251: 2101
113000/32084676: 2117
114000/32339681: 2133
115000/32579569: 2148
116000/32829182: 2164
117000/33079484: 2181
118000/33316951: 2196
119000/33539523: 2211
120000/33745741: 2224
121000/33961223: 2238
122000/34178475: 2252
123000/34412172: 2267
124000/34635786: 2281
125000/34865491: 2296
126000/35095923: 2311
127000/35323596: 2325
128000/35547594: 2339
129000/35759172: 2352
130000/35967794: 2366
131000/36176352: 2379
132000/36383079: 2392
133000/36582178: 2405
134000/36788746: 2418
135000/37002644: 2432
136000/37205905: 2444
137000/37410694: 2457
138000/37619572: 2471
139000/37830477: 2484
140000/38040281: 2497
141000/38239941: 2510
142000/38441777: 2523
143000/38648065: 2536
144000/38849504: 2549
145000/39037773: 2561
146000/39238913: 2574
147000/39428327: 2587
148000/39627745: 2599
149000/39815673: 2612
150000/39992471: 2623
151000/40180056: 2635
152000/40370560: 2647
153000/40570462: 2660
154000/40753521: 2672
155000/40947497: 2684
156000/41132638: 2696
157000/41334264: 2709
158000/41512616: 2721
159000/41698643: 2733
160000/41879263: 2745
161000/42058832: 2756
162000/42233786: 2768
163000/42404792: 2779
164000/42582875: 2791
165000/42755556: 2802
166000/42939521: 2814
167000/43121307: 2826
168000/43309845: 2838
169000/43486476: 2850
170000/43664884: 2861
171000/43843962: 2873
172000/44017448: 2884
173000/44193001: 2895
174000/44374574: 2907
File Stats for: /Users/gaurav/Documents/Work/Projects/DataMining/data/gardenhose.2012-11-12.gz
Total time taken: 2907
Total number of lines found = 44550000
Total number of lines With Coordinates = 174918
finding all records with location delhi or new york data for: /Users/gaurav/Documents/Work/Projects/DataMining/data/gardenhose.2012-11-13.gz
1000/169788: 10
2000/365639: 23
3000/556845: 35
4000/777407: 48
5000/990130: 61
6000/1195249: 74
7000/1423870: 88
8000/1663950: 103
9000/1908729: 118
10000/2183762: 134
11000/2481258: 153
12000/2793756: 171
13000/3217722: 194
14000/3656396: 216
15000/4148006: 242
16000/4672801: 270
17000/5251887: 301
18000/5902672: 335
19000/6570244: 370
20000/7310453: 410
21000/7885972: 445
22000/8492516: 483
23000/9047867: 518
24000/9525564: 549
25000/9954502: 576
26000/10361650: 602
27000/10738179: 626
28000/11118838: 651
29000/11507428: 676
30000/11892396: 701
31000/12288192: 726
32000/12698476: 752
33000/13114345: 780
34000/13525177: 806
35000/13895454: 830
36000/14235150: 853
37000/14570640: 874
38000/14933241: 898
39000/15276202: 920
40000/15617703: 942
41000/15954386: 964
42000/16290823: 986
43000/16623033: 1007
44000/16947903: 1028
45000/17264604: 1048
46000/17576136: 1068
47000/17884849: 1088
48000/18180915: 1107
49000/18467926: 1125
50000/18741151: 1143
51000/18997224: 1158
52000/19254271: 1174
53000/19533136: 1192
54000/19791766: 1208
55000/20047948: 1225
56000/20297134: 1240
57000/20555204: 1256
58000/20813655: 1272
59000/21065139: 1286
60000/21313440: 1302
61000/21548859: 1316
62000/21793394: 1332
63000/22037097: 1347
64000/22274220: 1362
65000/22508707: 1377
66000/22762746: 1393
67000/23000501: 1408
68000/23226013: 1422
69000/23456188: 1436
70000/23683073: 1451
71000/23927212: 1467
72000/24134482: 1480
73000/24360158: 1494
74000/24608364: 1510
75000/24854681: 1526
76000/25105763: 1542
77000/25361704: 1558
78000/25606791: 1574
79000/25857201: 1589
80000/26114739: 1606
81000/26379852: 1623
82000/26628407: 1639
83000/26888121: 1657
84000/27141073: 1680
85000/27401235: 1700
86000/27657616: 1717
87000/27915593: 1733
88000/28173881: 1750
89000/28447759: 1767
90000/28684132: 1782
91000/28922325: 1797
92000/29155055: 1812
93000/29388726: 1827
94000/29633934: 1842
95000/29861515: 1857
96000/30080349: 1870
97000/30294834: 1884
98000/30532711: 1899
99000/30754698: 1913
100000/30986706: 1927
101000/31194379: 1940
102000/31407974: 1953
103000/31618307: 1967
104000/31833455: 1980
105000/32052731: 1994
106000/32263563: 2007
107000/32462437: 2020
108000/32677335: 2033
109000/32881493: 2046
110000/33088067: 2059
111000/33293549: 2072
112000/33497580: 2085
113000/33695875: 2097
114000/33890661: 2109
115000/34084980: 2121
116000/34289599: 2134
117000/34489780: 2146
118000/34689454: 2158
119000/34867020: 2169
120000/35059895: 2181
121000/35256045: 2193
122000/35448251: 2206
123000/35639267: 2218
124000/35835834: 2230
125000/36039357: 2243
126000/36240860: 2255
127000/36442637: 2268
128000/36643581: 2280
129000/36828717: 2292
130000/37033138: 2305
131000/37234227: 2318
132000/37449577: 2331
133000/37668405: 2345
134000/37870214: 2357
135000/38092741: 2371
136000/38318006: 2385
137000/38523851: 2398
138000/38743045: 2412
139000/38964974: 2426
140000/39179751: 2439
141000/39406363: 2453
142000/39640193: 2467
143000/39875370: 2482
144000/40108765: 2496
File Stats for: /Users/gaurav/Documents/Work/Projects/DataMining/data/gardenhose.2012-11-13.gz
Total time taken: 2496
Total number of lines found = 40143000
Total number of lines With Coordinates = 144146
finding all records with location delhi or new york data for: /Users/gaurav/Documents/Work/Projects/DataMining/data/gardenhose.2012-11-14.gz
1000/233888: 14
2000/478349: 29
3000/733690: 44
4000/993874: 60
5000/1257484: 75
6000/1531727: 92
7000/1839400: 110
8000/2154894: 129
9000/2500737: 150
10000/2878493: 172
11000/3281168: 196
12000/3714591: 221
13000/4231811: 251
14000/4755357: 282
15000/5357736: 318
16000/5987773: 356
17000/6641736: 395
18000/7260745: 434
19000/7910473: 474
20000/8465660: 508
21000/8957813: 539
22000/9382415: 566
23000/9833985: 595
24000/10291646: 623
25000/10741366: 651
26000/11157767: 677
27000/11588886: 705
28000/11988852: 730
29000/12429750: 759
30000/12878167: 787
31000/13264860: 813
32000/13646563: 837
33000/14012341: 861
34000/14353882: 883
35000/14704728: 906
36000/15060538: 928
37000/15391750: 949
38000/15731058: 971
39000/16069291: 993
40000/16384857: 1013
41000/16721293: 1034
42000/17019116: 1054
43000/17315829: 1072
44000/17614142: 1091
45000/17915420: 1110
46000/18212271: 1129
47000/18504155: 1148
48000/18793074: 1166
49000/19066220: 1183
50000/19337255: 1200
51000/19601368: 1216
52000/19892989: 1234
53000/20159876: 1250
54000/20430284: 1267
55000/20687103: 1282
56000/20941205: 1298
57000/21192216: 1313
58000/21445049: 1329
59000/21681332: 1344
60000/21913569: 1358
61000/22150260: 1373
62000/22381763: 1388
63000/22617420: 1402
64000/22865712: 1418
65000/23095821: 1433
66000/23353639: 1449
67000/23609544: 1465
68000/23851655: 1480
69000/24086278: 1495
70000/24356363: 1512
71000/24600512: 1528
72000/24859394: 1545
73000/25107936: 1561
74000/25371390: 1578
75000/25627264: 1594
76000/25885735: 1611
77000/26113437: 1626
78000/26367505: 1642
79000/26617110: 1659
80000/26880485: 1676
81000/27128097: 1693
82000/27360334: 1708
83000/27648255: 1725
84000/27904341: 1741
85000/28143445: 1757
86000/28395160: 1773
87000/28633720: 1789
88000/28885009: 1805
89000/29111599: 1820
90000/29305878: 1833
91000/29509798: 1847
92000/29721877: 1861
93000/29965213: 1877
94000/30190111: 1891
95000/30423488: 1906
96000/30654695: 1920
97000/30880925: 1934
98000/31125368: 1950
99000/31350158: 1965
100000/31569943: 1979
101000/31777057: 1993
102000/31981387: 2006
103000/32182277: 2019
104000/32391973: 2033
105000/32607307: 2047
106000/32841098: 2062
107000/33035753: 2075
108000/33242856: 2089
109000/33456808: 2102
110000/33670939: 2116
111000/33877901: 2129
112000/34088245: 2143
113000/34285540: 2155
114000/34502441: 2169
115000/34692446: 2182
116000/34875715: 2194
117000/35075863: 2207
118000/35261033: 2219
119000/35437233: 2231
120000/35638007: 2244
121000/35835244: 2257
122000/36029431: 2270
123000/36230825: 2283
124000/36446178: 2297
125000/36650619: 2311
126000/36850883: 2324
127000/37067799: 2338
128000/37288413: 2352
129000/37503481: 2366
130000/37704711: 2379
131000/37906220: 2393
132000/38108735: 2406
133000/38326053: 2420
134000/38529264: 2434
135000/38758770: 2448
136000/38981724: 2462
137000/39222018: 2477
138000/39436956: 2491
File Stats for: /Users/gaurav/Documents/Work/Projects/DataMining/data/gardenhose.2012-11-14.gz
Total time taken: 2491
Total number of lines found = 39609000
Total number of lines With Coordinates = 138777
finding all records with location delhi or new york data for: /Users/gaurav/Documents/Work/Projects/DataMining/data/gardenhose.2012-11-15.gz
1000/236863: 15
2000/478373: 31
3000/719375: 47
4000/976115: 64
5000/1244196: 81
6000/1512252: 97
7000/1800123: 116
8000/2095338: 134
9000/2435582: 155
10000/2815079: 178
11000/3202575: 202
12000/3611751: 228
13000/4056688: 257
14000/4537678: 286
15000/5122044: 322
16000/5735865: 361
17000/6373641: 405
18000/7004954: 445
19000/7564972: 482
20000/8089919: 515
21000/8592345: 547
22000/9031033: 576
23000/9447167: 603
24000/9851832: 628
25000/10267428: 655
26000/10679987: 682
27000/11094479: 710
28000/11504736: 737
29000/11884927: 762
30000/12266226: 788
31000/12678394: 814
32000/13054990: 838
33000/13393340: 861
34000/13724786: 883
35000/14071654: 906
36000/14403788: 928
37000/14729014: 949
38000/15051559: 970
39000/15382771: 992
40000/15714936: 1013
41000/16025600: 1033
42000/16317080: 1052
43000/16616689: 1071
44000/16907706: 1090
45000/17204982: 1109
46000/17474656: 1127
47000/17735921: 1144
48000/18014308: 1162
49000/18286961: 1179
50000/18555187: 1196
51000/18806435: 1212
52000/19079810: 1229
53000/19330106: 1245
54000/19567692: 1261
55000/19797207: 1276
56000/20034731: 1291
57000/20270706: 1306
58000/20515704: 1322
59000/20756790: 1337
60000/21002386: 1352
61000/21246701: 1368
62000/21491870: 1384
63000/21727665: 1399
64000/21960270: 1415
65000/22190009: 1429
66000/22427666: 1445
67000/22660980: 1460
68000/22883107: 1474
69000/23123885: 1490
70000/23365427: 1505
71000/23591680: 1520
72000/23803856: 1534
73000/24004566: 1547
74000/24225304: 1561
75000/24458877: 1576
76000/24703565: 1592
77000/24945129: 1608
78000/25194084: 1624
79000/25442930: 1640
80000/25687213: 1657
81000/25936370: 1673
82000/26179685: 1689
83000/26407598: 1705
84000/26638936: 1720
85000/26868629: 1735
86000/27083894: 1749
87000/27331112: 1765
88000/27561694: 1780
89000/27785030: 1794
90000/28004566: 1809
91000/28222372: 1823
92000/28433728: 1837
93000/28653533: 1852
94000/28871807: 1866
95000/29072271: 1879
96000/29294265: 1894
97000/29500347: 1908
98000/29721335: 1922
99000/29944247: 1937
100000/30150203: 1950
101000/30363079: 1964
102000/30566759: 1977
103000/30775568: 1990
104000/30971757: 2003
105000/31164903: 2015
106000/31361847: 2027
107000/31554930: 2039
108000/31753123: 2051
109000/31928929: 2062
110000/32129945: 2075
111000/32318080: 2088
112000/32521938: 2101
113000/32737428: 2115
114000/32948197: 2129
115000/33160207: 2143
116000/33363051: 2156
117000/33562931: 2169
118000/33762828: 2183
119000/33967506: 2196
120000/34157110: 2208
121000/34360416: 2221
122000/34562837: 2234
123000/34771957: 2248
124000/34978379: 2262
125000/35173466: 2275
126000/35375448: 2288
127000/35579376: 2301
128000/35763361: 2313
129000/35917544: 2323
130000/36064130: 2332
131000/36221476: 2342
132000/36398140: 2354
133000/36593386: 2366
134000/36796771: 2379
135000/36996905: 2392
136000/37201872: 2405
137000/37407708: 2418
138000/37621334: 2432
139000/37840581: 2445
140000/38081196: 2460
File Stats for: /Users/gaurav/Documents/Work/Projects/DataMining/data/gardenhose.2012-11-15.gz
Total time taken: 2460
Total number of lines found = 38148000
Total number of lines With Coordinates = 140303
