top words here
1000: Delhi
top words here
2000: Delhi
top words here
3000: Delhi
tot_lines: 0
tot_lines: 0
tot_lines: 0
tot_lines: 0
tot_lines: 0
tot_lines: 0
tot_lines: 0
tot_lines: 0
tot_lines: 0
tot_lines: 0
tot_lines: 0
tot_lines: 0
tot_lines: 0
tot_lines: 0
tot_lines: 0
tot_lines: 0
tot_lines: 0
tot_lines: 0
tot_lines: 0
tot_lines: 0
tot_lines: 0
tot_lines: 0
tot_lines: 0
tot_lines: 0
tot_lines: 0
tot_lines: 0
tot_lines: 0
tot_lines: 0
tot_lines: 0
tot_lines: 0
tot_lines: 0
tot_lines: 0
tot_lines: 0
tot_lines: 0
tot_lines: 0
tot_lines: 0
tot_lines: 0
tot_lines: 0
tot_lines: 0
tot_lines: 0
tot_lines: 0
tot_lines: 0
tot_lines: 0
tot_lines: 0
tot_lines: 0
tot_lines: 0
tot_lines: 0
tot_lines: 0
tot_lines: 0
tot_lines: 0
tot_lines: 0
tot_lines: 0
tot_lines: 0
tot_lines: 0
tot_lines: 0
tot_lines: 0
tot_lines: 0
tot_lines: 0
tot_lines: 0
tot_lines: 0
tot_lines: 0
tot_lines: 0
tot_lines: 0
tot_lines: 0
tot_lines: 0
tot_lines: 0
tot_lines: 0
tot_lines: 0
tot_lines: 0
tot_lines: 0
tot_lines: 0
tot_lines: 0
tot_lines: 0
tot_lines: 0
tot_lines: 0
tot_lines: 0
tot_lines: 0
tot_lines: 0
tot_lines: 0
tot_lines: 0
tot_lines: 0
tot_lines: 0
tot_lines: 0
tot_lines: 0
tot_lines: 0
tot_lines: 0
tot_lines: 0
tot_lines: 0
tot_lines: 0
tot_lines: 0
tot_lines: 0
tot_lines: 0
tot_lines: 0
tot_lines: 0
tot_lines: 0
tot_lines: 0
tot_lines: 0
tot_lines: 0
tot_lines: 0
tot_lines: 0
tot_lines: 0
tot_lines: 0
tot_lines: 0
1000:nyc
2000:nyc
3000:nyc
4000:nyc
5000:nyc
6000:nyc
7000:nyc
8000:nyc
9000:nyc
10000:nyc
11000:nyc
12000:nyc
13000:nyc
14000:nyc
15000:nyc
16000:nyc
17000:nyc
18000:nyc
19000:nyc
20000:nyc
21000:nyc
22000:nyc
23000:nyc
24000:nyc
25000:nyc
26000:nyc
27000:nyc
28000:nyc
29000:nyc
30000:nyc
31000:nyc
32000:nyc
33000:nyc
34000:nyc
35000:nyc
36000:nyc
37000:nyc
38000:nyc
39000:nyc
40000:nyc
41000:nyc
42000:nyc
43000:nyc
44000:nyc
45000:nyc
46000:nyc
47000:nyc
48000:nyc
49000:nyc
50000:nyc
51000:nyc
52000:nyc
53000:nyc
54000:nyc
55000:nyc
56000:nyc
57000:nyc
58000:nyc
59000:nyc
60000:nyc
61000:nyc
62000:nyc
63000:nyc
64000:nyc
65000:nyc
66000:nyc
67000:nyc
68000:nyc
69000:nyc
70000:nyc
71000:nyc
72000:nyc
73000:nyc
74000:nyc
75000:nyc
76000:nyc
77000:nyc
78000:nyc
79000:nyc
80000:nyc
81000:nyc
82000:nyc
83000:nyc
84000:nyc
85000:nyc
86000:nyc
87000:nyc
88000:nyc
89000:nyc
90000:nyc
91000:nyc
92000:nyc
93000:nyc
94000:nyc
95000:nyc
96000:nyc
97000:nyc
98000:nyc
99000:nyc
100000:nyc
101000:nyc
102000:nyc
103000:nyc
104000:nyc
105000:nyc
106000:nyc
107000:nyc
108000:nyc
109000:nyc
110000:nyc
111000:nyc
112000:nyc
113000:nyc
114000:nyc
115000:nyc
116000:nyc
117000:nyc
118000:nyc
119000:nyc
120000:nyc
121000:nyc
122000:nyc
123000:nyc
124000:nyc
125000:nyc
126000:nyc
127000:nyc
128000:nyc
129000:nyc
130000:nyc
131000:nyc
132000:nyc
133000:nyc
134000:nyc
135000:nyc
136000:nyc
137000:nyc
138000:nyc
139000:nyc
140000:nyc
141000:nyc
142000:nyc
143000:nyc
144000:nyc
145000:nyc
146000:nyc
147000:nyc
148000:nyc
149000:nyc
150000:nyc
151000:nyc
152000:nyc
153000:nyc
154000:nyc
155000:nyc
156000:nyc
157000:nyc
158000:nyc
159000:nyc
160000:nyc
161000:nyc
162000:nyc
163000:nyc
164000:nyc
165000:nyc
166000:nyc
167000:nyc
168000:nyc
169000:nyc
170000:nyc
171000:nyc
172000:nyc
173000:nyc
174000:nyc
175000:nyc
176000:nyc
177000:nyc
178000:nyc
179000:nyc
180000:nyc
181000:nyc
182000:nyc
183000:nyc
184000:nyc
185000:nyc
186000:nyc
187000:nyc
188000:nyc
189000:nyc
190000:nyc
191000:nyc
192000:nyc
193000:nyc
194000:nyc
195000:nyc
196000:nyc
197000:nyc
198000:nyc
199000:nyc
200000:nyc
201000:nyc
202000:nyc
203000:nyc
204000:nyc
205000:nyc
206000:nyc
207000:nyc
208000:nyc
209000:nyc
210000:nyc
211000:nyc
212000:nyc
213000:nyc
214000:nyc
215000:nyc
216000:nyc
217000:nyc
218000:nyc
219000:nyc
220000:nyc
221000:nyc
222000:nyc
223000:nyc
224000:nyc
225000:nyc
226000:nyc
227000:nyc
228000:nyc
229000:nyc
230000:nyc
231000:nyc
232000:nyc
100000:nyc
200000:nyc
300000:nyc
400000:nyc
500000:nyc
600000:nyc
700000:nyc
800000:nyc
900000:nyc
1000000:nyc
1100000:nyc
1200000:nyc
1300000:nyc
1400000:nyc
1500000:nyc
1600000:nyc
1700000:nyc
1800000:nyc
1900000:nyc
2000000:nyc
2100000:nyc
2200000:nyc
2300000:nyc
2400000:nyc
2500000:nyc
2600000:nyc
2700000:nyc
2800000:nyc
2900000:nyc
3000000:nyc
3100000:nyc
3200000:nyc
3300000:nyc
3400000:nyc
3500000:nyc
3600000:nyc
3700000:nyc
3800000:nyc
3900000:nyc
4000000:nyc
4100000:nyc
4200000:nyc
4300000:nyc
4400000:nyc
4500000:nyc
4600000:nyc
4700000:nyc
4800000:nyc
4900000:nyc
5000000:nyc
5100000:nyc
5200000:nyc
5300000:nyc
5400000:nyc
5500000:nyc
5600000:nyc
5700000:nyc
5800000:nyc
5900000:nyc
6000000:nyc
6100000:nyc
6200000:nyc
6300000:nyc
6400000:nyc
6500000:nyc
6600000:nyc
Processing file: /Users/gaurav/Documents/Work/Projects/DataMining/uncompressed/locations_all/gardenhose.2012-11-01.gz.data
100000:nyc
200000:nyc
300000:nyc
400000:nyc
Processing file: /Users/gaurav/Documents/Work/Projects/DataMining/uncompressed/locations_cities/del_11_1_to_11_15.data
/Users/gaurav/Documents/Work/Projects/DataMining/uncompressed/locations_cities/del_11_1_to_11_15.data::tot_lines: 10000
Processing file: /Users/gaurav/Documents/Work/Projects/DataMining/uncompressed/locations_cities/del_11_1_to_11_15.data
Processing file: delhi
Processing file: /Users/gaurav/Documents/Work/Projects/DataMining/uncompressed/locations_cities/del_11_1_to_11_15.data
/Users/gaurav/Documents/Work/Projects/DataMining/uncompressed/locations_cities/del_11_1_to_11_15.data::tot_lines: 1000
/Users/gaurav/Documents/Work/Projects/DataMining/uncompressed/locations_cities/del_11_1_to_11_15.data::tot_lines: 2000
/Users/gaurav/Documents/Work/Projects/DataMining/uncompressed/locations_cities/del_11_1_to_11_15.data::tot_lines: 3000
/Users/gaurav/Documents/Work/Projects/DataMining/uncompressed/locations_cities/del_11_1_to_11_15.data::tot_lines: 4000
/Users/gaurav/Documents/Work/Projects/DataMining/uncompressed/locations_cities/del_11_1_to_11_15.data::tot_lines: 5000
/Users/gaurav/Documents/Work/Projects/DataMining/uncompressed/locations_cities/del_11_1_to_11_15.data::tot_lines: 6000
/Users/gaurav/Documents/Work/Projects/DataMining/uncompressed/locations_cities/del_11_1_to_11_15.data::tot_lines: 7000
/Users/gaurav/Documents/Work/Projects/DataMining/uncompressed/locations_cities/del_11_1_to_11_15.data::tot_lines: 8000
/Users/gaurav/Documents/Work/Projects/DataMining/uncompressed/locations_cities/del_11_1_to_11_15.data::tot_lines: 9000
/Users/gaurav/Documents/Work/Projects/DataMining/uncompressed/locations_cities/del_11_1_to_11_15.data::tot_lines: 10000
/Users/gaurav/Documents/Work/Projects/DataMining/uncompressed/locations_cities/del_11_1_to_11_15.data::tot_lines: 11000
/Users/gaurav/Documents/Work/Projects/DataMining/uncompressed/locations_cities/del_11_1_to_11_15.data::tot_lines: 12000
/Users/gaurav/Documents/Work/Projects/DataMining/uncompressed/locations_cities/del_11_1_to_11_15.data::tot_lines: 13000
/Users/gaurav/Documents/Work/Projects/DataMining/uncompressed/locations_cities/del_11_1_to_11_15.data::tot_lines: 14000
/Users/gaurav/Documents/Work/Projects/DataMining/uncompressed/locations_cities/del_11_1_to_11_15.data::tot_lines: 15000
/Users/gaurav/Documents/Work/Projects/DataMining/uncompressed/locations_cities/del_11_1_to_11_15.data::tot_lines: 16000
/Users/gaurav/Documents/Work/Projects/DataMining/uncompressed/locations_cities/del_11_1_to_11_15.data::tot_lines: 17000
/Users/gaurav/Documents/Work/Projects/DataMining/uncompressed/locations_cities/del_11_1_to_11_15.data::tot_lines: 18000
/Users/gaurav/Documents/Work/Projects/DataMining/uncompressed/locations_cities/del_11_1_to_11_15.data::tot_lines: 19000
/Users/gaurav/Documents/Work/Projects/DataMining/uncompressed/locations_cities/del_11_1_to_11_15.data::tot_lines: 20000
/Users/gaurav/Documents/Work/Projects/DataMining/uncompressed/locations_cities/del_11_1_to_11_15.data::tot_lines: 21000
/Users/gaurav/Documents/Work/Projects/DataMining/uncompressed/locations_cities/del_11_1_to_11_15.data::tot_lines: 22000
/Users/gaurav/Documents/Work/Projects/DataMining/uncompressed/locations_cities/del_11_1_to_11_15.data::tot_lines: 23000
/Users/gaurav/Documents/Work/Projects/DataMining/uncompressed/locations_cities/del_11_1_to_11_15.data::tot_lines: 24000
/Users/gaurav/Documents/Work/Projects/DataMining/uncompressed/locations_cities/del_11_1_to_11_15.data::tot_lines: 25000
/Users/gaurav/Documents/Work/Projects/DataMining/uncompressed/locations_cities/del_11_1_to_11_15.data::tot_lines: 26000
/Users/gaurav/Documents/Work/Projects/DataMining/uncompressed/locations_cities/del_11_1_to_11_15.data::tot_lines: 27000
/Users/gaurav/Documents/Work/Projects/DataMining/uncompressed/locations_cities/del_11_1_to_11_15.data::tot_lines: 28000
/Users/gaurav/Documents/Work/Projects/DataMining/uncompressed/locations_cities/del_11_1_to_11_15.data::tot_lines: 29000
/Users/gaurav/Documents/Work/Projects/DataMining/uncompressed/locations_cities/del_11_1_to_11_15.data::tot_lines: 30000
/Users/gaurav/Documents/Work/Projects/DataMining/uncompressed/locations_cities/del_11_1_to_11_15.data::tot_lines: 31000
/Users/gaurav/Documents/Work/Projects/DataMining/uncompressed/locations_cities/del_11_1_to_11_15.data::tot_lines: 32000
/Users/gaurav/Documents/Work/Projects/DataMining/uncompressed/locations_cities/del_11_1_to_11_15.data::tot_lines: 33000
/Users/gaurav/Documents/Work/Projects/DataMining/uncompressed/locations_cities/del_11_1_to_11_15.data::tot_lines: 34000
/Users/gaurav/Documents/Work/Projects/DataMining/uncompressed/locations_cities/del_11_1_to_11_15.data::tot_lines: 35000
/Users/gaurav/Documents/Work/Projects/DataMining/uncompressed/locations_cities/del_11_1_to_11_15.data::tot_lines: 36000
/Users/gaurav/Documents/Work/Projects/DataMining/uncompressed/locations_cities/del_11_1_to_11_15.data::tot_lines: 37000
/Users/gaurav/Documents/Work/Projects/DataMining/uncompressed/locations_cities/del_11_1_to_11_15.data::tot_lines: 38000
/Users/gaurav/Documents/Work/Projects/DataMining/uncompressed/locations_cities/del_11_1_to_11_15.data::tot_lines: 39000
/Users/gaurav/Documents/Work/Projects/DataMining/uncompressed/locations_cities/del_11_1_to_11_15.data::tot_lines: 40000
/Users/gaurav/Documents/Work/Projects/DataMining/uncompressed/locations_cities/del_11_1_to_11_15.data::tot_lines: 41000
/Users/gaurav/Documents/Work/Projects/DataMining/uncompressed/locations_cities/del_11_1_to_11_15.data::tot_lines: 42000
/Users/gaurav/Documents/Work/Projects/DataMining/uncompressed/locations_cities/del_11_1_to_11_15.data::tot_lines: 43000
/Users/gaurav/Documents/Work/Projects/DataMining/uncompressed/locations_cities/del_11_1_to_11_15.data::tot_lines: 44000
/Users/gaurav/Documents/Work/Projects/DataMining/uncompressed/locations_cities/del_11_1_to_11_15.data::tot_lines: 45000
/Users/gaurav/Documents/Work/Projects/DataMining/uncompressed/locations_cities/del_11_1_to_11_15.data::tot_lines: 46000
/Users/gaurav/Documents/Work/Projects/DataMining/uncompressed/locations_cities/del_11_1_to_11_15.data::tot_lines: 47000
/Users/gaurav/Documents/Work/Projects/DataMining/uncompressed/locations_cities/del_11_1_to_11_15.data::tot_lines: 48000
/Users/gaurav/Documents/Work/Projects/DataMining/uncompressed/locations_cities/del_11_1_to_11_15.data::tot_lines: 49000
/Users/gaurav/Documents/Work/Projects/DataMining/uncompressed/locations_cities/del_11_1_to_11_15.data::tot_lines: 50000
/Users/gaurav/Documents/Work/Projects/DataMining/uncompressed/locations_cities/del_11_1_to_11_15.data::tot_lines: 51000
/Users/gaurav/Documents/Work/Projects/DataMining/uncompressed/locations_cities/del_11_1_to_11_15.data::tot_lines: 52000
/Users/gaurav/Documents/Work/Projects/DataMining/uncompressed/locations_cities/del_11_1_to_11_15.data::tot_lines: 53000
/Users/gaurav/Documents/Work/Projects/DataMining/uncompressed/locations_cities/del_11_1_to_11_15.data::tot_lines: 54000
/Users/gaurav/Documents/Work/Projects/DataMining/uncompressed/locations_cities/del_11_1_to_11_15.data::tot_lines: 55000
/Users/gaurav/Documents/Work/Projects/DataMining/uncompressed/locations_cities/del_11_1_to_11_15.data::tot_lines: 56000
/Users/gaurav/Documents/Work/Projects/DataMining/uncompressed/locations_cities/del_11_1_to_11_15.data::tot_lines: 57000
/Users/gaurav/Documents/Work/Projects/DataMining/uncompressed/locations_cities/del_11_1_to_11_15.data::tot_lines: 58000
/Users/gaurav/Documents/Work/Projects/DataMining/uncompressed/locations_cities/del_11_1_to_11_15.data::tot_lines: 59000
/Users/gaurav/Documents/Work/Projects/DataMining/uncompressed/locations_cities/del_11_1_to_11_15.data::tot_lines: 60000
/Users/gaurav/Documents/Work/Projects/DataMining/uncompressed/locations_cities/del_11_1_to_11_15.data::tot_lines: 61000
/Users/gaurav/Documents/Work/Projects/DataMining/uncompressed/locations_cities/del_11_1_to_11_15.data::tot_lines: 62000
/Users/gaurav/Documents/Work/Projects/DataMining/uncompressed/locations_cities/del_11_1_to_11_15.data::tot_lines: 63000
/Users/gaurav/Documents/Work/Projects/DataMining/uncompressed/locations_cities/del_11_1_to_11_15.data::tot_lines: 64000
/Users/gaurav/Documents/Work/Projects/DataMining/uncompressed/locations_cities/del_11_1_to_11_15.data::tot_lines: 65000
/Users/gaurav/Documents/Work/Projects/DataMining/uncompressed/locations_cities/del_11_1_to_11_15.data::tot_lines: 66000
/Users/gaurav/Documents/Work/Projects/DataMining/uncompressed/locations_cities/del_11_1_to_11_15.data::tot_lines: 67000
/Users/gaurav/Documents/Work/Projects/DataMining/uncompressed/locations_cities/del_11_1_to_11_15.data::tot_lines: 68000
/Users/gaurav/Documents/Work/Projects/DataMining/uncompressed/locations_cities/del_11_1_to_11_15.data::tot_lines: 69000
/Users/gaurav/Documents/Work/Projects/DataMining/uncompressed/locations_cities/del_11_1_to_11_15.data::tot_lines: 70000
/Users/gaurav/Documents/Work/Projects/DataMining/uncompressed/locations_cities/del_11_1_to_11_15.data::tot_lines: 71000
/Users/gaurav/Documents/Work/Projects/DataMining/uncompressed/locations_cities/del_11_1_to_11_15.data::tot_lines: 72000
/Users/gaurav/Documents/Work/Projects/DataMining/uncompressed/locations_cities/del_11_1_to_11_15.data::tot_lines: 73000
/Users/gaurav/Documents/Work/Projects/DataMining/uncompressed/locations_cities/del_11_1_to_11_15.data::tot_lines: 74000
/Users/gaurav/Documents/Work/Projects/DataMining/uncompressed/locations_cities/del_11_1_to_11_15.data::tot_lines: 75000
/Users/gaurav/Documents/Work/Projects/DataMining/uncompressed/locations_cities/del_11_1_to_11_15.data::tot_lines: 76000
/Users/gaurav/Documents/Work/Projects/DataMining/uncompressed/locations_cities/del_11_1_to_11_15.data::tot_lines: 77000
/Users/gaurav/Documents/Work/Projects/DataMining/uncompressed/locations_cities/del_11_1_to_11_15.data::tot_lines: 78000
/Users/gaurav/Documents/Work/Projects/DataMining/uncompressed/locations_cities/del_11_1_to_11_15.data::tot_lines: 79000
/Users/gaurav/Documents/Work/Projects/DataMining/uncompressed/locations_cities/del_11_1_to_11_15.data::tot_lines: 80000
/Users/gaurav/Documents/Work/Projects/DataMining/uncompressed/locations_cities/del_11_1_to_11_15.data::tot_lines: 81000
/Users/gaurav/Documents/Work/Projects/DataMining/uncompressed/locations_cities/del_11_1_to_11_15.data::tot_lines: 82000
/Users/gaurav/Documents/Work/Projects/DataMining/uncompressed/locations_cities/del_11_1_to_11_15.data::tot_lines: 83000
/Users/gaurav/Documents/Work/Projects/DataMining/uncompressed/locations_cities/del_11_1_to_11_15.data::tot_lines: 84000
/Users/gaurav/Documents/Work/Projects/DataMining/uncompressed/locations_cities/del_11_1_to_11_15.data::tot_lines: 85000
/Users/gaurav/Documents/Work/Projects/DataMining/uncompressed/locations_cities/del_11_1_to_11_15.data::tot_lines: 86000
/Users/gaurav/Documents/Work/Projects/DataMining/uncompressed/locations_cities/del_11_1_to_11_15.data::tot_lines: 87000
/Users/gaurav/Documents/Work/Projects/DataMining/uncompressed/locations_cities/del_11_1_to_11_15.data::tot_lines: 88000
/Users/gaurav/Documents/Work/Projects/DataMining/uncompressed/locations_cities/del_11_1_to_11_15.data::tot_lines: 89000
/Users/gaurav/Documents/Work/Projects/DataMining/uncompressed/locations_cities/del_11_1_to_11_15.data::tot_lines: 90000
/Users/gaurav/Documents/Work/Projects/DataMining/uncompressed/locations_cities/del_11_1_to_11_15.data::tot_lines: 91000
/Users/gaurav/Documents/Work/Projects/DataMining/uncompressed/locations_cities/del_11_1_to_11_15.data::tot_lines: 92000
/Users/gaurav/Documents/Work/Projects/DataMining/uncompressed/locations_cities/del_11_1_to_11_15.data::tot_lines: 93000
/Users/gaurav/Documents/Work/Projects/DataMining/uncompressed/locations_cities/del_11_1_to_11_15.data::tot_lines: 94000
/Users/gaurav/Documents/Work/Projects/DataMining/uncompressed/locations_cities/del_11_1_to_11_15.data::tot_lines: 95000
/Users/gaurav/Documents/Work/Projects/DataMining/uncompressed/locations_cities/del_11_1_to_11_15.data::tot_lines: 96000
/Users/gaurav/Documents/Work/Projects/DataMining/uncompressed/locations_cities/del_11_1_to_11_15.data::tot_lines: 97000
/Users/gaurav/Documents/Work/Projects/DataMining/uncompressed/locations_cities/del_11_1_to_11_15.data::tot_lines: 98000
/Users/gaurav/Documents/Work/Projects/DataMining/uncompressed/locations_cities/del_11_1_to_11_15.data::tot_lines: 99000
/Users/gaurav/Documents/Work/Projects/DataMining/uncompressed/locations_cities/del_11_1_to_11_15.data::tot_lines: 100000
/Users/gaurav/Documents/Work/Projects/DataMining/uncompressed/locations_cities/del_11_1_to_11_15.data::tot_lines: 101000
/Users/gaurav/Documents/Work/Projects/DataMining/uncompressed/locations_cities/del_11_1_to_11_15.data::tot_lines: 102000
/Users/gaurav/Documents/Work/Projects/DataMining/uncompressed/locations_cities/del_11_1_to_11_15.data::tot_lines: 103000
/Users/gaurav/Documents/Work/Projects/DataMining/uncompressed/locations_cities/del_11_1_to_11_15.data::tot_lines: 104000
/Users/gaurav/Documents/Work/Projects/DataMining/uncompressed/locations_cities/del_11_1_to_11_15.data::tot_lines: 105000
/Users/gaurav/Documents/Work/Projects/DataMining/uncompressed/locations_cities/del_11_1_to_11_15.data::tot_lines: 106000
/Users/gaurav/Documents/Work/Projects/DataMining/uncompressed/locations_cities/del_11_1_to_11_15.data::tot_lines: 107000
/Users/gaurav/Documents/Work/Projects/DataMining/uncompressed/locations_cities/del_11_1_to_11_15.data::tot_lines: 108000
/Users/gaurav/Documents/Work/Projects/DataMining/uncompressed/locations_cities/del_11_1_to_11_15.data::tot_lines: 109000
/Users/gaurav/Documents/Work/Projects/DataMining/uncompressed/locations_cities/del_11_1_to_11_15.data::tot_lines: 110000
/Users/gaurav/Documents/Work/Projects/DataMining/uncompressed/locations_cities/del_11_1_to_11_15.data::tot_lines: 111000
Processing file: /Users/gaurav/Documents/Work/Projects/DataMining/uncompressed/locations_cities/del_11_1_to_11_15.data
/Users/gaurav/Documents/Work/Projects/DataMining/uncompressed/locations_cities/del_11_1_to_11_15.data::tot_lines: 1000
/Users/gaurav/Documents/Work/Projects/DataMining/uncompressed/locations_cities/del_11_1_to_11_15.data::tot_lines: 2000
/Users/gaurav/Documents/Work/Projects/DataMining/uncompressed/locations_cities/del_11_1_to_11_15.data::tot_lines: 3000
/Users/gaurav/Documents/Work/Projects/DataMining/uncompressed/locations_cities/del_11_1_to_11_15.data::tot_lines: 4000
/Users/gaurav/Documents/Work/Projects/DataMining/uncompressed/locations_cities/del_11_1_to_11_15.data::tot_lines: 5000
/Users/gaurav/Documents/Work/Projects/DataMining/uncompressed/locations_cities/del_11_1_to_11_15.data::tot_lines: 6000
/Users/gaurav/Documents/Work/Projects/DataMining/uncompressed/locations_cities/del_11_1_to_11_15.data::tot_lines: 7000
/Users/gaurav/Documents/Work/Projects/DataMining/uncompressed/locations_cities/del_11_1_to_11_15.data::tot_lines: 8000
/Users/gaurav/Documents/Work/Projects/DataMining/uncompressed/locations_cities/del_11_1_to_11_15.data::tot_lines: 9000
/Users/gaurav/Documents/Work/Projects/DataMining/uncompressed/locations_cities/del_11_1_to_11_15.data::tot_lines: 10000
/Users/gaurav/Documents/Work/Projects/DataMining/uncompressed/locations_cities/del_11_1_to_11_15.data::tot_lines: 11000
/Users/gaurav/Documents/Work/Projects/DataMining/uncompressed/locations_cities/del_11_1_to_11_15.data::tot_lines: 12000
/Users/gaurav/Documents/Work/Projects/DataMining/uncompressed/locations_cities/del_11_1_to_11_15.data::tot_lines: 13000
/Users/gaurav/Documents/Work/Projects/DataMining/uncompressed/locations_cities/del_11_1_to_11_15.data::tot_lines: 14000
/Users/gaurav/Documents/Work/Projects/DataMining/uncompressed/locations_cities/del_11_1_to_11_15.data::tot_lines: 15000
/Users/gaurav/Documents/Work/Projects/DataMining/uncompressed/locations_cities/del_11_1_to_11_15.data::tot_lines: 16000
/Users/gaurav/Documents/Work/Projects/DataMining/uncompressed/locations_cities/del_11_1_to_11_15.data::tot_lines: 17000
/Users/gaurav/Documents/Work/Projects/DataMining/uncompressed/locations_cities/del_11_1_to_11_15.data::tot_lines: 18000
/Users/gaurav/Documents/Work/Projects/DataMining/uncompressed/locations_cities/del_11_1_to_11_15.data::tot_lines: 19000
/Users/gaurav/Documents/Work/Projects/DataMining/uncompressed/locations_cities/del_11_1_to_11_15.data::tot_lines: 20000
/Users/gaurav/Documents/Work/Projects/DataMining/uncompressed/locations_cities/del_11_1_to_11_15.data::tot_lines: 21000
/Users/gaurav/Documents/Work/Projects/DataMining/uncompressed/locations_cities/del_11_1_to_11_15.data::tot_lines: 22000
/Users/gaurav/Documents/Work/Projects/DataMining/uncompressed/locations_cities/del_11_1_to_11_15.data::tot_lines: 23000
/Users/gaurav/Documents/Work/Projects/DataMining/uncompressed/locations_cities/del_11_1_to_11_15.data::tot_lines: 24000
/Users/gaurav/Documents/Work/Projects/DataMining/uncompressed/locations_cities/del_11_1_to_11_15.data::tot_lines: 25000
/Users/gaurav/Documents/Work/Projects/DataMining/uncompressed/locations_cities/del_11_1_to_11_15.data::tot_lines: 26000
/Users/gaurav/Documents/Work/Projects/DataMining/uncompressed/locations_cities/del_11_1_to_11_15.data::tot_lines: 27000
/Users/gaurav/Documents/Work/Projects/DataMining/uncompressed/locations_cities/del_11_1_to_11_15.data::tot_lines: 28000
/Users/gaurav/Documents/Work/Projects/DataMining/uncompressed/locations_cities/del_11_1_to_11_15.data::tot_lines: 29000
/Users/gaurav/Documents/Work/Projects/DataMining/uncompressed/locations_cities/del_11_1_to_11_15.data::tot_lines: 30000
/Users/gaurav/Documents/Work/Projects/DataMining/uncompressed/locations_cities/del_11_1_to_11_15.data::tot_lines: 31000
/Users/gaurav/Documents/Work/Projects/DataMining/uncompressed/locations_cities/del_11_1_to_11_15.data::tot_lines: 32000
/Users/gaurav/Documents/Work/Projects/DataMining/uncompressed/locations_cities/del_11_1_to_11_15.data::tot_lines: 33000
/Users/gaurav/Documents/Work/Projects/DataMining/uncompressed/locations_cities/del_11_1_to_11_15.data::tot_lines: 34000
/Users/gaurav/Documents/Work/Projects/DataMining/uncompressed/locations_cities/del_11_1_to_11_15.data::tot_lines: 35000
/Users/gaurav/Documents/Work/Projects/DataMining/uncompressed/locations_cities/del_11_1_to_11_15.data::tot_lines: 36000
/Users/gaurav/Documents/Work/Projects/DataMining/uncompressed/locations_cities/del_11_1_to_11_15.data::tot_lines: 37000
/Users/gaurav/Documents/Work/Projects/DataMining/uncompressed/locations_cities/del_11_1_to_11_15.data::tot_lines: 38000
/Users/gaurav/Documents/Work/Projects/DataMining/uncompressed/locations_cities/del_11_1_to_11_15.data::tot_lines: 39000
/Users/gaurav/Documents/Work/Projects/DataMining/uncompressed/locations_cities/del_11_1_to_11_15.data::tot_lines: 40000
/Users/gaurav/Documents/Work/Projects/DataMining/uncompressed/locations_cities/del_11_1_to_11_15.data::tot_lines: 41000
/Users/gaurav/Documents/Work/Projects/DataMining/uncompressed/locations_cities/del_11_1_to_11_15.data::tot_lines: 42000
/Users/gaurav/Documents/Work/Projects/DataMining/uncompressed/locations_cities/del_11_1_to_11_15.data::tot_lines: 43000
/Users/gaurav/Documents/Work/Projects/DataMining/uncompressed/locations_cities/del_11_1_to_11_15.data::tot_lines: 44000
/Users/gaurav/Documents/Work/Projects/DataMining/uncompressed/locations_cities/del_11_1_to_11_15.data::tot_lines: 45000
/Users/gaurav/Documents/Work/Projects/DataMining/uncompressed/locations_cities/del_11_1_to_11_15.data::tot_lines: 46000
/Users/gaurav/Documents/Work/Projects/DataMining/uncompressed/locations_cities/del_11_1_to_11_15.data::tot_lines: 47000
/Users/gaurav/Documents/Work/Projects/DataMining/uncompressed/locations_cities/del_11_1_to_11_15.data::tot_lines: 48000
/Users/gaurav/Documents/Work/Projects/DataMining/uncompressed/locations_cities/del_11_1_to_11_15.data::tot_lines: 49000
/Users/gaurav/Documents/Work/Projects/DataMining/uncompressed/locations_cities/del_11_1_to_11_15.data::tot_lines: 50000
/Users/gaurav/Documents/Work/Projects/DataMining/uncompressed/locations_cities/del_11_1_to_11_15.data::tot_lines: 51000
/Users/gaurav/Documents/Work/Projects/DataMining/uncompressed/locations_cities/del_11_1_to_11_15.data::tot_lines: 52000
/Users/gaurav/Documents/Work/Projects/DataMining/uncompressed/locations_cities/del_11_1_to_11_15.data::tot_lines: 53000
/Users/gaurav/Documents/Work/Projects/DataMining/uncompressed/locations_cities/del_11_1_to_11_15.data::tot_lines: 54000
/Users/gaurav/Documents/Work/Projects/DataMining/uncompressed/locations_cities/del_11_1_to_11_15.data::tot_lines: 55000
/Users/gaurav/Documents/Work/Projects/DataMining/uncompressed/locations_cities/del_11_1_to_11_15.data::tot_lines: 56000
/Users/gaurav/Documents/Work/Projects/DataMining/uncompressed/locations_cities/del_11_1_to_11_15.data::tot_lines: 57000
/Users/gaurav/Documents/Work/Projects/DataMining/uncompressed/locations_cities/del_11_1_to_11_15.data::tot_lines: 58000
/Users/gaurav/Documents/Work/Projects/DataMining/uncompressed/locations_cities/del_11_1_to_11_15.data::tot_lines: 59000
/Users/gaurav/Documents/Work/Projects/DataMining/uncompressed/locations_cities/del_11_1_to_11_15.data::tot_lines: 60000
/Users/gaurav/Documents/Work/Projects/DataMining/uncompressed/locations_cities/del_11_1_to_11_15.data::tot_lines: 61000
/Users/gaurav/Documents/Work/Projects/DataMining/uncompressed/locations_cities/del_11_1_to_11_15.data::tot_lines: 62000
/Users/gaurav/Documents/Work/Projects/DataMining/uncompressed/locations_cities/del_11_1_to_11_15.data::tot_lines: 63000
/Users/gaurav/Documents/Work/Projects/DataMining/uncompressed/locations_cities/del_11_1_to_11_15.data::tot_lines: 64000
/Users/gaurav/Documents/Work/Projects/DataMining/uncompressed/locations_cities/del_11_1_to_11_15.data::tot_lines: 65000
/Users/gaurav/Documents/Work/Projects/DataMining/uncompressed/locations_cities/del_11_1_to_11_15.data::tot_lines: 66000
/Users/gaurav/Documents/Work/Projects/DataMining/uncompressed/locations_cities/del_11_1_to_11_15.data::tot_lines: 67000
/Users/gaurav/Documents/Work/Projects/DataMining/uncompressed/locations_cities/del_11_1_to_11_15.data::tot_lines: 68000
/Users/gaurav/Documents/Work/Projects/DataMining/uncompressed/locations_cities/del_11_1_to_11_15.data::tot_lines: 69000
/Users/gaurav/Documents/Work/Projects/DataMining/uncompressed/locations_cities/del_11_1_to_11_15.data::tot_lines: 70000
/Users/gaurav/Documents/Work/Projects/DataMining/uncompressed/locations_cities/del_11_1_to_11_15.data::tot_lines: 71000
/Users/gaurav/Documents/Work/Projects/DataMining/uncompressed/locations_cities/del_11_1_to_11_15.data::tot_lines: 72000
/Users/gaurav/Documents/Work/Projects/DataMining/uncompressed/locations_cities/del_11_1_to_11_15.data::tot_lines: 73000
/Users/gaurav/Documents/Work/Projects/DataMining/uncompressed/locations_cities/del_11_1_to_11_15.data::tot_lines: 74000
/Users/gaurav/Documents/Work/Projects/DataMining/uncompressed/locations_cities/del_11_1_to_11_15.data::tot_lines: 75000
/Users/gaurav/Documents/Work/Projects/DataMining/uncompressed/locations_cities/del_11_1_to_11_15.data::tot_lines: 76000
/Users/gaurav/Documents/Work/Projects/DataMining/uncompressed/locations_cities/del_11_1_to_11_15.data::tot_lines: 77000
/Users/gaurav/Documents/Work/Projects/DataMining/uncompressed/locations_cities/del_11_1_to_11_15.data::tot_lines: 78000
/Users/gaurav/Documents/Work/Projects/DataMining/uncompressed/locations_cities/del_11_1_to_11_15.data::tot_lines: 79000
/Users/gaurav/Documents/Work/Projects/DataMining/uncompressed/locations_cities/del_11_1_to_11_15.data::tot_lines: 80000
/Users/gaurav/Documents/Work/Projects/DataMining/uncompressed/locations_cities/del_11_1_to_11_15.data::tot_lines: 81000
/Users/gaurav/Documents/Work/Projects/DataMining/uncompressed/locations_cities/del_11_1_to_11_15.data::tot_lines: 82000
/Users/gaurav/Documents/Work/Projects/DataMining/uncompressed/locations_cities/del_11_1_to_11_15.data::tot_lines: 83000
/Users/gaurav/Documents/Work/Projects/DataMining/uncompressed/locations_cities/del_11_1_to_11_15.data::tot_lines: 84000
/Users/gaurav/Documents/Work/Projects/DataMining/uncompressed/locations_cities/del_11_1_to_11_15.data::tot_lines: 85000
/Users/gaurav/Documents/Work/Projects/DataMining/uncompressed/locations_cities/del_11_1_to_11_15.data::tot_lines: 86000
/Users/gaurav/Documents/Work/Projects/DataMining/uncompressed/locations_cities/del_11_1_to_11_15.data::tot_lines: 87000
/Users/gaurav/Documents/Work/Projects/DataMining/uncompressed/locations_cities/del_11_1_to_11_15.data::tot_lines: 88000
/Users/gaurav/Documents/Work/Projects/DataMining/uncompressed/locations_cities/del_11_1_to_11_15.data::tot_lines: 89000
/Users/gaurav/Documents/Work/Projects/DataMining/uncompressed/locations_cities/del_11_1_to_11_15.data::tot_lines: 90000
/Users/gaurav/Documents/Work/Projects/DataMining/uncompressed/locations_cities/del_11_1_to_11_15.data::tot_lines: 91000
/Users/gaurav/Documents/Work/Projects/DataMining/uncompressed/locations_cities/del_11_1_to_11_15.data::tot_lines: 92000
/Users/gaurav/Documents/Work/Projects/DataMining/uncompressed/locations_cities/del_11_1_to_11_15.data::tot_lines: 93000
/Users/gaurav/Documents/Work/Projects/DataMining/uncompressed/locations_cities/del_11_1_to_11_15.data::tot_lines: 94000
/Users/gaurav/Documents/Work/Projects/DataMining/uncompressed/locations_cities/del_11_1_to_11_15.data::tot_lines: 95000
/Users/gaurav/Documents/Work/Projects/DataMining/uncompressed/locations_cities/del_11_1_to_11_15.data::tot_lines: 96000
/Users/gaurav/Documents/Work/Projects/DataMining/uncompressed/locations_cities/del_11_1_to_11_15.data::tot_lines: 97000
/Users/gaurav/Documents/Work/Projects/DataMining/uncompressed/locations_cities/del_11_1_to_11_15.data::tot_lines: 98000
/Users/gaurav/Documents/Work/Projects/DataMining/uncompressed/locations_cities/del_11_1_to_11_15.data::tot_lines: 99000
/Users/gaurav/Documents/Work/Projects/DataMining/uncompressed/locations_cities/del_11_1_to_11_15.data::tot_lines: 100000
/Users/gaurav/Documents/Work/Projects/DataMining/uncompressed/locations_cities/del_11_1_to_11_15.data::tot_lines: 101000
/Users/gaurav/Documents/Work/Projects/DataMining/uncompressed/locations_cities/del_11_1_to_11_15.data::tot_lines: 102000
/Users/gaurav/Documents/Work/Projects/DataMining/uncompressed/locations_cities/del_11_1_to_11_15.data::tot_lines: 103000
/Users/gaurav/Documents/Work/Projects/DataMining/uncompressed/locations_cities/del_11_1_to_11_15.data::tot_lines: 104000
/Users/gaurav/Documents/Work/Projects/DataMining/uncompressed/locations_cities/del_11_1_to_11_15.data::tot_lines: 105000
/Users/gaurav/Documents/Work/Projects/DataMining/uncompressed/locations_cities/del_11_1_to_11_15.data::tot_lines: 106000
/Users/gaurav/Documents/Work/Projects/DataMining/uncompressed/locations_cities/del_11_1_to_11_15.data::tot_lines: 107000
/Users/gaurav/Documents/Work/Projects/DataMining/uncompressed/locations_cities/del_11_1_to_11_15.data::tot_lines: 108000
/Users/gaurav/Documents/Work/Projects/DataMining/uncompressed/locations_cities/del_11_1_to_11_15.data::tot_lines: 109000
/Users/gaurav/Documents/Work/Projects/DataMining/uncompressed/locations_cities/del_11_1_to_11_15.data::tot_lines: 110000
/Users/gaurav/Documents/Work/Projects/DataMining/uncompressed/locations_cities/del_11_1_to_11_15.data::tot_lines: 111000
/Users/gaurav/Documents/Work/Projects/DataMining/uncompressed/locations_cities/del_11_1_to_11_15.data::tot_lines: 112000
/Users/gaurav/Documents/Work/Projects/DataMining/uncompressed/locations_cities/del_11_1_to_11_15.data::tot_lines: 113000
/Users/gaurav/Documents/Work/Projects/DataMining/uncompressed/locations_cities/del_11_1_to_11_15.data::tot_lines: 114000
/Users/gaurav/Documents/Work/Projects/DataMining/uncompressed/locations_cities/del_11_1_to_11_15.data::tot_lines: 115000
/Users/gaurav/Documents/Work/Projects/DataMining/uncompressed/locations_cities/del_11_1_to_11_15.data::tot_lines: 116000
/Users/gaurav/Documents/Work/Projects/DataMining/uncompressed/locations_cities/del_11_1_to_11_15.data::tot_lines: 117000
/Users/gaurav/Documents/Work/Projects/DataMining/uncompressed/locations_cities/del_11_1_to_11_15.data::tot_lines: 118000
/Users/gaurav/Documents/Work/Projects/DataMining/uncompressed/locations_cities/del_11_1_to_11_15.data::tot_lines: 119000
/Users/gaurav/Documents/Work/Projects/DataMining/uncompressed/locations_cities/del_11_1_to_11_15.data::tot_lines: 120000
/Users/gaurav/Documents/Work/Projects/DataMining/uncompressed/locations_cities/del_11_1_to_11_15.data::tot_lines: 121000
/Users/gaurav/Documents/Work/Projects/DataMining/uncompressed/locations_cities/del_11_1_to_11_15.data::tot_lines: 122000
/Users/gaurav/Documents/Work/Projects/DataMining/uncompressed/locations_cities/del_11_1_to_11_15.data::tot_lines: 123000
/Users/gaurav/Documents/Work/Projects/DataMining/uncompressed/locations_cities/del_11_1_to_11_15.data::tot_lines: 123848
Processing file: /Users/gaurav/Documents/Work/Projects/DataMining/uncompressed/locations_cities/del_11_1_to_11_15.data
/Users/gaurav/Documents/Work/Projects/DataMining/uncompressed/locations_cities/del_11_1_to_11_15.data::tot_lines: 10000
/Users/gaurav/Documents/Work/Projects/DataMining/uncompressed/locations_cities/del_11_1_to_11_15.data::tot_lines: 20000
/Users/gaurav/Documents/Work/Projects/DataMining/uncompressed/locations_cities/del_11_1_to_11_15.data::tot_lines: 30000
/Users/gaurav/Documents/Work/Projects/DataMining/uncompressed/locations_cities/del_11_1_to_11_15.data::tot_lines: 40000
/Users/gaurav/Documents/Work/Projects/DataMining/uncompressed/locations_cities/del_11_1_to_11_15.data::tot_lines: 50000
/Users/gaurav/Documents/Work/Projects/DataMining/uncompressed/locations_cities/del_11_1_to_11_15.data::tot_lines: 60000
/Users/gaurav/Documents/Work/Projects/DataMining/uncompressed/locations_cities/del_11_1_to_11_15.data::tot_lines: 70000
/Users/gaurav/Documents/Work/Projects/DataMining/uncompressed/locations_cities/del_11_1_to_11_15.data::tot_lines: 80000
/Users/gaurav/Documents/Work/Projects/DataMining/uncompressed/locations_cities/del_11_1_to_11_15.data::tot_lines: 90000
Processing file: /Users/gaurav/Documents/Work/Projects/DataMining/uncompressed/locations_cities/del_11_1_to_11_15.data
/Users/gaurav/Documents/Work/Projects/DataMining/uncompressed/locations_cities/del_11_1_to_11_15.data::tot_lines: 10000
/Users/gaurav/Documents/Work/Projects/DataMining/uncompressed/locations_cities/del_11_1_to_11_15.data::tot_lines: 20000
/Users/gaurav/Documents/Work/Projects/DataMining/uncompressed/locations_cities/del_11_1_to_11_15.data::tot_lines: 30000
