[2012-12-02 21:40:20.505408] Processing file: /Users/gaurav/Documents/Work/Projects/DataMining/uncompressed/locations_all/gardenhose.2012-11-01.gz.data
[2012-12-02 21:40:21.139161] /Users/gaurav/Documents/Work/Projects/DataMining/uncompressed/locations_all/gardenhose.2012-11-01.gz.data::tot_lines: 10000
[2012-12-02 21:40:21.779165] /Users/gaurav/Documents/Work/Projects/DataMining/uncompressed/locations_all/gardenhose.2012-11-01.gz.data::tot_lines: 20000
[2012-12-02 21:40:22.420935] /Users/gaurav/Documents/Work/Projects/DataMining/uncompressed/locations_all/gardenhose.2012-11-01.gz.data::tot_lines: 30000
[2012-12-02 21:40:23.080480] /Users/gaurav/Documents/Work/Projects/DataMining/uncompressed/locations_all/gardenhose.2012-11-01.gz.data::tot_lines: 40000
[2012-12-02 21:40:23.721550] /Users/gaurav/Documents/Work/Projects/DataMining/uncompressed/locations_all/gardenhose.2012-11-01.gz.data::tot_lines: 50000
[2012-12-02 21:40:24.447142] /Users/gaurav/Documents/Work/Projects/DataMining/uncompressed/locations_all/gardenhose.2012-11-01.gz.data::tot_lines: 60000
[2012-12-02 21:40:25.193062] /Users/gaurav/Documents/Work/Projects/DataMining/uncompressed/locations_all/gardenhose.2012-11-01.gz.data::tot_lines: 70000
[2012-12-02 21:40:25.886646] /Users/gaurav/Documents/Work/Projects/DataMining/uncompressed/locations_all/gardenhose.2012-11-01.gz.data::tot_lines: 80000
[2012-12-02 21:40:26.605559] /Users/gaurav/Documents/Work/Projects/DataMining/uncompressed/locations_all/gardenhose.2012-11-01.gz.data::tot_lines: 90000
[2012-12-02 21:40:27.287143] /Users/gaurav/Documents/Work/Projects/DataMining/uncompressed/locations_all/gardenhose.2012-11-01.gz.data::tot_lines: 100000
[2012-12-02 21:40:27.807370] 100000:nyc
[2012-12-02 21:40:27.955489] /Users/gaurav/Documents/Work/Projects/DataMining/uncompressed/locations_all/gardenhose.2012-11-01.gz.data::tot_lines: 110000
[2012-12-02 21:40:28.654324] /Users/gaurav/Documents/Work/Projects/DataMining/uncompressed/locations_all/gardenhose.2012-11-01.gz.data::tot_lines: 120000
[2012-12-02 21:40:29.318460] /Users/gaurav/Documents/Work/Projects/DataMining/uncompressed/locations_all/gardenhose.2012-11-01.gz.data::tot_lines: 130000
[2012-12-02 21:40:30.013942] /Users/gaurav/Documents/Work/Projects/DataMining/uncompressed/locations_all/gardenhose.2012-11-01.gz.data::tot_lines: 140000
[2012-12-02 21:40:30.679273] /Users/gaurav/Documents/Work/Projects/DataMining/uncompressed/locations_all/gardenhose.2012-11-01.gz.data::tot_lines: 150000
[2012-12-02 21:40:31.359798] /Users/gaurav/Documents/Work/Projects/DataMining/uncompressed/locations_all/gardenhose.2012-11-01.gz.data::tot_lines: 160000
[2012-12-02 21:40:31.779089] /Users/gaurav/Documents/Work/Projects/DataMining/uncompressed/locations_all/gardenhose.2012-11-01.gz.data::tot_lines: 166123
[2012-12-02 21:40:31.779173] Processing file: /Users/gaurav/Documents/Work/Projects/DataMining/uncompressed/locations_all/gardenhose.2012-11-02.gz.data
[2012-12-02 21:40:32.457724] /Users/gaurav/Documents/Work/Projects/DataMining/uncompressed/locations_all/gardenhose.2012-11-02.gz.data::tot_lines: 10000
[2012-12-02 21:40:33.141780] /Users/gaurav/Documents/Work/Projects/DataMining/uncompressed/locations_all/gardenhose.2012-11-02.gz.data::tot_lines: 20000
[2012-12-02 21:40:33.892035] /Users/gaurav/Documents/Work/Projects/DataMining/uncompressed/locations_all/gardenhose.2012-11-02.gz.data::tot_lines: 30000
[2012-12-02 21:40:34.567773] /Users/gaurav/Documents/Work/Projects/DataMining/uncompressed/locations_all/gardenhose.2012-11-02.gz.data::tot_lines: 40000
[2012-12-02 21:40:35.132750] 200000:nyc
[2012-12-02 21:40:35.278123] /Users/gaurav/Documents/Work/Projects/DataMining/uncompressed/locations_all/gardenhose.2012-11-02.gz.data::tot_lines: 50000
[2012-12-02 21:40:36.082486] /Users/gaurav/Documents/Work/Projects/DataMining/uncompressed/locations_all/gardenhose.2012-11-02.gz.data::tot_lines: 60000
[2012-12-02 21:40:36.821490] /Users/gaurav/Documents/Work/Projects/DataMining/uncompressed/locations_all/gardenhose.2012-11-02.gz.data::tot_lines: 70000
[2012-12-02 21:40:37.530122] /Users/gaurav/Documents/Work/Projects/DataMining/uncompressed/locations_all/gardenhose.2012-11-02.gz.data::tot_lines: 80000
[2012-12-02 21:40:38.209684] /Users/gaurav/Documents/Work/Projects/DataMining/uncompressed/locations_all/gardenhose.2012-11-02.gz.data::tot_lines: 90000
[2012-12-02 21:40:38.889718] /Users/gaurav/Documents/Work/Projects/DataMining/uncompressed/locations_all/gardenhose.2012-11-02.gz.data::tot_lines: 100000
[2012-12-02 21:40:39.562444] /Users/gaurav/Documents/Work/Projects/DataMining/uncompressed/locations_all/gardenhose.2012-11-02.gz.data::tot_lines: 110000
[2012-12-02 21:40:40.338620] /Users/gaurav/Documents/Work/Projects/DataMining/uncompressed/locations_all/gardenhose.2012-11-02.gz.data::tot_lines: 120000
[2012-12-02 21:40:41.109406] /Users/gaurav/Documents/Work/Projects/DataMining/uncompressed/locations_all/gardenhose.2012-11-02.gz.data::tot_lines: 130000
[2012-12-02 21:40:41.788353] /Users/gaurav/Documents/Work/Projects/DataMining/uncompressed/locations_all/gardenhose.2012-11-02.gz.data::tot_lines: 140000
[2012-12-02 21:40:42.501407] /Users/gaurav/Documents/Work/Projects/DataMining/uncompressed/locations_all/gardenhose.2012-11-02.gz.data::tot_lines: 150000
[2012-12-02 21:40:42.591583] 300000:nyc
[2012-12-02 21:40:43.198169] /Users/gaurav/Documents/Work/Projects/DataMining/uncompressed/locations_all/gardenhose.2012-11-02.gz.data::tot_lines: 160000
[2012-12-02 21:40:44.079997] /Users/gaurav/Documents/Work/Projects/DataMining/uncompressed/locations_all/gardenhose.2012-11-02.gz.data::tot_lines: 170000
[2012-12-02 21:40:44.433771] /Users/gaurav/Documents/Work/Projects/DataMining/uncompressed/locations_all/gardenhose.2012-11-02.gz.data::tot_lines: 173755
[2012-12-02 21:40:44.433849] Processing file: /Users/gaurav/Documents/Work/Projects/DataMining/uncompressed/locations_all/gardenhose.2012-11-03.gz.data
[2012-12-02 21:40:45.113417] /Users/gaurav/Documents/Work/Projects/DataMining/uncompressed/locations_all/gardenhose.2012-11-03.gz.data::tot_lines: 10000
[2012-12-02 21:40:45.782102] /Users/gaurav/Documents/Work/Projects/DataMining/uncompressed/locations_all/gardenhose.2012-11-03.gz.data::tot_lines: 20000
[2012-12-02 21:40:46.415383] /Users/gaurav/Documents/Work/Projects/DataMining/uncompressed/locations_all/gardenhose.2012-11-03.gz.data::tot_lines: 30000
[2012-12-02 21:40:47.163696] /Users/gaurav/Documents/Work/Projects/DataMining/uncompressed/locations_all/gardenhose.2012-11-03.gz.data::tot_lines: 40000
[2012-12-02 21:40:47.835218] /Users/gaurav/Documents/Work/Projects/DataMining/uncompressed/locations_all/gardenhose.2012-11-03.gz.data::tot_lines: 50000
[2012-12-02 21:40:48.507938] /Users/gaurav/Documents/Work/Projects/DataMining/uncompressed/locations_all/gardenhose.2012-11-03.gz.data::tot_lines: 60000
[2012-12-02 21:40:49.196105] /Users/gaurav/Documents/Work/Projects/DataMining/uncompressed/locations_all/gardenhose.2012-11-03.gz.data::tot_lines: 70000
[2012-12-02 21:40:49.860756] /Users/gaurav/Documents/Work/Projects/DataMining/uncompressed/locations_all/gardenhose.2012-11-03.gz.data::tot_lines: 80000
[2012-12-02 21:40:50.173722] 400000:nyc
[2012-12-02 21:40:50.576616] /Users/gaurav/Documents/Work/Projects/DataMining/uncompressed/locations_all/gardenhose.2012-11-03.gz.data::tot_lines: 90000
[2012-12-02 21:40:51.304813] /Users/gaurav/Documents/Work/Projects/DataMining/uncompressed/locations_all/gardenhose.2012-11-03.gz.data::tot_lines: 100000
[2012-12-02 21:40:51.985303] /Users/gaurav/Documents/Work/Projects/DataMining/uncompressed/locations_all/gardenhose.2012-11-03.gz.data::tot_lines: 110000
[2012-12-02 21:40:52.682807] /Users/gaurav/Documents/Work/Projects/DataMining/uncompressed/locations_all/gardenhose.2012-11-03.gz.data::tot_lines: 120000
[2012-12-02 21:40:53.412910] /Users/gaurav/Documents/Work/Projects/DataMining/uncompressed/locations_all/gardenhose.2012-11-03.gz.data::tot_lines: 130000
[2012-12-02 21:40:54.163954] /Users/gaurav/Documents/Work/Projects/DataMining/uncompressed/locations_all/gardenhose.2012-11-03.gz.data::tot_lines: 140000
[2012-12-02 21:40:54.873492] /Users/gaurav/Documents/Work/Projects/DataMining/uncompressed/locations_all/gardenhose.2012-11-03.gz.data::tot_lines: 150000
[2012-12-02 21:40:55.367182] /Users/gaurav/Documents/Work/Projects/DataMining/uncompressed/locations_all/gardenhose.2012-11-03.gz.data::tot_lines: 157437
[2012-12-02 21:40:55.367269] Processing file: /Users/gaurav/Documents/Work/Projects/DataMining/uncompressed/locations_all/gardenhose.2012-11-04.gz.data
[2012-12-02 21:40:56.076581] /Users/gaurav/Documents/Work/Projects/DataMining/uncompressed/locations_all/gardenhose.2012-11-04.gz.data::tot_lines: 10000
[2012-12-02 21:40:56.734012] /Users/gaurav/Documents/Work/Projects/DataMining/uncompressed/locations_all/gardenhose.2012-11-04.gz.data::tot_lines: 20000
[2012-12-02 21:40:57.444347] /Users/gaurav/Documents/Work/Projects/DataMining/uncompressed/locations_all/gardenhose.2012-11-04.gz.data::tot_lines: 30000
[2012-12-02 21:40:57.600512] 500000:nyc
[2012-12-02 21:40:58.141046] /Users/gaurav/Documents/Work/Projects/DataMining/uncompressed/locations_all/gardenhose.2012-11-04.gz.data::tot_lines: 40000
[2012-12-02 21:40:58.937264] /Users/gaurav/Documents/Work/Projects/DataMining/uncompressed/locations_all/gardenhose.2012-11-04.gz.data::tot_lines: 50000
[2012-12-02 21:40:59.676425] /Users/gaurav/Documents/Work/Projects/DataMining/uncompressed/locations_all/gardenhose.2012-11-04.gz.data::tot_lines: 60000
[2012-12-02 21:41:00.456129] /Users/gaurav/Documents/Work/Projects/DataMining/uncompressed/locations_all/gardenhose.2012-11-04.gz.data::tot_lines: 70000
[2012-12-02 21:41:01.194514] /Users/gaurav/Documents/Work/Projects/DataMining/uncompressed/locations_all/gardenhose.2012-11-04.gz.data::tot_lines: 80000
[2012-12-02 21:41:01.899292] /Users/gaurav/Documents/Work/Projects/DataMining/uncompressed/locations_all/gardenhose.2012-11-04.gz.data::tot_lines: 90000
[2012-12-02 21:41:02.573302] /Users/gaurav/Documents/Work/Projects/DataMining/uncompressed/locations_all/gardenhose.2012-11-04.gz.data::tot_lines: 100000
[2012-12-02 21:41:03.253430] /Users/gaurav/Documents/Work/Projects/DataMining/uncompressed/locations_all/gardenhose.2012-11-04.gz.data::tot_lines: 110000
[2012-12-02 21:41:03.990595] /Users/gaurav/Documents/Work/Projects/DataMining/uncompressed/locations_all/gardenhose.2012-11-04.gz.data::tot_lines: 120000
[2012-12-02 21:41:04.743371] /Users/gaurav/Documents/Work/Projects/DataMining/uncompressed/locations_all/gardenhose.2012-11-04.gz.data::tot_lines: 130000
[2012-12-02 21:41:05.183148] 600000:nyc
[2012-12-02 21:41:05.426064] /Users/gaurav/Documents/Work/Projects/DataMining/uncompressed/locations_all/gardenhose.2012-11-04.gz.data::tot_lines: 140000
[2012-12-02 21:41:06.101803] /Users/gaurav/Documents/Work/Projects/DataMining/uncompressed/locations_all/gardenhose.2012-11-04.gz.data::tot_lines: 150000
[2012-12-02 21:41:06.775175] /Users/gaurav/Documents/Work/Projects/DataMining/uncompressed/locations_all/gardenhose.2012-11-04.gz.data::tot_lines: 160000
[2012-12-02 21:41:07.478713] /Users/gaurav/Documents/Work/Projects/DataMining/uncompressed/locations_all/gardenhose.2012-11-04.gz.data::tot_lines: 170000
[2012-12-02 21:41:08.172791] /Users/gaurav/Documents/Work/Projects/DataMining/uncompressed/locations_all/gardenhose.2012-11-04.gz.data::tot_lines: 180000
[2012-12-02 21:41:08.248031] /Users/gaurav/Documents/Work/Projects/DataMining/uncompressed/locations_all/gardenhose.2012-11-04.gz.data::tot_lines: 181170
[2012-12-02 21:41:08.248108] Processing file: /Users/gaurav/Documents/Work/Projects/DataMining/uncompressed/locations_all/gardenhose.2012-11-05.gz.data
[2012-12-02 21:41:08.916633] /Users/gaurav/Documents/Work/Projects/DataMining/uncompressed/locations_all/gardenhose.2012-11-05.gz.data::tot_lines: 10000
[2012-12-02 21:41:09.557972] /Users/gaurav/Documents/Work/Projects/DataMining/uncompressed/locations_all/gardenhose.2012-11-05.gz.data::tot_lines: 20000
[2012-12-02 21:41:10.224707] /Users/gaurav/Documents/Work/Projects/DataMining/uncompressed/locations_all/gardenhose.2012-11-05.gz.data::tot_lines: 30000
[2012-12-02 21:41:10.929152] /Users/gaurav/Documents/Work/Projects/DataMining/uncompressed/locations_all/gardenhose.2012-11-05.gz.data::tot_lines: 40000
[2012-12-02 21:41:11.645240] /Users/gaurav/Documents/Work/Projects/DataMining/uncompressed/locations_all/gardenhose.2012-11-05.gz.data::tot_lines: 50000
[2012-12-02 21:41:12.334497] /Users/gaurav/Documents/Work/Projects/DataMining/uncompressed/locations_all/gardenhose.2012-11-05.gz.data::tot_lines: 60000
[2012-12-02 21:41:12.501002] 700000:nyc
[2012-12-02 21:41:13.048554] /Users/gaurav/Documents/Work/Projects/DataMining/uncompressed/locations_all/gardenhose.2012-11-05.gz.data::tot_lines: 70000
[2012-12-02 21:41:13.878636] /Users/gaurav/Documents/Work/Projects/DataMining/uncompressed/locations_all/gardenhose.2012-11-05.gz.data::tot_lines: 80000
[2012-12-02 21:41:14.851556] /Users/gaurav/Documents/Work/Projects/DataMining/uncompressed/locations_all/gardenhose.2012-11-05.gz.data::tot_lines: 90000
[2012-12-02 21:41:15.542007] /Users/gaurav/Documents/Work/Projects/DataMining/uncompressed/locations_all/gardenhose.2012-11-05.gz.data::tot_lines: 100000
[2012-12-02 21:41:16.217181] /Users/gaurav/Documents/Work/Projects/DataMining/uncompressed/locations_all/gardenhose.2012-11-05.gz.data::tot_lines: 110000
[2012-12-02 21:41:16.955586] /Users/gaurav/Documents/Work/Projects/DataMining/uncompressed/locations_all/gardenhose.2012-11-05.gz.data::tot_lines: 120000
[2012-12-02 21:41:17.729172] /Users/gaurav/Documents/Work/Projects/DataMining/uncompressed/locations_all/gardenhose.2012-11-05.gz.data::tot_lines: 130000
[2012-12-02 21:41:18.515426] /Users/gaurav/Documents/Work/Projects/DataMining/uncompressed/locations_all/gardenhose.2012-11-05.gz.data::tot_lines: 140000
[2012-12-02 21:41:19.197891] /Users/gaurav/Documents/Work/Projects/DataMining/uncompressed/locations_all/gardenhose.2012-11-05.gz.data::tot_lines: 150000
[2012-12-02 21:41:19.883822] /Users/gaurav/Documents/Work/Projects/DataMining/uncompressed/locations_all/gardenhose.2012-11-05.gz.data::tot_lines: 160000
[2012-12-02 21:41:20.178207] 800000:nyc
[2012-12-02 21:41:20.551672] /Users/gaurav/Documents/Work/Projects/DataMining/uncompressed/locations_all/gardenhose.2012-11-05.gz.data::tot_lines: 170000
[2012-12-02 21:41:20.916608] /Users/gaurav/Documents/Work/Projects/DataMining/uncompressed/locations_all/gardenhose.2012-11-05.gz.data::tot_lines: 175435
[2012-12-02 21:41:20.916684] Processing file: /Users/gaurav/Documents/Work/Projects/DataMining/uncompressed/locations_all/gardenhose.2012-11-06.gz.data
[2012-12-02 21:41:21.630092] /Users/gaurav/Documents/Work/Projects/DataMining/uncompressed/locations_all/gardenhose.2012-11-06.gz.data::tot_lines: 10000
[2012-12-02 21:41:22.282095] /Users/gaurav/Documents/Work/Projects/DataMining/uncompressed/locations_all/gardenhose.2012-11-06.gz.data::tot_lines: 20000
[2012-12-02 21:41:23.012188] /Users/gaurav/Documents/Work/Projects/DataMining/uncompressed/locations_all/gardenhose.2012-11-06.gz.data::tot_lines: 30000
[2012-12-02 21:41:23.686162] /Users/gaurav/Documents/Work/Projects/DataMining/uncompressed/locations_all/gardenhose.2012-11-06.gz.data::tot_lines: 40000
[2012-12-02 21:41:24.363190] /Users/gaurav/Documents/Work/Projects/DataMining/uncompressed/locations_all/gardenhose.2012-11-06.gz.data::tot_lines: 50000
[2012-12-02 21:41:25.092599] /Users/gaurav/Documents/Work/Projects/DataMining/uncompressed/locations_all/gardenhose.2012-11-06.gz.data::tot_lines: 60000
[2012-12-02 21:41:25.805581] /Users/gaurav/Documents/Work/Projects/DataMining/uncompressed/locations_all/gardenhose.2012-11-06.gz.data::tot_lines: 70000
[2012-12-02 21:41:26.489487] /Users/gaurav/Documents/Work/Projects/DataMining/uncompressed/locations_all/gardenhose.2012-11-06.gz.data::tot_lines: 80000
[2012-12-02 21:41:27.183865] /Users/gaurav/Documents/Work/Projects/DataMining/uncompressed/locations_all/gardenhose.2012-11-06.gz.data::tot_lines: 90000
[2012-12-02 21:41:27.676815] 900000:nyc
[2012-12-02 21:41:27.896914] /Users/gaurav/Documents/Work/Projects/DataMining/uncompressed/locations_all/gardenhose.2012-11-06.gz.data::tot_lines: 100000
[2012-12-02 21:41:28.649177] /Users/gaurav/Documents/Work/Projects/DataMining/uncompressed/locations_all/gardenhose.2012-11-06.gz.data::tot_lines: 110000
[2012-12-02 21:41:29.346560] /Users/gaurav/Documents/Work/Projects/DataMining/uncompressed/locations_all/gardenhose.2012-11-06.gz.data::tot_lines: 120000
[2012-12-02 21:41:30.052547] /Users/gaurav/Documents/Work/Projects/DataMining/uncompressed/locations_all/gardenhose.2012-11-06.gz.data::tot_lines: 130000
[2012-12-02 21:41:30.748976] /Users/gaurav/Documents/Work/Projects/DataMining/uncompressed/locations_all/gardenhose.2012-11-06.gz.data::tot_lines: 140000
[2012-12-02 21:41:31.465361] /Users/gaurav/Documents/Work/Projects/DataMining/uncompressed/locations_all/gardenhose.2012-11-06.gz.data::tot_lines: 150000
[2012-12-02 21:41:32.230965] /Users/gaurav/Documents/Work/Projects/DataMining/uncompressed/locations_all/gardenhose.2012-11-06.gz.data::tot_lines: 160000
[2012-12-02 21:41:32.942734] /Users/gaurav/Documents/Work/Projects/DataMining/uncompressed/locations_all/gardenhose.2012-11-06.gz.data::tot_lines: 170000
[2012-12-02 21:41:33.735027] /Users/gaurav/Documents/Work/Projects/DataMining/uncompressed/locations_all/gardenhose.2012-11-06.gz.data::tot_lines: 180000
[2012-12-02 21:41:34.484175] /Users/gaurav/Documents/Work/Projects/DataMining/uncompressed/locations_all/gardenhose.2012-11-06.gz.data::tot_lines: 190000
[2012-12-02 21:41:35.063061] 1000000:nyc
[2012-12-02 21:41:35.228387] /Users/gaurav/Documents/Work/Projects/DataMining/uncompressed/locations_all/gardenhose.2012-11-06.gz.data::tot_lines: 200000
[2012-12-02 21:41:36.105529] /Users/gaurav/Documents/Work/Projects/DataMining/uncompressed/locations_all/gardenhose.2012-11-06.gz.data::tot_lines: 210000
[2012-12-02 21:41:36.857780] /Users/gaurav/Documents/Work/Projects/DataMining/uncompressed/locations_all/gardenhose.2012-11-06.gz.data::tot_lines: 220000
[2012-12-02 21:41:37.344292] /Users/gaurav/Documents/Work/Projects/DataMining/uncompressed/locations_all/gardenhose.2012-11-06.gz.data::tot_lines: 226759
[2012-12-02 21:41:37.344375] Processing file: /Users/gaurav/Documents/Work/Projects/DataMining/uncompressed/locations_all/gardenhose.2012-11-07.gz.data
[2012-12-02 21:41:38.105456] /Users/gaurav/Documents/Work/Projects/DataMining/uncompressed/locations_all/gardenhose.2012-11-07.gz.data::tot_lines: 10000
[2012-12-02 21:41:38.910771] /Users/gaurav/Documents/Work/Projects/DataMining/uncompressed/locations_all/gardenhose.2012-11-07.gz.data::tot_lines: 20000
[2012-12-02 21:41:39.624039] /Users/gaurav/Documents/Work/Projects/DataMining/uncompressed/locations_all/gardenhose.2012-11-07.gz.data::tot_lines: 30000
[2012-12-02 21:41:40.313821] /Users/gaurav/Documents/Work/Projects/DataMining/uncompressed/locations_all/gardenhose.2012-11-07.gz.data::tot_lines: 40000
[2012-12-02 21:41:40.983146] /Users/gaurav/Documents/Work/Projects/DataMining/uncompressed/locations_all/gardenhose.2012-11-07.gz.data::tot_lines: 50000
[2012-12-02 21:41:41.642472] /Users/gaurav/Documents/Work/Projects/DataMining/uncompressed/locations_all/gardenhose.2012-11-07.gz.data::tot_lines: 60000
[2012-12-02 21:41:42.400583] /Users/gaurav/Documents/Work/Projects/DataMining/uncompressed/locations_all/gardenhose.2012-11-07.gz.data::tot_lines: 70000
[2012-12-02 21:41:42.992652] 1100000:nyc
[2012-12-02 21:41:43.128450] /Users/gaurav/Documents/Work/Projects/DataMining/uncompressed/locations_all/gardenhose.2012-11-07.gz.data::tot_lines: 80000
[2012-12-02 21:41:43.791248] /Users/gaurav/Documents/Work/Projects/DataMining/uncompressed/locations_all/gardenhose.2012-11-07.gz.data::tot_lines: 90000
[2012-12-02 21:41:44.641480] /Users/gaurav/Documents/Work/Projects/DataMining/uncompressed/locations_all/gardenhose.2012-11-07.gz.data::tot_lines: 100000
[2012-12-02 21:41:45.419935] /Users/gaurav/Documents/Work/Projects/DataMining/uncompressed/locations_all/gardenhose.2012-11-07.gz.data::tot_lines: 110000
[2012-12-02 21:41:46.145728] /Users/gaurav/Documents/Work/Projects/DataMining/uncompressed/locations_all/gardenhose.2012-11-07.gz.data::tot_lines: 120000
[2012-12-02 21:41:46.837014] /Users/gaurav/Documents/Work/Projects/DataMining/uncompressed/locations_all/gardenhose.2012-11-07.gz.data::tot_lines: 130000
[2012-12-02 21:41:47.540424] /Users/gaurav/Documents/Work/Projects/DataMining/uncompressed/locations_all/gardenhose.2012-11-07.gz.data::tot_lines: 140000
[2012-12-02 21:41:48.203749] /Users/gaurav/Documents/Work/Projects/DataMining/uncompressed/locations_all/gardenhose.2012-11-07.gz.data::tot_lines: 150000
[2012-12-02 21:41:48.863499] /Users/gaurav/Documents/Work/Projects/DataMining/uncompressed/locations_all/gardenhose.2012-11-07.gz.data::tot_lines: 160000
[2012-12-02 21:41:49.605535] /Users/gaurav/Documents/Work/Projects/DataMining/uncompressed/locations_all/gardenhose.2012-11-07.gz.data::tot_lines: 170000
[2012-12-02 21:41:50.296592] /Users/gaurav/Documents/Work/Projects/DataMining/uncompressed/locations_all/gardenhose.2012-11-07.gz.data::tot_lines: 180000
[2012-12-02 21:41:50.336290] 1200000:nyc
[2012-12-02 21:41:50.966965] /Users/gaurav/Documents/Work/Projects/DataMining/uncompressed/locations_all/gardenhose.2012-11-07.gz.data::tot_lines: 190000
[2012-12-02 21:41:51.523769] /Users/gaurav/Documents/Work/Projects/DataMining/uncompressed/locations_all/gardenhose.2012-11-07.gz.data::tot_lines: 198308
[2012-12-02 21:41:51.523841] Processing file: /Users/gaurav/Documents/Work/Projects/DataMining/uncompressed/locations_all/gardenhose.2012-11-08.gz.data
[2012-12-02 21:41:52.241483] /Users/gaurav/Documents/Work/Projects/DataMining/uncompressed/locations_all/gardenhose.2012-11-08.gz.data::tot_lines: 10000
[2012-12-02 21:41:52.952814] /Users/gaurav/Documents/Work/Projects/DataMining/uncompressed/locations_all/gardenhose.2012-11-08.gz.data::tot_lines: 20000
[2012-12-02 21:41:53.625639] /Users/gaurav/Documents/Work/Projects/DataMining/uncompressed/locations_all/gardenhose.2012-11-08.gz.data::tot_lines: 30000
[2012-12-02 21:41:54.304532] /Users/gaurav/Documents/Work/Projects/DataMining/uncompressed/locations_all/gardenhose.2012-11-08.gz.data::tot_lines: 40000
[2012-12-02 21:41:54.972418] /Users/gaurav/Documents/Work/Projects/DataMining/uncompressed/locations_all/gardenhose.2012-11-08.gz.data::tot_lines: 50000
[2012-12-02 21:41:55.679161] /Users/gaurav/Documents/Work/Projects/DataMining/uncompressed/locations_all/gardenhose.2012-11-08.gz.data::tot_lines: 60000
[2012-12-02 21:41:56.439141] /Users/gaurav/Documents/Work/Projects/DataMining/uncompressed/locations_all/gardenhose.2012-11-08.gz.data::tot_lines: 70000
[2012-12-02 21:41:57.112708] /Users/gaurav/Documents/Work/Projects/DataMining/uncompressed/locations_all/gardenhose.2012-11-08.gz.data::tot_lines: 80000
[2012-12-02 21:41:57.791336] /Users/gaurav/Documents/Work/Projects/DataMining/uncompressed/locations_all/gardenhose.2012-11-08.gz.data::tot_lines: 90000
[2012-12-02 21:41:57.799171] 1300000:nyc
[2012-12-02 21:41:58.501155] /Users/gaurav/Documents/Work/Projects/DataMining/uncompressed/locations_all/gardenhose.2012-11-08.gz.data::tot_lines: 100000
[2012-12-02 21:41:59.168924] /Users/gaurav/Documents/Work/Projects/DataMining/uncompressed/locations_all/gardenhose.2012-11-08.gz.data::tot_lines: 110000
[2012-12-02 21:41:59.905448] /Users/gaurav/Documents/Work/Projects/DataMining/uncompressed/locations_all/gardenhose.2012-11-08.gz.data::tot_lines: 120000
[2012-12-02 21:42:00.577888] /Users/gaurav/Documents/Work/Projects/DataMining/uncompressed/locations_all/gardenhose.2012-11-08.gz.data::tot_lines: 130000
[2012-12-02 21:42:01.273856] /Users/gaurav/Documents/Work/Projects/DataMining/uncompressed/locations_all/gardenhose.2012-11-08.gz.data::tot_lines: 140000
[2012-12-02 21:42:01.943707] /Users/gaurav/Documents/Work/Projects/DataMining/uncompressed/locations_all/gardenhose.2012-11-08.gz.data::tot_lines: 150000
[2012-12-02 21:42:02.653407] /Users/gaurav/Documents/Work/Projects/DataMining/uncompressed/locations_all/gardenhose.2012-11-08.gz.data::tot_lines: 160000
[2012-12-02 21:42:02.965148] /Users/gaurav/Documents/Work/Projects/DataMining/uncompressed/locations_all/gardenhose.2012-11-08.gz.data::tot_lines: 164104
[2012-12-02 21:42:02.965227] Processing file: /Users/gaurav/Documents/Work/Projects/DataMining/uncompressed/locations_all/gardenhose.2012-11-09.gz.data
[2012-12-02 21:42:03.686286] /Users/gaurav/Documents/Work/Projects/DataMining/uncompressed/locations_all/gardenhose.2012-11-09.gz.data::tot_lines: 10000
[2012-12-02 21:42:04.353276] /Users/gaurav/Documents/Work/Projects/DataMining/uncompressed/locations_all/gardenhose.2012-11-09.gz.data::tot_lines: 20000
[2012-12-02 21:42:05.024869] /Users/gaurav/Documents/Work/Projects/DataMining/uncompressed/locations_all/gardenhose.2012-11-09.gz.data::tot_lines: 30000
[2012-12-02 21:42:05.149227] 1400000:nyc
[2012-12-02 21:42:05.765404] /Users/gaurav/Documents/Work/Projects/DataMining/uncompressed/locations_all/gardenhose.2012-11-09.gz.data::tot_lines: 40000
[2012-12-02 21:42:06.502170] /Users/gaurav/Documents/Work/Projects/DataMining/uncompressed/locations_all/gardenhose.2012-11-09.gz.data::tot_lines: 50000
[2012-12-02 21:42:07.254428] /Users/gaurav/Documents/Work/Projects/DataMining/uncompressed/locations_all/gardenhose.2012-11-09.gz.data::tot_lines: 60000
[2012-12-02 21:42:07.946955] /Users/gaurav/Documents/Work/Projects/DataMining/uncompressed/locations_all/gardenhose.2012-11-09.gz.data::tot_lines: 70000
[2012-12-02 21:42:08.633102] /Users/gaurav/Documents/Work/Projects/DataMining/uncompressed/locations_all/gardenhose.2012-11-09.gz.data::tot_lines: 80000
[2012-12-02 21:42:09.360834] /Users/gaurav/Documents/Work/Projects/DataMining/uncompressed/locations_all/gardenhose.2012-11-09.gz.data::tot_lines: 90000
[2012-12-02 21:42:10.089126] /Users/gaurav/Documents/Work/Projects/DataMining/uncompressed/locations_all/gardenhose.2012-11-09.gz.data::tot_lines: 100000
[2012-12-02 21:42:10.751811] /Users/gaurav/Documents/Work/Projects/DataMining/uncompressed/locations_all/gardenhose.2012-11-09.gz.data::tot_lines: 110000
[2012-12-02 21:42:11.429424] /Users/gaurav/Documents/Work/Projects/DataMining/uncompressed/locations_all/gardenhose.2012-11-09.gz.data::tot_lines: 120000
[2012-12-02 21:42:12.129483] /Users/gaurav/Documents/Work/Projects/DataMining/uncompressed/locations_all/gardenhose.2012-11-09.gz.data::tot_lines: 130000
[2012-12-02 21:42:12.507227] 1500000:nyc
[2012-12-02 21:42:12.787500] /Users/gaurav/Documents/Work/Projects/DataMining/uncompressed/locations_all/gardenhose.2012-11-09.gz.data::tot_lines: 140000
[2012-12-02 21:42:13.419670] /Users/gaurav/Documents/Work/Projects/DataMining/uncompressed/locations_all/gardenhose.2012-11-09.gz.data::tot_lines: 148712
[2012-12-02 21:42:13.419749] Processing file: /Users/gaurav/Documents/Work/Projects/DataMining/uncompressed/locations_all/gardenhose.2012-11-10.gz.data
[2012-12-02 21:42:14.099298] /Users/gaurav/Documents/Work/Projects/DataMining/uncompressed/locations_all/gardenhose.2012-11-10.gz.data::tot_lines: 10000
[2012-12-02 21:42:14.931867] /Users/gaurav/Documents/Work/Projects/DataMining/uncompressed/locations_all/gardenhose.2012-11-10.gz.data::tot_lines: 20000
[2012-12-02 21:42:15.593634] /Users/gaurav/Documents/Work/Projects/DataMining/uncompressed/locations_all/gardenhose.2012-11-10.gz.data::tot_lines: 30000
[2012-12-02 21:42:16.258397] /Users/gaurav/Documents/Work/Projects/DataMining/uncompressed/locations_all/gardenhose.2012-11-10.gz.data::tot_lines: 40000
[2012-12-02 21:42:16.993726] /Users/gaurav/Documents/Work/Projects/DataMining/uncompressed/locations_all/gardenhose.2012-11-10.gz.data::tot_lines: 50000
[2012-12-02 21:42:17.680469] /Users/gaurav/Documents/Work/Projects/DataMining/uncompressed/locations_all/gardenhose.2012-11-10.gz.data::tot_lines: 60000
[2012-12-02 21:42:18.356934] /Users/gaurav/Documents/Work/Projects/DataMining/uncompressed/locations_all/gardenhose.2012-11-10.gz.data::tot_lines: 70000
[2012-12-02 21:42:19.041232] /Users/gaurav/Documents/Work/Projects/DataMining/uncompressed/locations_all/gardenhose.2012-11-10.gz.data::tot_lines: 80000
[2012-12-02 21:42:19.758206] /Users/gaurav/Documents/Work/Projects/DataMining/uncompressed/locations_all/gardenhose.2012-11-10.gz.data::tot_lines: 90000
[2012-12-02 21:42:20.108232] 1600000:nyc
[2012-12-02 21:42:20.489432] /Users/gaurav/Documents/Work/Projects/DataMining/uncompressed/locations_all/gardenhose.2012-11-10.gz.data::tot_lines: 100000
[2012-12-02 21:42:21.182135] /Users/gaurav/Documents/Work/Projects/DataMining/uncompressed/locations_all/gardenhose.2012-11-10.gz.data::tot_lines: 110000
[2012-12-02 21:42:21.848853] /Users/gaurav/Documents/Work/Projects/DataMining/uncompressed/locations_all/gardenhose.2012-11-10.gz.data::tot_lines: 120000
[2012-12-02 21:42:22.550095] /Users/gaurav/Documents/Work/Projects/DataMining/uncompressed/locations_all/gardenhose.2012-11-10.gz.data::tot_lines: 130000
[2012-12-02 21:42:23.112769] /Users/gaurav/Documents/Work/Projects/DataMining/uncompressed/locations_all/gardenhose.2012-11-10.gz.data::tot_lines: 137096
[2012-12-02 21:42:23.112845] Processing file: /Users/gaurav/Documents/Work/Projects/DataMining/uncompressed/locations_all/gardenhose.2012-11-11.gz.data
[2012-12-02 21:42:23.929760] /Users/gaurav/Documents/Work/Projects/DataMining/uncompressed/locations_all/gardenhose.2012-11-11.gz.data::tot_lines: 10000
[2012-12-02 21:42:24.583968] /Users/gaurav/Documents/Work/Projects/DataMining/uncompressed/locations_all/gardenhose.2012-11-11.gz.data::tot_lines: 20000
[2012-12-02 21:42:25.250180] /Users/gaurav/Documents/Work/Projects/DataMining/uncompressed/locations_all/gardenhose.2012-11-11.gz.data::tot_lines: 30000
[2012-12-02 21:42:26.004472] /Users/gaurav/Documents/Work/Projects/DataMining/uncompressed/locations_all/gardenhose.2012-11-11.gz.data::tot_lines: 40000
[2012-12-02 21:42:26.719546] /Users/gaurav/Documents/Work/Projects/DataMining/uncompressed/locations_all/gardenhose.2012-11-11.gz.data::tot_lines: 50000
[2012-12-02 21:42:27.437674] /Users/gaurav/Documents/Work/Projects/DataMining/uncompressed/locations_all/gardenhose.2012-11-11.gz.data::tot_lines: 60000
[2012-12-02 21:42:27.673241] 1700000:nyc
[2012-12-02 21:42:28.116756] /Users/gaurav/Documents/Work/Projects/DataMining/uncompressed/locations_all/gardenhose.2012-11-11.gz.data::tot_lines: 70000
[2012-12-02 21:42:28.784315] /Users/gaurav/Documents/Work/Projects/DataMining/uncompressed/locations_all/gardenhose.2012-11-11.gz.data::tot_lines: 80000
[2012-12-02 21:42:29.464904] /Users/gaurav/Documents/Work/Projects/DataMining/uncompressed/locations_all/gardenhose.2012-11-11.gz.data::tot_lines: 90000
[2012-12-02 21:42:30.131082] /Users/gaurav/Documents/Work/Projects/DataMining/uncompressed/locations_all/gardenhose.2012-11-11.gz.data::tot_lines: 100000
[2012-12-02 21:42:30.878789] /Users/gaurav/Documents/Work/Projects/DataMining/uncompressed/locations_all/gardenhose.2012-11-11.gz.data::tot_lines: 110000
[2012-12-02 21:42:31.567186] /Users/gaurav/Documents/Work/Projects/DataMining/uncompressed/locations_all/gardenhose.2012-11-11.gz.data::tot_lines: 120000
[2012-12-02 21:42:32.269169] /Users/gaurav/Documents/Work/Projects/DataMining/uncompressed/locations_all/gardenhose.2012-11-11.gz.data::tot_lines: 130000
[2012-12-02 21:42:32.934467] /Users/gaurav/Documents/Work/Projects/DataMining/uncompressed/locations_all/gardenhose.2012-11-11.gz.data::tot_lines: 140000
[2012-12-02 21:42:33.633742] /Users/gaurav/Documents/Work/Projects/DataMining/uncompressed/locations_all/gardenhose.2012-11-11.gz.data::tot_lines: 150000
[2012-12-02 21:42:34.363262] /Users/gaurav/Documents/Work/Projects/DataMining/uncompressed/locations_all/gardenhose.2012-11-11.gz.data::tot_lines: 160000
[2012-12-02 21:42:34.481406] /Users/gaurav/Documents/Work/Projects/DataMining/uncompressed/locations_all/gardenhose.2012-11-11.gz.data::tot_lines: 161816
[2012-12-02 21:42:34.481506] Processing file: /Users/gaurav/Documents/Work/Projects/DataMining/uncompressed/locations_all/gardenhose.2012-11-12.gz.data
[2012-12-02 21:42:34.825866] 1800000:nyc
[2012-12-02 21:42:35.289724] /Users/gaurav/Documents/Work/Projects/DataMining/uncompressed/locations_all/gardenhose.2012-11-12.gz.data::tot_lines: 10000
[2012-12-02 21:42:36.048270] /Users/gaurav/Documents/Work/Projects/DataMining/uncompressed/locations_all/gardenhose.2012-11-12.gz.data::tot_lines: 20000
[2012-12-02 21:42:36.735754] /Users/gaurav/Documents/Work/Projects/DataMining/uncompressed/locations_all/gardenhose.2012-11-12.gz.data::tot_lines: 30000
[2012-12-02 21:42:37.413395] /Users/gaurav/Documents/Work/Projects/DataMining/uncompressed/locations_all/gardenhose.2012-11-12.gz.data::tot_lines: 40000
[2012-12-02 21:42:38.116738] /Users/gaurav/Documents/Work/Projects/DataMining/uncompressed/locations_all/gardenhose.2012-11-12.gz.data::tot_lines: 50000
[2012-12-02 21:42:38.764120] 100000:delhi
[2012-12-02 21:42:38.808573] /Users/gaurav/Documents/Work/Projects/DataMining/uncompressed/locations_all/gardenhose.2012-11-12.gz.data::tot_lines: 60000
[2012-12-02 21:42:39.499216] /Users/gaurav/Documents/Work/Projects/DataMining/uncompressed/locations_all/gardenhose.2012-11-12.gz.data::tot_lines: 70000
[2012-12-02 21:42:40.173398] /Users/gaurav/Documents/Work/Projects/DataMining/uncompressed/locations_all/gardenhose.2012-11-12.gz.data::tot_lines: 80000
[2012-12-02 21:42:40.856960] /Users/gaurav/Documents/Work/Projects/DataMining/uncompressed/locations_all/gardenhose.2012-11-12.gz.data::tot_lines: 90000
[2012-12-02 21:42:41.573221] /Users/gaurav/Documents/Work/Projects/DataMining/uncompressed/locations_all/gardenhose.2012-11-12.gz.data::tot_lines: 100000
[2012-12-02 21:42:42.275801] /Users/gaurav/Documents/Work/Projects/DataMining/uncompressed/locations_all/gardenhose.2012-11-12.gz.data::tot_lines: 110000
[2012-12-02 21:42:42.342463] 1900000:nyc
[2012-12-02 21:42:42.952398] /Users/gaurav/Documents/Work/Projects/DataMining/uncompressed/locations_all/gardenhose.2012-11-12.gz.data::tot_lines: 120000
[2012-12-02 21:42:43.623955] /Users/gaurav/Documents/Work/Projects/DataMining/uncompressed/locations_all/gardenhose.2012-11-12.gz.data::tot_lines: 130000
[2012-12-02 21:42:44.358177] /Users/gaurav/Documents/Work/Projects/DataMining/uncompressed/locations_all/gardenhose.2012-11-12.gz.data::tot_lines: 140000
[2012-12-02 21:42:45.177031] /Users/gaurav/Documents/Work/Projects/DataMining/uncompressed/locations_all/gardenhose.2012-11-12.gz.data::tot_lines: 150000
[2012-12-02 21:42:45.975615] /Users/gaurav/Documents/Work/Projects/DataMining/uncompressed/locations_all/gardenhose.2012-11-12.gz.data::tot_lines: 160000
[2012-12-02 21:42:46.649772] /Users/gaurav/Documents/Work/Projects/DataMining/uncompressed/locations_all/gardenhose.2012-11-12.gz.data::tot_lines: 170000
[2012-12-02 21:42:46.993384] /Users/gaurav/Documents/Work/Projects/DataMining/uncompressed/locations_all/gardenhose.2012-11-12.gz.data::tot_lines: 174919
[2012-12-02 21:42:46.993459] Processing file: /Users/gaurav/Documents/Work/Projects/DataMining/uncompressed/locations_all/gardenhose.2012-11-13.gz.data
[2012-12-02 21:42:47.670387] /Users/gaurav/Documents/Work/Projects/DataMining/uncompressed/locations_all/gardenhose.2012-11-13.gz.data::tot_lines: 10000
[2012-12-02 21:42:48.364595] /Users/gaurav/Documents/Work/Projects/DataMining/uncompressed/locations_all/gardenhose.2012-11-13.gz.data::tot_lines: 20000
[2012-12-02 21:42:49.039250] /Users/gaurav/Documents/Work/Projects/DataMining/uncompressed/locations_all/gardenhose.2012-11-13.gz.data::tot_lines: 30000
[2012-12-02 21:42:49.704349] /Users/gaurav/Documents/Work/Projects/DataMining/uncompressed/locations_all/gardenhose.2012-11-13.gz.data::tot_lines: 40000
[2012-12-02 21:42:49.775067] 2000000:nyc
[2012-12-02 21:42:50.353344] /Users/gaurav/Documents/Work/Projects/DataMining/uncompressed/locations_all/gardenhose.2012-11-13.gz.data::tot_lines: 50000
[2012-12-02 21:42:51.031782] /Users/gaurav/Documents/Work/Projects/DataMining/uncompressed/locations_all/gardenhose.2012-11-13.gz.data::tot_lines: 60000
[2012-12-02 21:42:51.743290] /Users/gaurav/Documents/Work/Projects/DataMining/uncompressed/locations_all/gardenhose.2012-11-13.gz.data::tot_lines: 70000
[2012-12-02 21:42:52.440532] /Users/gaurav/Documents/Work/Projects/DataMining/uncompressed/locations_all/gardenhose.2012-11-13.gz.data::tot_lines: 80000
[2012-12-02 21:42:53.137695] /Users/gaurav/Documents/Work/Projects/DataMining/uncompressed/locations_all/gardenhose.2012-11-13.gz.data::tot_lines: 90000
[2012-12-02 21:42:53.917041] /Users/gaurav/Documents/Work/Projects/DataMining/uncompressed/locations_all/gardenhose.2012-11-13.gz.data::tot_lines: 100000
[2012-12-02 21:42:54.725992] /Users/gaurav/Documents/Work/Projects/DataMining/uncompressed/locations_all/gardenhose.2012-11-13.gz.data::tot_lines: 110000
[2012-12-02 21:42:55.499729] /Users/gaurav/Documents/Work/Projects/DataMining/uncompressed/locations_all/gardenhose.2012-11-13.gz.data::tot_lines: 120000
[2012-12-02 21:42:56.190288] /Users/gaurav/Documents/Work/Projects/DataMining/uncompressed/locations_all/gardenhose.2012-11-13.gz.data::tot_lines: 130000
[2012-12-02 21:42:56.910542] /Users/gaurav/Documents/Work/Projects/DataMining/uncompressed/locations_all/gardenhose.2012-11-13.gz.data::tot_lines: 140000
[2012-12-02 21:42:57.162510] 2100000:nyc
[2012-12-02 21:42:57.194457] /Users/gaurav/Documents/Work/Projects/DataMining/uncompressed/locations_all/gardenhose.2012-11-13.gz.data::tot_lines: 144147
[2012-12-02 21:42:57.194540] Processing file: /Users/gaurav/Documents/Work/Projects/DataMining/uncompressed/locations_all/gardenhose.2012-11-14.gz.data
[2012-12-02 21:42:57.851713] /Users/gaurav/Documents/Work/Projects/DataMining/uncompressed/locations_all/gardenhose.2012-11-14.gz.data::tot_lines: 10000
[2012-12-02 21:42:58.547368] /Users/gaurav/Documents/Work/Projects/DataMining/uncompressed/locations_all/gardenhose.2012-11-14.gz.data::tot_lines: 20000
[2012-12-02 21:42:59.236856] /Users/gaurav/Documents/Work/Projects/DataMining/uncompressed/locations_all/gardenhose.2012-11-14.gz.data::tot_lines: 30000
[2012-12-02 21:42:59.924053] /Users/gaurav/Documents/Work/Projects/DataMining/uncompressed/locations_all/gardenhose.2012-11-14.gz.data::tot_lines: 40000
[2012-12-02 21:43:00.611921] /Users/gaurav/Documents/Work/Projects/DataMining/uncompressed/locations_all/gardenhose.2012-11-14.gz.data::tot_lines: 50000
[2012-12-02 21:43:01.293789] /Users/gaurav/Documents/Work/Projects/DataMining/uncompressed/locations_all/gardenhose.2012-11-14.gz.data::tot_lines: 60000
[2012-12-02 21:43:02.026831] /Users/gaurav/Documents/Work/Projects/DataMining/uncompressed/locations_all/gardenhose.2012-11-14.gz.data::tot_lines: 70000
[2012-12-02 21:43:02.747853] /Users/gaurav/Documents/Work/Projects/DataMining/uncompressed/locations_all/gardenhose.2012-11-14.gz.data::tot_lines: 80000
[2012-12-02 21:43:03.435295] /Users/gaurav/Documents/Work/Projects/DataMining/uncompressed/locations_all/gardenhose.2012-11-14.gz.data::tot_lines: 90000
[2012-12-02 21:43:04.108509] /Users/gaurav/Documents/Work/Projects/DataMining/uncompressed/locations_all/gardenhose.2012-11-14.gz.data::tot_lines: 100000
[2012-12-02 21:43:04.517632] 2200000:nyc
[2012-12-02 21:43:04.801725] /Users/gaurav/Documents/Work/Projects/DataMining/uncompressed/locations_all/gardenhose.2012-11-14.gz.data::tot_lines: 110000
[2012-12-02 21:43:05.591660] /Users/gaurav/Documents/Work/Projects/DataMining/uncompressed/locations_all/gardenhose.2012-11-14.gz.data::tot_lines: 120000
[2012-12-02 21:43:06.278099] /Users/gaurav/Documents/Work/Projects/DataMining/uncompressed/locations_all/gardenhose.2012-11-14.gz.data::tot_lines: 130000
[2012-12-02 21:43:06.889227] /Users/gaurav/Documents/Work/Projects/DataMining/uncompressed/locations_all/gardenhose.2012-11-14.gz.data::tot_lines: 138778
[2012-12-02 21:43:06.889307] Processing file: /Users/gaurav/Documents/Work/Projects/DataMining/uncompressed/locations_all/gardenhose.2012-11-15.gz.data
[2012-12-02 21:43:07.597144] /Users/gaurav/Documents/Work/Projects/DataMining/uncompressed/locations_all/gardenhose.2012-11-15.gz.data::tot_lines: 10000
[2012-12-02 21:43:08.262645] /Users/gaurav/Documents/Work/Projects/DataMining/uncompressed/locations_all/gardenhose.2012-11-15.gz.data::tot_lines: 20000
[2012-12-02 21:43:09.028056] /Users/gaurav/Documents/Work/Projects/DataMining/uncompressed/locations_all/gardenhose.2012-11-15.gz.data::tot_lines: 30000
[2012-12-02 21:43:09.733946] /Users/gaurav/Documents/Work/Projects/DataMining/uncompressed/locations_all/gardenhose.2012-11-15.gz.data::tot_lines: 40000
[2012-12-02 21:43:10.412242] /Users/gaurav/Documents/Work/Projects/DataMining/uncompressed/locations_all/gardenhose.2012-11-15.gz.data::tot_lines: 50000
[2012-12-02 21:43:11.097174] /Users/gaurav/Documents/Work/Projects/DataMining/uncompressed/locations_all/gardenhose.2012-11-15.gz.data::tot_lines: 60000
[2012-12-02 21:43:11.788261] /Users/gaurav/Documents/Work/Projects/DataMining/uncompressed/locations_all/gardenhose.2012-11-15.gz.data::tot_lines: 70000
[2012-12-02 21:43:12.063614] 2300000:nyc
[2012-12-02 21:43:12.487798] /Users/gaurav/Documents/Work/Projects/DataMining/uncompressed/locations_all/gardenhose.2012-11-15.gz.data::tot_lines: 80000
[2012-12-02 21:43:13.199812] /Users/gaurav/Documents/Work/Projects/DataMining/uncompressed/locations_all/gardenhose.2012-11-15.gz.data::tot_lines: 90000
[2012-12-02 21:43:13.906788] /Users/gaurav/Documents/Work/Projects/DataMining/uncompressed/locations_all/gardenhose.2012-11-15.gz.data::tot_lines: 100000
[2012-12-02 21:43:14.615184] /Users/gaurav/Documents/Work/Projects/DataMining/uncompressed/locations_all/gardenhose.2012-11-15.gz.data::tot_lines: 110000
[2012-12-02 21:43:15.397599] /Users/gaurav/Documents/Work/Projects/DataMining/uncompressed/locations_all/gardenhose.2012-11-15.gz.data::tot_lines: 120000
[2012-12-02 21:43:16.230411] /Users/gaurav/Documents/Work/Projects/DataMining/uncompressed/locations_all/gardenhose.2012-11-15.gz.data::tot_lines: 130000
[2012-12-02 21:43:16.916055] /Users/gaurav/Documents/Work/Projects/DataMining/uncompressed/locations_all/gardenhose.2012-11-15.gz.data::tot_lines: 140000
[2012-12-02 21:43:16.936397] /Users/gaurav/Documents/Work/Projects/DataMining/uncompressed/locations_all/gardenhose.2012-11-15.gz.data::tot_lines: 140304
